[0.812s] DEBUG:colcon:Command line arguments: ['/usr/bin/colcon', 'build']
[0.813s] DEBUG:colcon:Parsed command line arguments: Namespace(log_base=None, log_level=None, verb_name='build', build_base='build', install_base='install', merge_install=False, symlink_install=False, test_result_base=None, continue_on_error=False, executor='parallel', parallel_workers=4, event_handlers=None, ignore_user_meta=False, metas=['./colcon.meta'], base_paths=['.'], packages_ignore=None, packages_ignore_regex=None, paths=None, packages_up_to=None, packages_up_to_regex=None, packages_above=None, packages_above_and_dependencies=None, packages_above_depth=None, packages_select_by_dep=None, packages_skip_by_dep=None, packages_skip_up_to=None, packages_select_build_failed=False, packages_skip_build_finished=False, packages_select_test_failures=False, packages_skip_test_passed=False, packages_select=None, packages_skip=None, packages_select_regex=None, packages_skip_regex=None, packages_start=None, packages_end=None, allow_overriding=[], cmake_args=None, cmake_target=None, cmake_target_skip_unavailable=False, cmake_clean_cache=False, cmake_clean_first=False, cmake_force_configure=False, ament_cmake_args=None, catkin_cmake_args=None, catkin_skip_building_tests=False, mixin_files=None, mixin=None, verb_parser=<colcon_mixin.mixin.mixin_argument.MixinArgumentDecorator object at 0xffffabcc2d40>, verb_extension=<colcon_core.verb.build.BuildVerb object at 0xffffabdaf3a0>, main=<bound method BuildVerb.main of <colcon_core.verb.build.BuildVerb object at 0xffffabdaf3a0>>, mixin_verb=('build',))
[2.478s] Level 1:colcon.colcon_core.package_discovery:discover_packages(colcon_meta) check parameters
[2.479s] Level 1:colcon.colcon_core.package_discovery:discover_packages(recursive) check parameters
[2.479s] Level 1:colcon.colcon_core.package_discovery:discover_packages(ignore) check parameters
[2.479s] Level 1:colcon.colcon_core.package_discovery:discover_packages(path) check parameters
[2.479s] Level 1:colcon.colcon_core.package_discovery:discover_packages(colcon_meta) discover
[2.480s] Level 1:colcon.colcon_core.package_discovery:discover_packages(recursive) discover
[2.480s] INFO:colcon.colcon_core.package_discovery:Crawling recursively for packages in '/home/seav/ros2_ws'
[2.480s] Level 1:colcon.colcon_core.package_identification:_identify(.) by extensions ['ignore', 'ignore_ament_install']
[2.481s] Level 1:colcon.colcon_core.package_identification:_identify(.) by extension 'ignore'
[2.481s] Level 1:colcon.colcon_core.package_identification:_identify(.) by extension 'ignore_ament_install'
[2.482s] Level 1:colcon.colcon_core.package_identification:_identify(.) by extensions ['colcon_pkg']
[2.482s] Level 1:colcon.colcon_core.package_identification:_identify(.) by extension 'colcon_pkg'
[2.482s] Level 1:colcon.colcon_core.package_identification:_identify(.) by extensions ['colcon_meta']
[2.482s] Level 1:colcon.colcon_core.package_identification:_identify(.) by extension 'colcon_meta'
[2.482s] Level 1:colcon.colcon_core.package_identification:_identify(.) by extensions ['ros']
[2.482s] Level 1:colcon.colcon_core.package_identification:_identify(.) by extension 'ros'
[2.566s] Level 1:colcon.colcon_core.package_identification:_identify(.) by extensions ['cmake', 'python']
[2.566s] Level 1:colcon.colcon_core.package_identification:_identify(.) by extension 'cmake'
[2.566s] Level 1:colcon.colcon_core.package_identification:_identify(.) by extension 'python'
[2.566s] Level 1:colcon.colcon_core.package_identification:_identify(.) by extensions ['python_setup_py']
[2.567s] Level 1:colcon.colcon_core.package_identification:_identify(.) by extension 'python_setup_py'
[2.567s] Level 1:colcon.colcon_core.package_identification:_identify(build) by extensions ['ignore', 'ignore_ament_install']
[2.568s] Level 1:colcon.colcon_core.package_identification:_identify(build) by extension 'ignore'
[2.568s] Level 1:colcon.colcon_core.package_identification:_identify(build) ignored
[2.569s] Level 1:colcon.colcon_core.package_identification:_identify(install) by extensions ['ignore', 'ignore_ament_install']
[2.569s] Level 1:colcon.colcon_core.package_identification:_identify(install) by extension 'ignore'
[2.569s] Level 1:colcon.colcon_core.package_identification:_identify(install) ignored
[2.570s] Level 1:colcon.colcon_core.package_identification:_identify(log) by extensions ['ignore', 'ignore_ament_install']
[2.570s] Level 1:colcon.colcon_core.package_identification:_identify(log) by extension 'ignore'
[2.570s] Level 1:colcon.colcon_core.package_identification:_identify(log) ignored
[2.571s] Level 1:colcon.colcon_core.package_identification:_identify(src) by extensions ['ignore', 'ignore_ament_install']
[2.571s] Level 1:colcon.colcon_core.package_identification:_identify(src) by extension 'ignore'
[2.572s] Level 1:colcon.colcon_core.package_identification:_identify(src) by extension 'ignore_ament_install'
[2.572s] Level 1:colcon.colcon_core.package_identification:_identify(src) by extensions ['colcon_pkg']
[2.572s] Level 1:colcon.colcon_core.package_identification:_identify(src) by extension 'colcon_pkg'
[2.572s] Level 1:colcon.colcon_core.package_identification:_identify(src) by extensions ['colcon_meta']
[2.572s] Level 1:colcon.colcon_core.package_identification:_identify(src) by extension 'colcon_meta'
[2.573s] Level 1:colcon.colcon_core.package_identification:_identify(src) by extensions ['ros']
[2.573s] Level 1:colcon.colcon_core.package_identification:_identify(src) by extension 'ros'
[2.573s] Level 1:colcon.colcon_core.package_identification:_identify(src) by extensions ['cmake', 'python']
[2.573s] Level 1:colcon.colcon_core.package_identification:_identify(src) by extension 'cmake'
[2.574s] Level 1:colcon.colcon_core.package_identification:_identify(src) by extension 'python'
[2.574s] Level 1:colcon.colcon_core.package_identification:_identify(src) by extensions ['python_setup_py']
[2.574s] Level 1:colcon.colcon_core.package_identification:_identify(src) by extension 'python_setup_py'
[2.575s] Level 1:colcon.colcon_core.package_identification:_identify(src/build) by extensions ['ignore', 'ignore_ament_install']
[2.575s] Level 1:colcon.colcon_core.package_identification:_identify(src/build) by extension 'ignore'
[2.576s] Level 1:colcon.colcon_core.package_identification:_identify(src/build) ignored
[2.576s] Level 1:colcon.colcon_core.package_identification:_identify(src/imu) by extensions ['ignore', 'ignore_ament_install']
[2.577s] Level 1:colcon.colcon_core.package_identification:_identify(src/imu) by extension 'ignore'
[2.577s] Level 1:colcon.colcon_core.package_identification:_identify(src/imu) by extension 'ignore_ament_install'
[2.577s] Level 1:colcon.colcon_core.package_identification:_identify(src/imu) by extensions ['colcon_pkg']
[2.577s] Level 1:colcon.colcon_core.package_identification:_identify(src/imu) by extension 'colcon_pkg'
[2.577s] Level 1:colcon.colcon_core.package_identification:_identify(src/imu) by extensions ['colcon_meta']
[2.578s] Level 1:colcon.colcon_core.package_identification:_identify(src/imu) by extension 'colcon_meta'
[2.578s] Level 1:colcon.colcon_core.package_identification:_identify(src/imu) by extensions ['ros']
[2.578s] Level 1:colcon.colcon_core.package_identification:_identify(src/imu) by extension 'ros'
[2.578s] Level 1:colcon.colcon_core.package_identification:_identify(src/imu) by extensions ['cmake', 'python']
[2.579s] Level 1:colcon.colcon_core.package_identification:_identify(src/imu) by extension 'cmake'
[2.579s] Level 1:colcon.colcon_core.package_identification:_identify(src/imu) by extension 'python'
[2.579s] Level 1:colcon.colcon_core.package_identification:_identify(src/imu) by extensions ['python_setup_py']
[2.579s] Level 1:colcon.colcon_core.package_identification:_identify(src/imu) by extension 'python_setup_py'
[2.580s] Level 1:colcon.colcon_core.package_identification:_identify(src/install) by extensions ['ignore', 'ignore_ament_install']
[2.580s] Level 1:colcon.colcon_core.package_identification:_identify(src/install) by extension 'ignore'
[2.580s] Level 1:colcon.colcon_core.package_identification:_identify(src/install) ignored
[2.581s] Level 1:colcon.colcon_core.package_identification:_identify(src/log) by extensions ['ignore', 'ignore_ament_install']
[2.581s] Level 1:colcon.colcon_core.package_identification:_identify(src/log) by extension 'ignore'
[2.582s] Level 1:colcon.colcon_core.package_identification:_identify(src/log) ignored
[2.582s] Level 1:colcon.colcon_core.package_identification:_identify(src/rplidar_ros) by extensions ['ignore', 'ignore_ament_install']
[2.583s] Level 1:colcon.colcon_core.package_identification:_identify(src/rplidar_ros) by extension 'ignore'
[2.583s] Level 1:colcon.colcon_core.package_identification:_identify(src/rplidar_ros) by extension 'ignore_ament_install'
[2.583s] Level 1:colcon.colcon_core.package_identification:_identify(src/rplidar_ros) by extensions ['colcon_pkg']
[2.583s] Level 1:colcon.colcon_core.package_identification:_identify(src/rplidar_ros) by extension 'colcon_pkg'
[2.584s] Level 1:colcon.colcon_core.package_identification:_identify(src/rplidar_ros) by extensions ['colcon_meta']
[2.584s] Level 1:colcon.colcon_core.package_identification:_identify(src/rplidar_ros) by extension 'colcon_meta'
[2.584s] Level 1:colcon.colcon_core.package_identification:_identify(src/rplidar_ros) by extensions ['ros']
[2.584s] Level 1:colcon.colcon_core.package_identification:_identify(src/rplidar_ros) by extension 'ros'
[2.603s] DEBUG:colcon.colcon_core.package_identification:Package 'src/rplidar_ros' with type 'ros.ament_cmake' and name 'rplidar_ros'
[2.605s] Level 1:colcon.colcon_core.package_identification:_identify(src/seav_test_sensors) by extensions ['ignore', 'ignore_ament_install']
[2.606s] Level 1:colcon.colcon_core.package_identification:_identify(src/seav_test_sensors) by extension 'ignore'
[2.607s] Level 1:colcon.colcon_core.package_identification:_identify(src/seav_test_sensors) by extension 'ignore_ament_install'
[2.607s] Level 1:colcon.colcon_core.package_identification:_identify(src/seav_test_sensors) by extensions ['colcon_pkg']
[2.607s] Level 1:colcon.colcon_core.package_identification:_identify(src/seav_test_sensors) by extension 'colcon_pkg'
[2.608s] Level 1:colcon.colcon_core.package_identification:_identify(src/seav_test_sensors) by extensions ['colcon_meta']
[2.608s] Level 1:colcon.colcon_core.package_identification:_identify(src/seav_test_sensors) by extension 'colcon_meta'
[2.608s] Level 1:colcon.colcon_core.package_identification:_identify(src/seav_test_sensors) by extensions ['ros']
[2.608s] Level 1:colcon.colcon_core.package_identification:_identify(src/seav_test_sensors) by extension 'ros'
[2.614s] DEBUG:colcon.colcon_core.package_identification:Package 'src/seav_test_sensors' with type 'ros.ament_python' and name 'seav_test_sensors'
[2.615s] Level 1:colcon.colcon_core.package_identification:_identify(src/static_tf_publisher) by extensions ['ignore', 'ignore_ament_install']
[2.615s] Level 1:colcon.colcon_core.package_identification:_identify(src/static_tf_publisher) by extension 'ignore'
[2.616s] Level 1:colcon.colcon_core.package_identification:_identify(src/static_tf_publisher) by extension 'ignore_ament_install'
[2.616s] Level 1:colcon.colcon_core.package_identification:_identify(src/static_tf_publisher) by extensions ['colcon_pkg']
[2.616s] Level 1:colcon.colcon_core.package_identification:_identify(src/static_tf_publisher) by extension 'colcon_pkg'
[2.616s] Level 1:colcon.colcon_core.package_identification:_identify(src/static_tf_publisher) by extensions ['colcon_meta']
[2.616s] Level 1:colcon.colcon_core.package_identification:_identify(src/static_tf_publisher) by extension 'colcon_meta'
[2.617s] Level 1:colcon.colcon_core.package_identification:_identify(src/static_tf_publisher) by extensions ['ros']
[2.617s] Level 1:colcon.colcon_core.package_identification:_identify(src/static_tf_publisher) by extension 'ros'
[2.621s] DEBUG:colcon.colcon_core.package_identification:Package 'src/static_tf_publisher' with type 'ros.ament_python' and name 'static_tf_publisher'
[2.621s] Level 1:colcon.colcon_core.package_discovery:discover_packages(recursive) using defaults
[2.622s] Level 1:colcon.colcon_core.package_discovery:discover_packages(ignore) discover
[2.622s] Level 1:colcon.colcon_core.package_discovery:discover_packages(ignore) using defaults
[2.622s] Level 1:colcon.colcon_core.package_discovery:discover_packages(path) discover
[2.622s] Level 1:colcon.colcon_core.package_discovery:discover_packages(path) using defaults
[2.802s] Level 1:colcon.colcon_core.package_discovery:discover_packages(prefix_path) check parameters
[2.802s] Level 1:colcon.colcon_core.package_discovery:discover_packages(prefix_path) discover
[2.819s] DEBUG:colcon.colcon_installed_package_information.package_discovery:Found 4 installed packages in /home/seav/ros2_ws/install
[2.832s] DEBUG:colcon.colcon_installed_package_information.package_discovery:Found 314 installed packages in /opt/ros/humble
[2.842s] Level 1:colcon.colcon_core.package_discovery:discover_packages(prefix_path) using defaults
[3.078s] Level 5:colcon.colcon_core.verb:set package 'rplidar_ros' build argument 'cmake_args' from command line to 'None'
[3.078s] Level 5:colcon.colcon_core.verb:set package 'rplidar_ros' build argument 'cmake_target' from command line to 'None'
[3.078s] Level 5:colcon.colcon_core.verb:set package 'rplidar_ros' build argument 'cmake_target_skip_unavailable' from command line to 'False'
[3.079s] Level 5:colcon.colcon_core.verb:set package 'rplidar_ros' build argument 'cmake_clean_cache' from command line to 'False'
[3.079s] Level 5:colcon.colcon_core.verb:set package 'rplidar_ros' build argument 'cmake_clean_first' from command line to 'False'
[3.079s] Level 5:colcon.colcon_core.verb:set package 'rplidar_ros' build argument 'cmake_force_configure' from command line to 'False'
[3.079s] Level 5:colcon.colcon_core.verb:set package 'rplidar_ros' build argument 'ament_cmake_args' from command line to 'None'
[3.079s] Level 5:colcon.colcon_core.verb:set package 'rplidar_ros' build argument 'catkin_cmake_args' from command line to 'None'
[3.079s] Level 5:colcon.colcon_core.verb:set package 'rplidar_ros' build argument 'catkin_skip_building_tests' from command line to 'False'
[3.079s] DEBUG:colcon.colcon_core.verb:Building package 'rplidar_ros' with the following arguments: {'ament_cmake_args': None, 'build_base': '/home/seav/ros2_ws/build/rplidar_ros', 'catkin_cmake_args': None, 'catkin_skip_building_tests': False, 'cmake_args': None, 'cmake_clean_cache': False, 'cmake_clean_first': False, 'cmake_force_configure': False, 'cmake_target': None, 'cmake_target_skip_unavailable': False, 'install_base': '/home/seav/ros2_ws/install/rplidar_ros', 'merge_install': False, 'path': '/home/seav/ros2_ws/src/rplidar_ros', 'symlink_install': False, 'test_result_base': None}
[3.081s] Level 5:colcon.colcon_core.verb:set package 'seav_test_sensors' build argument 'cmake_args' from command line to 'None'
[3.081s] Level 5:colcon.colcon_core.verb:set package 'seav_test_sensors' build argument 'cmake_target' from command line to 'None'
[3.081s] Level 5:colcon.colcon_core.verb:set package 'seav_test_sensors' build argument 'cmake_target_skip_unavailable' from command line to 'False'
[3.082s] Level 5:colcon.colcon_core.verb:set package 'seav_test_sensors' build argument 'cmake_clean_cache' from command line to 'False'
[3.082s] Level 5:colcon.colcon_core.verb:set package 'seav_test_sensors' build argument 'cmake_clean_first' from command line to 'False'
[3.082s] Level 5:colcon.colcon_core.verb:set package 'seav_test_sensors' build argument 'cmake_force_configure' from command line to 'False'
[3.082s] Level 5:colcon.colcon_core.verb:set package 'seav_test_sensors' build argument 'ament_cmake_args' from command line to 'None'
[3.082s] Level 5:colcon.colcon_core.verb:set package 'seav_test_sensors' build argument 'catkin_cmake_args' from command line to 'None'
[3.082s] Level 5:colcon.colcon_core.verb:set package 'seav_test_sensors' build argument 'catkin_skip_building_tests' from command line to 'False'
[3.082s] DEBUG:colcon.colcon_core.verb:Building package 'seav_test_sensors' with the following arguments: {'ament_cmake_args': None, 'build_base': '/home/seav/ros2_ws/build/seav_test_sensors', 'catkin_cmake_args': None, 'catkin_skip_building_tests': False, 'cmake_args': None, 'cmake_clean_cache': False, 'cmake_clean_first': False, 'cmake_force_configure': False, 'cmake_target': None, 'cmake_target_skip_unavailable': False, 'install_base': '/home/seav/ros2_ws/install/seav_test_sensors', 'merge_install': False, 'path': '/home/seav/ros2_ws/src/seav_test_sensors', 'symlink_install': False, 'test_result_base': None}
[3.084s] Level 5:colcon.colcon_core.verb:set package 'static_tf_publisher' build argument 'cmake_args' from command line to 'None'
[3.084s] Level 5:colcon.colcon_core.verb:set package 'static_tf_publisher' build argument 'cmake_target' from command line to 'None'
[3.084s] Level 5:colcon.colcon_core.verb:set package 'static_tf_publisher' build argument 'cmake_target_skip_unavailable' from command line to 'False'
[3.084s] Level 5:colcon.colcon_core.verb:set package 'static_tf_publisher' build argument 'cmake_clean_cache' from command line to 'False'
[3.085s] Level 5:colcon.colcon_core.verb:set package 'static_tf_publisher' build argument 'cmake_clean_first' from command line to 'False'
[3.085s] Level 5:colcon.colcon_core.verb:set package 'static_tf_publisher' build argument 'cmake_force_configure' from command line to 'False'
[3.085s] Level 5:colcon.colcon_core.verb:set package 'static_tf_publisher' build argument 'ament_cmake_args' from command line to 'None'
[3.085s] Level 5:colcon.colcon_core.verb:set package 'static_tf_publisher' build argument 'catkin_cmake_args' from command line to 'None'
[3.085s] Level 5:colcon.colcon_core.verb:set package 'static_tf_publisher' build argument 'catkin_skip_building_tests' from command line to 'False'
[3.085s] DEBUG:colcon.colcon_core.verb:Building package 'static_tf_publisher' with the following arguments: {'ament_cmake_args': None, 'build_base': '/home/seav/ros2_ws/build/static_tf_publisher', 'catkin_cmake_args': None, 'catkin_skip_building_tests': False, 'cmake_args': None, 'cmake_clean_cache': False, 'cmake_clean_first': False, 'cmake_force_configure': False, 'cmake_target': None, 'cmake_target_skip_unavailable': False, 'install_base': '/home/seav/ros2_ws/install/static_tf_publisher', 'merge_install': False, 'path': '/home/seav/ros2_ws/src/static_tf_publisher', 'symlink_install': False, 'test_result_base': None}
[3.086s] INFO:colcon.colcon_core.executor:Executing jobs using 'parallel' executor
[3.089s] DEBUG:colcon.colcon_parallel_executor.executor.parallel:run_until_complete
[3.091s] INFO:colcon.colcon_ros.task.ament_cmake.build:Building ROS package in '/home/seav/ros2_ws/src/rplidar_ros' with build type 'ament_cmake'
[3.091s] INFO:colcon.colcon_cmake.task.cmake.build:Building CMake package in '/home/seav/ros2_ws/src/rplidar_ros'
[3.112s] INFO:colcon.colcon_core.plugin_system:Skipping extension 'colcon_core.shell.bat': Not used on non-Windows systems
[3.113s] INFO:colcon.colcon_core.shell:Skip shell extension 'powershell' for command environment: Not usable outside of PowerShell
[3.114s] DEBUG:colcon.colcon_core.shell:Skip shell extension 'dsv' for command environment
[3.147s] INFO:colcon.colcon_ros.task.ament_python.build:Building ROS package in '/home/seav/ros2_ws/src/seav_test_sensors' with build type 'ament_python'
[3.149s] Level 1:colcon.colcon_core.shell:create_environment_hook('seav_test_sensors', 'ament_prefix_path')
[3.151s] INFO:colcon.colcon_core.shell:Creating environment hook '/home/seav/ros2_ws/install/seav_test_sensors/share/seav_test_sensors/hook/ament_prefix_path.ps1'
[3.156s] INFO:colcon.colcon_core.shell:Creating environment descriptor '/home/seav/ros2_ws/install/seav_test_sensors/share/seav_test_sensors/hook/ament_prefix_path.dsv'
[3.161s] INFO:colcon.colcon_core.shell:Creating environment hook '/home/seav/ros2_ws/install/seav_test_sensors/share/seav_test_sensors/hook/ament_prefix_path.sh'
[3.169s] INFO:colcon.colcon_core.shell:Skip shell extension 'powershell' for command environment: Not usable outside of PowerShell
[3.170s] DEBUG:colcon.colcon_core.shell:Skip shell extension 'dsv' for command environment
[3.207s] INFO:colcon.colcon_ros.task.ament_python.build:Building ROS package in '/home/seav/ros2_ws/src/static_tf_publisher' with build type 'ament_python'
[3.208s] Level 1:colcon.colcon_core.shell:create_environment_hook('static_tf_publisher', 'ament_prefix_path')
[3.210s] INFO:colcon.colcon_core.shell:Creating environment hook '/home/seav/ros2_ws/install/static_tf_publisher/share/static_tf_publisher/hook/ament_prefix_path.ps1'
[3.214s] INFO:colcon.colcon_core.shell:Creating environment descriptor '/home/seav/ros2_ws/install/static_tf_publisher/share/static_tf_publisher/hook/ament_prefix_path.dsv'
[3.216s] INFO:colcon.colcon_core.shell:Creating environment hook '/home/seav/ros2_ws/install/static_tf_publisher/share/static_tf_publisher/hook/ament_prefix_path.sh'
[3.220s] INFO:colcon.colcon_core.shell:Skip shell extension 'powershell' for command environment: Not usable outside of PowerShell
[3.221s] DEBUG:colcon.colcon_core.shell:Skip shell extension 'dsv' for command environment
[3.293s] DEBUG:colcon.colcon_core.event_handler.log_command:Invoking command in '/home/seav/ros2_ws/build/rplidar_ros': CMAKE_PREFIX_PATH=${CMAKE_PREFIX_PATH}:/home/seav/ros2_ws/install/static_tf_publisher:/home/seav/ros2_ws/install/seav_test_sensors:/opt/ros/humble /usr/bin/cmake --build /home/seav/ros2_ws/build/rplidar_ros -- -j4 -l4
[5.322s] INFO:colcon.colcon_core.task.python.build:Building Python package in '/home/seav/ros2_ws/src/seav_test_sensors'
[5.324s] INFO:colcon.colcon_core.shell:Skip shell extension 'powershell' for command environment: Not usable outside of PowerShell
[5.326s] DEBUG:colcon.colcon_core.shell:Skip shell extension 'dsv' for command environment
[7.130s] INFO:colcon.colcon_core.task.python.build:Building Python package in '/home/seav/ros2_ws/src/static_tf_publisher'
[7.131s] INFO:colcon.colcon_core.shell:Skip shell extension 'powershell' for command environment: Not usable outside of PowerShell
[7.132s] DEBUG:colcon.colcon_core.shell:Skip shell extension 'dsv' for command environment
[7.161s] DEBUG:colcon.colcon_core.event_handler.log_command:Invoked command in '/home/seav/ros2_ws/build/rplidar_ros' returned '0': CMAKE_PREFIX_PATH=${CMAKE_PREFIX_PATH}:/home/seav/ros2_ws/install/static_tf_publisher:/home/seav/ros2_ws/install/seav_test_sensors:/opt/ros/humble /usr/bin/cmake --build /home/seav/ros2_ws/build/rplidar_ros -- -j4 -l4
[7.941s] DEBUG:colcon.colcon_core.event_handler.log_command:Invoking command in '/home/seav/ros2_ws/build/rplidar_ros': CMAKE_PREFIX_PATH=${CMAKE_PREFIX_PATH}:/home/seav/ros2_ws/install/static_tf_publisher:/home/seav/ros2_ws/install/seav_test_sensors:/opt/ros/humble /usr/bin/cmake --install /home/seav/ros2_ws/build/rplidar_ros
[8.073s] Level 1:colcon.colcon_core.environment:create_environment_scripts_only(rplidar_ros)
[8.099s] DEBUG:colcon.colcon_core.event_handler.log_command:Invoked command in '/home/seav/ros2_ws/build/rplidar_ros' returned '0': CMAKE_PREFIX_PATH=${CMAKE_PREFIX_PATH}:/home/seav/ros2_ws/install/static_tf_publisher:/home/seav/ros2_ws/install/seav_test_sensors:/opt/ros/humble /usr/bin/cmake --install /home/seav/ros2_ws/build/rplidar_ros
[8.130s] Level 1:colcon.colcon_core.environment:checking '/home/seav/ros2_ws/install/rplidar_ros' for CMake module files
[8.134s] Level 1:colcon.colcon_core.environment:checking '/home/seav/ros2_ws/install/rplidar_ros' for CMake config files
[8.138s] Level 1:colcon.colcon_core.shell:create_environment_hook('rplidar_ros', 'cmake_prefix_path')
[8.140s] INFO:colcon.colcon_core.shell:Creating environment hook '/home/seav/ros2_ws/install/rplidar_ros/share/rplidar_ros/hook/cmake_prefix_path.ps1'
[8.143s] INFO:colcon.colcon_core.shell:Creating environment descriptor '/home/seav/ros2_ws/install/rplidar_ros/share/rplidar_ros/hook/cmake_prefix_path.dsv'
[8.145s] INFO:colcon.colcon_core.shell:Creating environment hook '/home/seav/ros2_ws/install/rplidar_ros/share/rplidar_ros/hook/cmake_prefix_path.sh'
[8.149s] Level 1:colcon.colcon_core.environment:checking '/home/seav/ros2_ws/install/rplidar_ros/lib'
[8.151s] Level 1:colcon.colcon_core.environment:checking '/home/seav/ros2_ws/install/rplidar_ros/bin'
[8.151s] Level 1:colcon.colcon_core.environment:checking '/home/seav/ros2_ws/install/rplidar_ros/lib/pkgconfig/rplidar_ros.pc'
[8.152s] Level 1:colcon.colcon_core.environment:checking '/home/seav/ros2_ws/install/rplidar_ros/lib/python3.10/site-packages'
[8.154s] Level 1:colcon.colcon_core.environment:checking '/home/seav/ros2_ws/install/rplidar_ros/bin'
[8.155s] INFO:colcon.colcon_core.shell:Creating package script '/home/seav/ros2_ws/install/rplidar_ros/share/rplidar_ros/package.ps1'
[8.162s] INFO:colcon.colcon_core.shell:Creating package descriptor '/home/seav/ros2_ws/install/rplidar_ros/share/rplidar_ros/package.dsv'
[8.167s] INFO:colcon.colcon_core.shell:Creating package script '/home/seav/ros2_ws/install/rplidar_ros/share/rplidar_ros/package.sh'
[8.173s] INFO:colcon.colcon_core.shell:Creating package script '/home/seav/ros2_ws/install/rplidar_ros/share/rplidar_ros/package.bash'
[8.180s] INFO:colcon.colcon_core.shell:Creating package script '/home/seav/ros2_ws/install/rplidar_ros/share/rplidar_ros/package.zsh'
[8.185s] Level 1:colcon.colcon_core.environment:create_file_with_runtime_dependencies(/home/seav/ros2_ws/install/rplidar_ros/share/colcon-core/packages/rplidar_ros)
[8.846s] Level 1:colcon.colcon_core.environment:create_environment_scripts_only(rplidar_ros)
[8.848s] Level 1:colcon.colcon_core.environment:checking '/home/seav/ros2_ws/install/rplidar_ros' for CMake module files
[8.852s] Level 1:colcon.colcon_core.environment:checking '/home/seav/ros2_ws/install/rplidar_ros' for CMake config files
[8.856s] Level 1:colcon.colcon_core.shell:create_environment_hook('rplidar_ros', 'cmake_prefix_path')
[8.857s] INFO:colcon.colcon_core.shell:Creating environment hook '/home/seav/ros2_ws/install/rplidar_ros/share/rplidar_ros/hook/cmake_prefix_path.ps1'
[8.860s] INFO:colcon.colcon_core.shell:Creating environment descriptor '/home/seav/ros2_ws/install/rplidar_ros/share/rplidar_ros/hook/cmake_prefix_path.dsv'
[8.862s] INFO:colcon.colcon_core.shell:Creating environment hook '/home/seav/ros2_ws/install/rplidar_ros/share/rplidar_ros/hook/cmake_prefix_path.sh'
[8.866s] Level 1:colcon.colcon_core.environment:checking '/home/seav/ros2_ws/install/rplidar_ros/lib'
[8.867s] Level 1:colcon.colcon_core.environment:checking '/home/seav/ros2_ws/install/rplidar_ros/bin'
[8.868s] Level 1:colcon.colcon_core.environment:checking '/home/seav/ros2_ws/install/rplidar_ros/lib/pkgconfig/rplidar_ros.pc'
[8.869s] Level 1:colcon.colcon_core.environment:checking '/home/seav/ros2_ws/install/rplidar_ros/lib/python3.10/site-packages'
[8.870s] Level 1:colcon.colcon_core.environment:checking '/home/seav/ros2_ws/install/rplidar_ros/bin'
[8.872s] INFO:colcon.colcon_core.shell:Creating package script '/home/seav/ros2_ws/install/rplidar_ros/share/rplidar_ros/package.ps1'
[8.875s] INFO:colcon.colcon_core.shell:Creating package descriptor '/home/seav/ros2_ws/install/rplidar_ros/share/rplidar_ros/package.dsv'
[8.878s] INFO:colcon.colcon_core.shell:Creating package script '/home/seav/ros2_ws/install/rplidar_ros/share/rplidar_ros/package.sh'
[8.882s] INFO:colcon.colcon_core.shell:Creating package script '/home/seav/ros2_ws/install/rplidar_ros/share/rplidar_ros/package.bash'
[8.884s] INFO:colcon.colcon_core.shell:Creating package script '/home/seav/ros2_ws/install/rplidar_ros/share/rplidar_ros/package.zsh'
[8.887s] Level 1:colcon.colcon_core.environment:create_file_with_runtime_dependencies(/home/seav/ros2_ws/install/rplidar_ros/share/colcon-core/packages/rplidar_ros)
[10.395s] DEBUG:colcon.colcon_core.event_handler.log_command:Invoking command in '/home/seav/ros2_ws/src/static_tf_publisher': PYTHONPATH=/home/seav/ros2_ws/build/static_tf_publisher/prefix_override:/usr/lib/python3/dist-packages/colcon_core/task/python/colcon_distutils_commands:/home/seav/ros2_ws/install/static_tf_publisher/lib/python3.10/site-packages:${PYTHONPATH} /usr/bin/python3 -W ignore:setup.py install is deprecated setup.py egg_info --egg-base ../../build/static_tf_publisher build --build-base /home/seav/ros2_ws/build/static_tf_publisher/build install --record /home/seav/ros2_ws/build/static_tf_publisher/install.log --single-version-externally-managed install_data
[10.403s] DEBUG:colcon.colcon_core.event_handler.log_command:Invoking command in '/home/seav/ros2_ws/src/seav_test_sensors': PYTHONPATH=/home/seav/ros2_ws/build/seav_test_sensors/prefix_override:/usr/lib/python3/dist-packages/colcon_core/task/python/colcon_distutils_commands:/home/seav/ros2_ws/install/seav_test_sensors/lib/python3.10/site-packages:${PYTHONPATH} /usr/bin/python3 -W ignore:setup.py install is deprecated setup.py egg_info --egg-base ../../build/seav_test_sensors build --build-base /home/seav/ros2_ws/build/seav_test_sensors/build install --record /home/seav/ros2_ws/build/seav_test_sensors/install.log --single-version-externally-managed install_data
[12.767s] Level 1:colcon.colcon_core.environment:checking '/home/seav/ros2_ws/install/static_tf_publisher' for CMake module files
[12.771s] DEBUG:colcon.colcon_core.event_handler.log_command:Invoked command in '/home/seav/ros2_ws/src/static_tf_publisher' returned '0': PYTHONPATH=/home/seav/ros2_ws/build/static_tf_publisher/prefix_override:/usr/lib/python3/dist-packages/colcon_core/task/python/colcon_distutils_commands:/home/seav/ros2_ws/install/static_tf_publisher/lib/python3.10/site-packages:${PYTHONPATH} /usr/bin/python3 -W ignore:setup.py install is deprecated setup.py egg_info --egg-base ../../build/static_tf_publisher build --build-base /home/seav/ros2_ws/build/static_tf_publisher/build install --record /home/seav/ros2_ws/build/static_tf_publisher/install.log --single-version-externally-managed install_data
[12.774s] Level 1:colcon.colcon_core.environment:checking '/home/seav/ros2_ws/install/static_tf_publisher' for CMake config files
[12.783s] Level 1:colcon.colcon_core.environment:checking '/home/seav/ros2_ws/install/static_tf_publisher/lib'
[12.785s] Level 1:colcon.colcon_core.environment:checking '/home/seav/ros2_ws/install/static_tf_publisher/bin'
[12.785s] Level 1:colcon.colcon_core.environment:checking '/home/seav/ros2_ws/install/static_tf_publisher/lib/pkgconfig/static_tf_publisher.pc'
[12.787s] Level 1:colcon.colcon_core.environment:checking '/home/seav/ros2_ws/install/static_tf_publisher/lib/python3.10/site-packages'
[12.787s] Level 1:colcon.colcon_core.shell:create_environment_hook('static_tf_publisher', 'pythonpath')
[12.788s] INFO:colcon.colcon_core.shell:Creating environment hook '/home/seav/ros2_ws/install/static_tf_publisher/share/static_tf_publisher/hook/pythonpath.ps1'
[12.793s] INFO:colcon.colcon_core.shell:Creating environment descriptor '/home/seav/ros2_ws/install/static_tf_publisher/share/static_tf_publisher/hook/pythonpath.dsv'
[12.798s] INFO:colcon.colcon_core.shell:Creating environment hook '/home/seav/ros2_ws/install/static_tf_publisher/share/static_tf_publisher/hook/pythonpath.sh'
[12.803s] Level 1:colcon.colcon_core.environment:checking '/home/seav/ros2_ws/install/static_tf_publisher/bin'
[12.804s] Level 1:colcon.colcon_core.environment:create_environment_scripts_only(static_tf_publisher)
[12.806s] INFO:colcon.colcon_core.shell:Creating package script '/home/seav/ros2_ws/install/static_tf_publisher/share/static_tf_publisher/package.ps1'
[12.811s] INFO:colcon.colcon_core.shell:Creating package descriptor '/home/seav/ros2_ws/install/static_tf_publisher/share/static_tf_publisher/package.dsv'
[12.814s] INFO:colcon.colcon_core.shell:Creating package script '/home/seav/ros2_ws/install/static_tf_publisher/share/static_tf_publisher/package.sh'
[12.816s] INFO:colcon.colcon_core.shell:Creating package script '/home/seav/ros2_ws/install/static_tf_publisher/share/static_tf_publisher/package.bash'
[12.819s] INFO:colcon.colcon_core.shell:Creating package script '/home/seav/ros2_ws/install/static_tf_publisher/share/static_tf_publisher/package.zsh'
[12.821s] Level 1:colcon.colcon_core.environment:create_file_with_runtime_dependencies(/home/seav/ros2_ws/install/static_tf_publisher/share/colcon-core/packages/static_tf_publisher)
[12.824s] Level 1:colcon.colcon_core.environment:checking '/home/seav/ros2_ws/install/seav_test_sensors' for CMake module files
[12.829s] DEBUG:colcon.colcon_core.event_handler.log_command:Invoked command in '/home/seav/ros2_ws/src/seav_test_sensors' returned '0': PYTHONPATH=/home/seav/ros2_ws/build/seav_test_sensors/prefix_override:/usr/lib/python3/dist-packages/colcon_core/task/python/colcon_distutils_commands:/home/seav/ros2_ws/install/seav_test_sensors/lib/python3.10/site-packages:${PYTHONPATH} /usr/bin/python3 -W ignore:setup.py install is deprecated setup.py egg_info --egg-base ../../build/seav_test_sensors build --build-base /home/seav/ros2_ws/build/seav_test_sensors/build install --record /home/seav/ros2_ws/build/seav_test_sensors/install.log --single-version-externally-managed install_data
[12.830s] Level 1:colcon.colcon_core.environment:checking '/home/seav/ros2_ws/install/seav_test_sensors' for CMake config files
[12.835s] Level 1:colcon.colcon_core.environment:checking '/home/seav/ros2_ws/install/seav_test_sensors/lib'
[12.835s] Level 1:colcon.colcon_core.environment:checking '/home/seav/ros2_ws/install/seav_test_sensors/bin'
[12.836s] Level 1:colcon.colcon_core.environment:checking '/home/seav/ros2_ws/install/seav_test_sensors/lib/pkgconfig/seav_test_sensors.pc'
[12.837s] Level 1:colcon.colcon_core.environment:checking '/home/seav/ros2_ws/install/seav_test_sensors/lib/python3.10/site-packages'
[12.838s] Level 1:colcon.colcon_core.shell:create_environment_hook('seav_test_sensors', 'pythonpath')
[12.839s] INFO:colcon.colcon_core.shell:Creating environment hook '/home/seav/ros2_ws/install/seav_test_sensors/share/seav_test_sensors/hook/pythonpath.ps1'
[12.844s] INFO:colcon.colcon_core.shell:Creating environment descriptor '/home/seav/ros2_ws/install/seav_test_sensors/share/seav_test_sensors/hook/pythonpath.dsv'
[12.849s] INFO:colcon.colcon_core.shell:Creating environment hook '/home/seav/ros2_ws/install/seav_test_sensors/share/seav_test_sensors/hook/pythonpath.sh'
[12.854s] Level 1:colcon.colcon_core.environment:checking '/home/seav/ros2_ws/install/seav_test_sensors/bin'
[12.854s] Level 1:colcon.colcon_core.environment:create_environment_scripts_only(seav_test_sensors)
[12.856s] INFO:colcon.colcon_core.shell:Creating package script '/home/seav/ros2_ws/install/seav_test_sensors/share/seav_test_sensors/package.ps1'
[12.861s] INFO:colcon.colcon_core.shell:Creating package descriptor '/home/seav/ros2_ws/install/seav_test_sensors/share/seav_test_sensors/package.dsv'
[12.864s] INFO:colcon.colcon_core.shell:Creating package script '/home/seav/ros2_ws/install/seav_test_sensors/share/seav_test_sensors/package.sh'
[12.867s] INFO:colcon.colcon_core.shell:Creating package script '/home/seav/ros2_ws/install/seav_test_sensors/share/seav_test_sensors/package.bash'
[12.870s] INFO:colcon.colcon_core.shell:Creating package script '/home/seav/ros2_ws/install/seav_test_sensors/share/seav_test_sensors/package.zsh'
[12.874s] Level 1:colcon.colcon_core.environment:create_file_with_runtime_dependencies(/home/seav/ros2_ws/install/seav_test_sensors/share/colcon-core/packages/seav_test_sensors)
[12.878s] DEBUG:colcon.colcon_parallel_executor.executor.parallel:closing loop
[12.880s] DEBUG:colcon.colcon_parallel_executor.executor.parallel:loop closed
[12.881s] DEBUG:colcon.colcon_parallel_executor.executor.parallel:run_until_complete finished with '0'
[12.882s] DEBUG:colcon.colcon_core.event_reactor:joining thread
[12.933s] INFO:colcon.colcon_core.plugin_system:Skipping extension 'colcon_notification.desktop_notification.terminal_notifier': Not used on non-Darwin systems
[12.934s] INFO:colcon.colcon_core.plugin_system:Skipping extension 'colcon_notification.desktop_notification.win32': Not used on non-Windows systems
[12.934s] INFO:colcon.colcon_notification.desktop_notification:Sending desktop notification using 'notify2'
[13.013s] DEBUG:colcon.colcon_core.event_reactor:joined thread
[13.014s] INFO:colcon.colcon_core.shell:Creating prefix script '/home/seav/ros2_ws/install/local_setup.ps1'
[13.020s] INFO:colcon.colcon_core.shell:Creating prefix util module '/home/seav/ros2_ws/install/_local_setup_util_ps1.py'
[13.033s] INFO:colcon.colcon_core.shell:Creating prefix chain script '/home/seav/ros2_ws/install/setup.ps1'
[13.045s] INFO:colcon.colcon_core.shell:Creating prefix script '/home/seav/ros2_ws/install/local_setup.sh'
[13.051s] INFO:colcon.colcon_core.shell:Creating prefix util module '/home/seav/ros2_ws/install/_local_setup_util_sh.py'
[13.055s] INFO:colcon.colcon_core.shell:Creating prefix chain script '/home/seav/ros2_ws/install/setup.sh'
[13.064s] INFO:colcon.colcon_core.shell:Creating prefix script '/home/seav/ros2_ws/install/local_setup.bash'
[13.070s] INFO:colcon.colcon_core.shell:Creating prefix chain script '/home/seav/ros2_ws/install/setup.bash'
[13.085s] INFO:colcon.colcon_core.shell:Creating prefix script '/home/seav/ros2_ws/install/local_setup.zsh'
[13.092s] INFO:colcon.colcon_core.shell:Creating prefix chain script '/home/seav/ros2_ws/install/setup.zsh'
