[18.639s] Invoking command in '/home/seav/ros2_ws/build/my_robot_controller': PYTHONPATH=/home/seav/ros2_ws/build/my_robot_controller/prefix_override:/usr/lib/python3/dist-packages/colcon_core/task/python/colcon_distutils_commands:/home/seav/ros2_ws/install/my_robot_controller/lib/python3.10/site-packages:${PYTHONPATH} /usr/bin/python3 -W ignore:setup.py install is deprecated setup.py develop --editable --build-directory /home/seav/ros2_ws/build/my_robot_controller/build --no-deps symlink_data
[26.293s] running develop
[26.304s] /usr/lib/python3/dist-packages/setuptools/command/easy_install.py:158: EasyInstallDeprecationWarning: easy_install command is deprecated. Use build and pip and other standards-based tools.
[26.308s]   warnings.warn(
[30.626s] running egg_info
[30.628s] creating my_robot_controller.egg-info
[30.635s] writing my_robot_controller.egg-info/PKG-INFO
[30.639s] writing dependency_links to my_robot_controller.egg-info/dependency_links.txt
[30.641s] writing entry points to my_robot_controller.egg-info/entry_points.txt
[30.643s] writing requirements to my_robot_controller.egg-info/requires.txt
[30.645s] writing top-level names to my_robot_controller.egg-info/top_level.txt
[30.648s] writing manifest file 'my_robot_controller.egg-info/SOURCES.txt'
[30.660s] reading manifest file 'my_robot_controller.egg-info/SOURCES.txt'
[30.668s] writing manifest file 'my_robot_controller.egg-info/SOURCES.txt'
[30.678s] running build_ext
[30.681s] Creating /home/seav/ros2_ws/install/my_robot_controller/lib/python3.10/site-packages/my-robot-controller.egg-link (link to .)
[30.687s] Installing serial_motor_controller script to /home/seav/ros2_ws/install/my_robot_controller/lib/my_robot_controller
[30.691s] 
[30.692s] Installed /home/seav/ros2_ws/build/my_robot_controller
[30.694s] running symlink_data
[30.696s] creating /home/seav/ros2_ws/install/my_robot_controller/share/ament_index
[30.701s] creating /home/seav/ros2_ws/install/my_robot_controller/share/ament_index/resource_index
[30.706s] creating /home/seav/ros2_ws/install/my_robot_controller/share/ament_index/resource_index/packages
[30.708s] symbolically linking /home/seav/ros2_ws/build/my_robot_controller/resource/my_robot_controller -> /home/seav/ros2_ws/install/my_robot_controller/share/ament_index/resource_index/packages
[30.713s] symbolically linking /home/seav/ros2_ws/build/my_robot_controller/package.xml -> /home/seav/ros2_ws/install/my_robot_controller/share/my_robot_controller
[31.024s] Invoked command in '/home/seav/ros2_ws/build/my_robot_controller' returned '0': PYTHONPATH=/home/seav/ros2_ws/build/my_robot_controller/prefix_override:/usr/lib/python3/dist-packages/colcon_core/task/python/colcon_distutils_commands:/home/seav/ros2_ws/install/my_robot_controller/lib/python3.10/site-packages:${PYTHONPATH} /usr/bin/python3 -W ignore:setup.py install is deprecated setup.py develop --editable --build-directory /home/seav/ros2_ws/build/my_robot_controller/build --no-deps symlink_data
