[0.227s] Invoking command in '/home/seav/ros2_ws/build/rplidar_ros': CMAKE_PREFIX_PATH=${CMAKE_PREFIX_PATH}:/home/seav/ros2_ws/install/static_tf_publisher:/home/seav/ros2_ws/install/seav_test_sensors:/opt/ros/humble /usr/bin/cmake --build /home/seav/ros2_ws/build/rplidar_ros -- -j4 -l4
[3.225s] [  5%] Built target rplidar_client
[3.227s] [ 52%] Built target rplidar_composition
[3.228s] [100%] Built target rplidar_node
[6.309s] Invoked command in '/home/seav/ros2_ws/build/rplidar_ros' returned '0': CMAKE_PREFIX_PATH=${CMAKE_PREFIX_PATH}:/home/seav/ros2_ws/install/static_tf_publisher:/home/seav/ros2_ws/install/seav_test_sensors:/opt/ros/humble /usr/bin/cmake --build /home/seav/ros2_ws/build/rplidar_ros -- -j4 -l4
[7.837s] Invoking command in '/home/seav/ros2_ws/build/rplidar_ros': CMAKE_PREFIX_PATH=${CMAKE_PREFIX_PATH}:/home/seav/ros2_ws/install/static_tf_publisher:/home/seav/ros2_ws/install/seav_test_sensors:/opt/ros/humble /usr/bin/cmake --install /home/seav/ros2_ws/build/rplidar_ros
[7.995s] -- Install configuration: ""
[8.000s] -- Up-to-date: /home/seav/ros2_ws/install/rplidar_ros/share/rplidar_ros/launch
[8.006s] -- Up-to-date: /home/seav/ros2_ws/install/rplidar_ros/share/rplidar_ros/launch/view_rplidar_a2m8_launch.py
[8.007s] -- Up-to-date: /home/seav/ros2_ws/install/rplidar_ros/share/rplidar_ros/launch/view_rplidar_s1_launch.py
[8.009s] -- Up-to-date: /home/seav/ros2_ws/install/rplidar_ros/share/rplidar_ros/launch/view_rplidar_a1_launch.py
[8.010s] -- Up-to-date: /home/seav/ros2_ws/install/rplidar_ros/share/rplidar_ros/launch/view_rplidar_a3_launch.py
[8.012s] -- Up-to-date: /home/seav/ros2_ws/install/rplidar_ros/share/rplidar_ros/launch/rplidar_s1_launch.py
[8.014s] -- Up-to-date: /home/seav/ros2_ws/install/rplidar_ros/share/rplidar_ros/launch/view_rplidar_s2e_launch.py
[8.019s] -- Up-to-date: /home/seav/ros2_ws/install/rplidar_ros/share/rplidar_ros/launch/view_rplidar_a2m12_launch.py
[8.020s] -- Up-to-date: /home/seav/ros2_ws/install/rplidar_ros/share/rplidar_ros/launch/rplidar_s2_launch.py
[8.021s] -- Up-to-date: /home/seav/ros2_ws/install/rplidar_ros/share/rplidar_ros/launch/rplidar_a2m8_launch.py
[8.023s] -- Up-to-date: /home/seav/ros2_ws/install/rplidar_ros/share/rplidar_ros/launch/view_rplidar_s3_launch.py
[8.024s] -- Up-to-date: /home/seav/ros2_ws/install/rplidar_ros/share/rplidar_ros/launch/rplidar_a1_launch.py
[8.024s] -- Up-to-date: /home/seav/ros2_ws/install/rplidar_ros/share/rplidar_ros/launch/rplidar_c1_launch.py
[8.025s] -- Up-to-date: /home/seav/ros2_ws/install/rplidar_ros/share/rplidar_ros/launch/rplidar_a3_launch.py
[8.026s] -- Up-to-date: /home/seav/ros2_ws/install/rplidar_ros/share/rplidar_ros/launch/view_rplidar_t1_launch.py
[8.027s] -- Up-to-date: /home/seav/ros2_ws/install/rplidar_ros/share/rplidar_ros/launch/rplidar_a2m7_launch.py
[8.028s] -- Up-to-date: /home/seav/ros2_ws/install/rplidar_ros/share/rplidar_ros/launch/rplidar_s3_launch.py
[8.029s] -- Up-to-date: /home/seav/ros2_ws/install/rplidar_ros/share/rplidar_ros/launch/rplidar_s2e_launch.py
[8.030s] -- Up-to-date: /home/seav/ros2_ws/install/rplidar_ros/share/rplidar_ros/launch/view_rplidar_a2m7_launch.py
[8.031s] -- Up-to-date: /home/seav/ros2_ws/install/rplidar_ros/share/rplidar_ros/launch/view_rplidar_s1_tcp_launch.py
[8.032s] -- Up-to-date: /home/seav/ros2_ws/install/rplidar_ros/share/rplidar_ros/launch/view_rplidar_s2_launch.py
[8.032s] -- Up-to-date: /home/seav/ros2_ws/install/rplidar_ros/share/rplidar_ros/launch/rplidar_t1_launch.py
[8.033s] -- Up-to-date: /home/seav/ros2_ws/install/rplidar_ros/share/rplidar_ros/launch/rplidar_a2m12_launch.py
[8.034s] -- Up-to-date: /home/seav/ros2_ws/install/rplidar_ros/share/rplidar_ros/launch/rplidar_s1_tcp_launch.py
[8.035s] -- Up-to-date: /home/seav/ros2_ws/install/rplidar_ros/share/rplidar_ros/launch/view_rplidar_c1_launch.py
[8.036s] -- Up-to-date: /home/seav/ros2_ws/install/rplidar_ros/share/rplidar_ros/rviz
[8.037s] -- Up-to-date: /home/seav/ros2_ws/install/rplidar_ros/share/rplidar_ros/rviz/rplidar_ros.rviz
[8.040s] -- Up-to-date: /home/seav/ros2_ws/install/rplidar_ros/lib/rplidar_ros/rplidar_node
[8.049s] -- Up-to-date: /home/seav/ros2_ws/install/rplidar_ros/lib/rplidar_ros/rplidar_composition
[8.070s] -- Up-to-date: /home/seav/ros2_ws/install/rplidar_ros/lib/rplidar_ros/rplidar_client
[8.073s] -- Up-to-date: /home/seav/ros2_ws/install/rplidar_ros/share/ament_index/resource_index/package_run_dependencies/rplidar_ros
[8.081s] -- Up-to-date: /home/seav/ros2_ws/install/rplidar_ros/share/ament_index/resource_index/parent_prefix_path/rplidar_ros
[8.085s] -- Up-to-date: /home/seav/ros2_ws/install/rplidar_ros/share/rplidar_ros/environment/ament_prefix_path.sh
[8.086s] -- Up-to-date: /home/seav/ros2_ws/install/rplidar_ros/share/rplidar_ros/environment/ament_prefix_path.dsv
[8.106s] -- Up-to-date: /home/seav/ros2_ws/install/rplidar_ros/share/rplidar_ros/environment/path.sh
[8.107s] -- Up-to-date: /home/seav/ros2_ws/install/rplidar_ros/share/rplidar_ros/environment/path.dsv
[8.108s] -- Up-to-date: /home/seav/ros2_ws/install/rplidar_ros/share/rplidar_ros/local_setup.bash
[8.108s] -- Up-to-date: /home/seav/ros2_ws/install/rplidar_ros/share/rplidar_ros/local_setup.sh
[8.109s] -- Up-to-date: /home/seav/ros2_ws/install/rplidar_ros/share/rplidar_ros/local_setup.zsh
[8.110s] -- Up-to-date: /home/seav/ros2_ws/install/rplidar_ros/share/rplidar_ros/local_setup.dsv
[8.111s] -- Installing: /home/seav/ros2_ws/install/rplidar_ros/share/rplidar_ros/package.dsv
[8.112s] -- Up-to-date: /home/seav/ros2_ws/install/rplidar_ros/share/ament_index/resource_index/packages/rplidar_ros
[8.112s] -- Up-to-date: /home/seav/ros2_ws/install/rplidar_ros/share/rplidar_ros/cmake/ament_cmake_export_dependencies-extras.cmake
[8.113s] -- Up-to-date: /home/seav/ros2_ws/install/rplidar_ros/share/rplidar_ros/cmake/ament_cmake_export_include_directories-extras.cmake
[8.114s] -- Up-to-date: /home/seav/ros2_ws/install/rplidar_ros/share/rplidar_ros/cmake/rplidar_rosConfig.cmake
[8.117s] -- Up-to-date: /home/seav/ros2_ws/install/rplidar_ros/share/rplidar_ros/cmake/rplidar_rosConfig-version.cmake
[8.162s] -- Up-to-date: /home/seav/ros2_ws/install/rplidar_ros/share/rplidar_ros/package.xml
[8.163s] Invoked command in '/home/seav/ros2_ws/build/rplidar_ros' returned '0': CMAKE_PREFIX_PATH=${CMAKE_PREFIX_PATH}:/home/seav/ros2_ws/install/static_tf_publisher:/home/seav/ros2_ws/install/seav_test_sensors:/opt/ros/humble /usr/bin/cmake --install /home/seav/ros2_ws/build/rplidar_ros
