[0.808s] DEBUG:colcon:Command line arguments: ['/usr/bin/colcon', 'build']
[0.808s] DEBUG:colcon:Parsed command line arguments: Namespace(log_base=None, log_level=None, verb_name='build', build_base='build', install_base='install', merge_install=False, symlink_install=False, test_result_base=None, continue_on_error=False, executor='parallel', parallel_workers=4, event_handlers=None, ignore_user_meta=False, metas=['./colcon.meta'], base_paths=['.'], packages_ignore=None, packages_ignore_regex=None, paths=None, packages_up_to=None, packages_up_to_regex=None, packages_above=None, packages_above_and_dependencies=None, packages_above_depth=None, packages_select_by_dep=None, packages_skip_by_dep=None, packages_skip_up_to=None, packages_select_build_failed=False, packages_skip_build_finished=False, packages_select_test_failures=False, packages_skip_test_passed=False, packages_select=None, packages_skip=None, packages_select_regex=None, packages_skip_regex=None, packages_start=None, packages_end=None, allow_overriding=[], cmake_args=None, cmake_target=None, cmake_target_skip_unavailable=False, cmake_clean_cache=False, cmake_clean_first=False, cmake_force_configure=False, ament_cmake_args=None, catkin_cmake_args=None, catkin_skip_building_tests=False, mixin_files=None, mixin=None, verb_parser=<colcon_mixin.mixin.mixin_argument.MixinArgumentDecorator object at 0xffffa459a470>, verb_extension=<colcon_core.verb.build.BuildVerb object at 0xffffa46b2a40>, main=<bound method BuildVerb.main of <colcon_core.verb.build.BuildVerb object at 0xffffa46b2a40>>, mixin_verb=('build',))
[2.264s] Level 1:colcon.colcon_core.package_discovery:discover_packages(colcon_meta) check parameters
[2.265s] Level 1:colcon.colcon_core.package_discovery:discover_packages(recursive) check parameters
[2.265s] Level 1:colcon.colcon_core.package_discovery:discover_packages(ignore) check parameters
[2.265s] Level 1:colcon.colcon_core.package_discovery:discover_packages(path) check parameters
[2.265s] Level 1:colcon.colcon_core.package_discovery:discover_packages(colcon_meta) discover
[2.266s] Level 1:colcon.colcon_core.package_discovery:discover_packages(recursive) discover
[2.266s] INFO:colcon.colcon_core.package_discovery:Crawling recursively for packages in '/home/seav/ros2_ws/src'
[2.267s] Level 1:colcon.colcon_core.package_identification:_identify(.) by extensions ['ignore', 'ignore_ament_install']
[2.267s] Level 1:colcon.colcon_core.package_identification:_identify(.) by extension 'ignore'
[2.268s] Level 1:colcon.colcon_core.package_identification:_identify(.) by extension 'ignore_ament_install'
[2.268s] Level 1:colcon.colcon_core.package_identification:_identify(.) by extensions ['colcon_pkg']
[2.268s] Level 1:colcon.colcon_core.package_identification:_identify(.) by extension 'colcon_pkg'
[2.268s] Level 1:colcon.colcon_core.package_identification:_identify(.) by extensions ['colcon_meta']
[2.269s] Level 1:colcon.colcon_core.package_identification:_identify(.) by extension 'colcon_meta'
[2.269s] Level 1:colcon.colcon_core.package_identification:_identify(.) by extensions ['ros']
[2.269s] Level 1:colcon.colcon_core.package_identification:_identify(.) by extension 'ros'
[2.348s] Level 1:colcon.colcon_core.package_identification:_identify(.) by extensions ['cmake', 'python']
[2.348s] Level 1:colcon.colcon_core.package_identification:_identify(.) by extension 'cmake'
[2.349s] Level 1:colcon.colcon_core.package_identification:_identify(.) by extension 'python'
[2.349s] Level 1:colcon.colcon_core.package_identification:_identify(.) by extensions ['python_setup_py']
[2.349s] Level 1:colcon.colcon_core.package_identification:_identify(.) by extension 'python_setup_py'
[2.350s] Level 1:colcon.colcon_core.package_identification:_identify(build) by extensions ['ignore', 'ignore_ament_install']
[2.350s] Level 1:colcon.colcon_core.package_identification:_identify(build) by extension 'ignore'
[2.350s] Level 1:colcon.colcon_core.package_identification:_identify(build) ignored
[2.351s] Level 1:colcon.colcon_core.package_identification:_identify(imu) by extensions ['ignore', 'ignore_ament_install']
[2.351s] Level 1:colcon.colcon_core.package_identification:_identify(imu) by extension 'ignore'
[2.352s] Level 1:colcon.colcon_core.package_identification:_identify(imu) by extension 'ignore_ament_install'
[2.352s] Level 1:colcon.colcon_core.package_identification:_identify(imu) by extensions ['colcon_pkg']
[2.352s] Level 1:colcon.colcon_core.package_identification:_identify(imu) by extension 'colcon_pkg'
[2.352s] Level 1:colcon.colcon_core.package_identification:_identify(imu) by extensions ['colcon_meta']
[2.352s] Level 1:colcon.colcon_core.package_identification:_identify(imu) by extension 'colcon_meta'
[2.353s] Level 1:colcon.colcon_core.package_identification:_identify(imu) by extensions ['ros']
[2.353s] Level 1:colcon.colcon_core.package_identification:_identify(imu) by extension 'ros'
[2.353s] Level 1:colcon.colcon_core.package_identification:_identify(imu) by extensions ['cmake', 'python']
[2.353s] Level 1:colcon.colcon_core.package_identification:_identify(imu) by extension 'cmake'
[2.353s] Level 1:colcon.colcon_core.package_identification:_identify(imu) by extension 'python'
[2.354s] Level 1:colcon.colcon_core.package_identification:_identify(imu) by extensions ['python_setup_py']
[2.354s] Level 1:colcon.colcon_core.package_identification:_identify(imu) by extension 'python_setup_py'
[2.355s] Level 1:colcon.colcon_core.package_identification:_identify(install) by extensions ['ignore', 'ignore_ament_install']
[2.355s] Level 1:colcon.colcon_core.package_identification:_identify(install) by extension 'ignore'
[2.355s] Level 1:colcon.colcon_core.package_identification:_identify(install) ignored
[2.356s] Level 1:colcon.colcon_core.package_identification:_identify(log) by extensions ['ignore', 'ignore_ament_install']
[2.356s] Level 1:colcon.colcon_core.package_identification:_identify(log) by extension 'ignore'
[2.356s] Level 1:colcon.colcon_core.package_identification:_identify(log) ignored
[2.358s] Level 1:colcon.colcon_core.package_identification:_identify(rplidar_ros) by extensions ['ignore', 'ignore_ament_install']
[2.358s] Level 1:colcon.colcon_core.package_identification:_identify(rplidar_ros) by extension 'ignore'
[2.358s] Level 1:colcon.colcon_core.package_identification:_identify(rplidar_ros) by extension 'ignore_ament_install'
[2.359s] Level 1:colcon.colcon_core.package_identification:_identify(rplidar_ros) by extensions ['colcon_pkg']
[2.359s] Level 1:colcon.colcon_core.package_identification:_identify(rplidar_ros) by extension 'colcon_pkg'
[2.359s] Level 1:colcon.colcon_core.package_identification:_identify(rplidar_ros) by extensions ['colcon_meta']
[2.359s] Level 1:colcon.colcon_core.package_identification:_identify(rplidar_ros) by extension 'colcon_meta'
[2.359s] Level 1:colcon.colcon_core.package_identification:_identify(rplidar_ros) by extensions ['ros']
[2.359s] Level 1:colcon.colcon_core.package_identification:_identify(rplidar_ros) by extension 'ros'
[2.376s] DEBUG:colcon.colcon_core.package_identification:Package 'rplidar_ros' with type 'ros.ament_cmake' and name 'rplidar_ros'
[2.377s] Level 1:colcon.colcon_core.package_identification:_identify(seav_test_sensors) by extensions ['ignore', 'ignore_ament_install']
[2.378s] Level 1:colcon.colcon_core.package_identification:_identify(seav_test_sensors) by extension 'ignore'
[2.378s] Level 1:colcon.colcon_core.package_identification:_identify(seav_test_sensors) by extension 'ignore_ament_install'
[2.379s] Level 1:colcon.colcon_core.package_identification:_identify(seav_test_sensors) by extensions ['colcon_pkg']
[2.379s] Level 1:colcon.colcon_core.package_identification:_identify(seav_test_sensors) by extension 'colcon_pkg'
[2.379s] Level 1:colcon.colcon_core.package_identification:_identify(seav_test_sensors) by extensions ['colcon_meta']
[2.380s] Level 1:colcon.colcon_core.package_identification:_identify(seav_test_sensors) by extension 'colcon_meta'
[2.380s] Level 1:colcon.colcon_core.package_identification:_identify(seav_test_sensors) by extensions ['ros']
[2.380s] Level 1:colcon.colcon_core.package_identification:_identify(seav_test_sensors) by extension 'ros'
[2.384s] DEBUG:colcon.colcon_core.package_identification:Package 'seav_test_sensors' with type 'ros.ament_python' and name 'seav_test_sensors'
[2.384s] Level 1:colcon.colcon_core.package_discovery:discover_packages(recursive) using defaults
[2.385s] Level 1:colcon.colcon_core.package_discovery:discover_packages(ignore) discover
[2.385s] Level 1:colcon.colcon_core.package_discovery:discover_packages(ignore) using defaults
[2.385s] Level 1:colcon.colcon_core.package_discovery:discover_packages(path) discover
[2.385s] Level 1:colcon.colcon_core.package_discovery:discover_packages(path) using defaults
[2.548s] Level 1:colcon.colcon_core.package_discovery:discover_packages(prefix_path) check parameters
[2.548s] Level 1:colcon.colcon_core.package_discovery:discover_packages(prefix_path) discover
[2.565s] DEBUG:colcon.colcon_installed_package_information.package_discovery:Found 2 installed packages in /home/seav/ros2_ws/install
[2.577s] DEBUG:colcon.colcon_installed_package_information.package_discovery:Found 270 installed packages in /opt/ros/humble
[2.585s] Level 1:colcon.colcon_core.package_discovery:discover_packages(prefix_path) using defaults
[2.788s] Level 5:colcon.colcon_core.verb:set package 'rplidar_ros' build argument 'cmake_args' from command line to 'None'
[2.788s] Level 5:colcon.colcon_core.verb:set package 'rplidar_ros' build argument 'cmake_target' from command line to 'None'
[2.788s] Level 5:colcon.colcon_core.verb:set package 'rplidar_ros' build argument 'cmake_target_skip_unavailable' from command line to 'False'
[2.789s] Level 5:colcon.colcon_core.verb:set package 'rplidar_ros' build argument 'cmake_clean_cache' from command line to 'False'
[2.789s] Level 5:colcon.colcon_core.verb:set package 'rplidar_ros' build argument 'cmake_clean_first' from command line to 'False'
[2.789s] Level 5:colcon.colcon_core.verb:set package 'rplidar_ros' build argument 'cmake_force_configure' from command line to 'False'
[2.789s] Level 5:colcon.colcon_core.verb:set package 'rplidar_ros' build argument 'ament_cmake_args' from command line to 'None'
[2.789s] Level 5:colcon.colcon_core.verb:set package 'rplidar_ros' build argument 'catkin_cmake_args' from command line to 'None'
[2.789s] Level 5:colcon.colcon_core.verb:set package 'rplidar_ros' build argument 'catkin_skip_building_tests' from command line to 'False'
[2.790s] DEBUG:colcon.colcon_core.verb:Building package 'rplidar_ros' with the following arguments: {'ament_cmake_args': None, 'build_base': '/home/seav/ros2_ws/src/build/rplidar_ros', 'catkin_cmake_args': None, 'catkin_skip_building_tests': False, 'cmake_args': None, 'cmake_clean_cache': False, 'cmake_clean_first': False, 'cmake_force_configure': False, 'cmake_target': None, 'cmake_target_skip_unavailable': False, 'install_base': '/home/seav/ros2_ws/src/install/rplidar_ros', 'merge_install': False, 'path': '/home/seav/ros2_ws/src/rplidar_ros', 'symlink_install': False, 'test_result_base': None}
[2.792s] Level 5:colcon.colcon_core.verb:set package 'seav_test_sensors' build argument 'cmake_args' from command line to 'None'
[2.792s] Level 5:colcon.colcon_core.verb:set package 'seav_test_sensors' build argument 'cmake_target' from command line to 'None'
[2.793s] Level 5:colcon.colcon_core.verb:set package 'seav_test_sensors' build argument 'cmake_target_skip_unavailable' from command line to 'False'
[2.793s] Level 5:colcon.colcon_core.verb:set package 'seav_test_sensors' build argument 'cmake_clean_cache' from command line to 'False'
[2.793s] Level 5:colcon.colcon_core.verb:set package 'seav_test_sensors' build argument 'cmake_clean_first' from command line to 'False'
[2.793s] Level 5:colcon.colcon_core.verb:set package 'seav_test_sensors' build argument 'cmake_force_configure' from command line to 'False'
[2.793s] Level 5:colcon.colcon_core.verb:set package 'seav_test_sensors' build argument 'ament_cmake_args' from command line to 'None'
[2.793s] Level 5:colcon.colcon_core.verb:set package 'seav_test_sensors' build argument 'catkin_cmake_args' from command line to 'None'
[2.793s] Level 5:colcon.colcon_core.verb:set package 'seav_test_sensors' build argument 'catkin_skip_building_tests' from command line to 'False'
[2.793s] DEBUG:colcon.colcon_core.verb:Building package 'seav_test_sensors' with the following arguments: {'ament_cmake_args': None, 'build_base': '/home/seav/ros2_ws/src/build/seav_test_sensors', 'catkin_cmake_args': None, 'catkin_skip_building_tests': False, 'cmake_args': None, 'cmake_clean_cache': False, 'cmake_clean_first': False, 'cmake_force_configure': False, 'cmake_target': None, 'cmake_target_skip_unavailable': False, 'install_base': '/home/seav/ros2_ws/src/install/seav_test_sensors', 'merge_install': False, 'path': '/home/seav/ros2_ws/src/seav_test_sensors', 'symlink_install': False, 'test_result_base': None}
[2.794s] INFO:colcon.colcon_core.executor:Executing jobs using 'parallel' executor
[2.798s] DEBUG:colcon.colcon_parallel_executor.executor.parallel:run_until_complete
[2.798s] INFO:colcon.colcon_ros.task.ament_cmake.build:Building ROS package in '/home/seav/ros2_ws/src/rplidar_ros' with build type 'ament_cmake'
[2.799s] INFO:colcon.colcon_cmake.task.cmake.build:Building CMake package in '/home/seav/ros2_ws/src/rplidar_ros'
[2.893s] INFO:colcon.colcon_core.plugin_system:Skipping extension 'colcon_core.shell.bat': Not used on non-Windows systems
[2.894s] INFO:colcon.colcon_core.shell:Skip shell extension 'powershell' for command environment: Not usable outside of PowerShell
[2.894s] DEBUG:colcon.colcon_core.shell:Skip shell extension 'dsv' for command environment
[2.921s] INFO:colcon.colcon_ros.task.ament_python.build:Building ROS package in '/home/seav/ros2_ws/src/seav_test_sensors' with build type 'ament_python'
[2.922s] Level 1:colcon.colcon_core.shell:create_environment_hook('seav_test_sensors', 'ament_prefix_path')
[2.924s] INFO:colcon.colcon_core.shell:Creating environment hook '/home/seav/ros2_ws/src/install/seav_test_sensors/share/seav_test_sensors/hook/ament_prefix_path.ps1'
[2.933s] INFO:colcon.colcon_core.shell:Creating environment descriptor '/home/seav/ros2_ws/src/install/seav_test_sensors/share/seav_test_sensors/hook/ament_prefix_path.dsv'
[2.937s] INFO:colcon.colcon_core.shell:Creating environment hook '/home/seav/ros2_ws/src/install/seav_test_sensors/share/seav_test_sensors/hook/ament_prefix_path.sh'
[2.946s] INFO:colcon.colcon_core.shell:Skip shell extension 'powershell' for command environment: Not usable outside of PowerShell
[2.947s] DEBUG:colcon.colcon_core.shell:Skip shell extension 'dsv' for command environment
[3.001s] DEBUG:colcon.colcon_core.event_handler.log_command:Invoking command in '/home/seav/ros2_ws/src/build/rplidar_ros': CMAKE_PREFIX_PATH=${CMAKE_PREFIX_PATH}:/home/seav/ros2_ws/install/seav_test_sensors:/opt/ros/humble /usr/bin/cmake --build /home/seav/ros2_ws/src/build/rplidar_ros -- -j4 -l4
[4.633s] INFO:colcon.colcon_core.task.python.build:Building Python package in '/home/seav/ros2_ws/src/seav_test_sensors'
[4.634s] INFO:colcon.colcon_core.shell:Skip shell extension 'powershell' for command environment: Not usable outside of PowerShell
[4.634s] DEBUG:colcon.colcon_core.shell:Skip shell extension 'dsv' for command environment
[4.663s] DEBUG:colcon.colcon_core.event_handler.log_command:Invoked command in '/home/seav/ros2_ws/src/build/rplidar_ros' returned '0': CMAKE_PREFIX_PATH=${CMAKE_PREFIX_PATH}:/home/seav/ros2_ws/install/seav_test_sensors:/opt/ros/humble /usr/bin/cmake --build /home/seav/ros2_ws/src/build/rplidar_ros -- -j4 -l4
[5.333s] DEBUG:colcon.colcon_core.event_handler.log_command:Invoking command in '/home/seav/ros2_ws/src/build/rplidar_ros': CMAKE_PREFIX_PATH=${CMAKE_PREFIX_PATH}:/home/seav/ros2_ws/install/seav_test_sensors:/opt/ros/humble /usr/bin/cmake --install /home/seav/ros2_ws/src/build/rplidar_ros
[5.617s] Level 1:colcon.colcon_core.environment:create_environment_scripts_only(rplidar_ros)
[5.620s] DEBUG:colcon.colcon_core.event_handler.log_command:Invoked command in '/home/seav/ros2_ws/src/build/rplidar_ros' returned '0': CMAKE_PREFIX_PATH=${CMAKE_PREFIX_PATH}:/home/seav/ros2_ws/install/seav_test_sensors:/opt/ros/humble /usr/bin/cmake --install /home/seav/ros2_ws/src/build/rplidar_ros
[5.651s] Level 1:colcon.colcon_core.environment:checking '/home/seav/ros2_ws/src/install/rplidar_ros' for CMake module files
[5.656s] Level 1:colcon.colcon_core.environment:checking '/home/seav/ros2_ws/src/install/rplidar_ros' for CMake config files
[5.662s] Level 1:colcon.colcon_core.shell:create_environment_hook('rplidar_ros', 'cmake_prefix_path')
[5.663s] INFO:colcon.colcon_core.shell:Creating environment hook '/home/seav/ros2_ws/src/install/rplidar_ros/share/rplidar_ros/hook/cmake_prefix_path.ps1'
[5.666s] INFO:colcon.colcon_core.shell:Creating environment descriptor '/home/seav/ros2_ws/src/install/rplidar_ros/share/rplidar_ros/hook/cmake_prefix_path.dsv'
[5.668s] INFO:colcon.colcon_core.shell:Creating environment hook '/home/seav/ros2_ws/src/install/rplidar_ros/share/rplidar_ros/hook/cmake_prefix_path.sh'
[5.672s] Level 1:colcon.colcon_core.environment:checking '/home/seav/ros2_ws/src/install/rplidar_ros/lib'
[5.673s] Level 1:colcon.colcon_core.environment:checking '/home/seav/ros2_ws/src/install/rplidar_ros/bin'
[5.674s] Level 1:colcon.colcon_core.environment:checking '/home/seav/ros2_ws/src/install/rplidar_ros/lib/pkgconfig/rplidar_ros.pc'
[5.675s] Level 1:colcon.colcon_core.environment:checking '/home/seav/ros2_ws/src/install/rplidar_ros/lib/python3.10/site-packages'
[5.676s] Level 1:colcon.colcon_core.environment:checking '/home/seav/ros2_ws/src/install/rplidar_ros/bin'
[5.678s] INFO:colcon.colcon_core.shell:Creating package script '/home/seav/ros2_ws/src/install/rplidar_ros/share/rplidar_ros/package.ps1'
[5.845s] INFO:colcon.colcon_core.shell:Creating package descriptor '/home/seav/ros2_ws/src/install/rplidar_ros/share/rplidar_ros/package.dsv'
[5.859s] INFO:colcon.colcon_core.shell:Creating package script '/home/seav/ros2_ws/src/install/rplidar_ros/share/rplidar_ros/package.sh'
[5.871s] INFO:colcon.colcon_core.shell:Creating package script '/home/seav/ros2_ws/src/install/rplidar_ros/share/rplidar_ros/package.bash'
[5.881s] INFO:colcon.colcon_core.shell:Creating package script '/home/seav/ros2_ws/src/install/rplidar_ros/share/rplidar_ros/package.zsh'
[5.891s] Level 1:colcon.colcon_core.environment:create_file_with_runtime_dependencies(/home/seav/ros2_ws/src/install/rplidar_ros/share/colcon-core/packages/rplidar_ros)
[6.401s] Level 1:colcon.colcon_core.environment:create_environment_scripts_only(rplidar_ros)
[6.403s] Level 1:colcon.colcon_core.environment:checking '/home/seav/ros2_ws/src/install/rplidar_ros' for CMake module files
[6.407s] Level 1:colcon.colcon_core.environment:checking '/home/seav/ros2_ws/src/install/rplidar_ros' for CMake config files
[6.410s] Level 1:colcon.colcon_core.shell:create_environment_hook('rplidar_ros', 'cmake_prefix_path')
[6.411s] INFO:colcon.colcon_core.shell:Creating environment hook '/home/seav/ros2_ws/src/install/rplidar_ros/share/rplidar_ros/hook/cmake_prefix_path.ps1'
[6.414s] INFO:colcon.colcon_core.shell:Creating environment descriptor '/home/seav/ros2_ws/src/install/rplidar_ros/share/rplidar_ros/hook/cmake_prefix_path.dsv'
[6.417s] INFO:colcon.colcon_core.shell:Creating environment hook '/home/seav/ros2_ws/src/install/rplidar_ros/share/rplidar_ros/hook/cmake_prefix_path.sh'
[6.421s] Level 1:colcon.colcon_core.environment:checking '/home/seav/ros2_ws/src/install/rplidar_ros/lib'
[6.421s] Level 1:colcon.colcon_core.environment:checking '/home/seav/ros2_ws/src/install/rplidar_ros/bin'
[6.422s] Level 1:colcon.colcon_core.environment:checking '/home/seav/ros2_ws/src/install/rplidar_ros/lib/pkgconfig/rplidar_ros.pc'
[6.423s] Level 1:colcon.colcon_core.environment:checking '/home/seav/ros2_ws/src/install/rplidar_ros/lib/python3.10/site-packages'
[6.424s] Level 1:colcon.colcon_core.environment:checking '/home/seav/ros2_ws/src/install/rplidar_ros/bin'
[6.426s] INFO:colcon.colcon_core.shell:Creating package script '/home/seav/ros2_ws/src/install/rplidar_ros/share/rplidar_ros/package.ps1'
[6.432s] INFO:colcon.colcon_core.shell:Creating package descriptor '/home/seav/ros2_ws/src/install/rplidar_ros/share/rplidar_ros/package.dsv'
[6.441s] INFO:colcon.colcon_core.shell:Creating package script '/home/seav/ros2_ws/src/install/rplidar_ros/share/rplidar_ros/package.sh'
[6.449s] INFO:colcon.colcon_core.shell:Creating package script '/home/seav/ros2_ws/src/install/rplidar_ros/share/rplidar_ros/package.bash'
[6.456s] INFO:colcon.colcon_core.shell:Creating package script '/home/seav/ros2_ws/src/install/rplidar_ros/share/rplidar_ros/package.zsh'
[6.460s] Level 1:colcon.colcon_core.environment:create_file_with_runtime_dependencies(/home/seav/ros2_ws/src/install/rplidar_ros/share/colcon-core/packages/rplidar_ros)
[7.619s] DEBUG:colcon.colcon_core.event_handler.log_command:Invoking command in '/home/seav/ros2_ws/src/seav_test_sensors': PYTHONPATH=/home/seav/ros2_ws/src/build/seav_test_sensors/prefix_override:/usr/lib/python3/dist-packages/colcon_core/task/python/colcon_distutils_commands:/home/seav/ros2_ws/src/install/seav_test_sensors/lib/python3.10/site-packages:${PYTHONPATH} /usr/bin/python3 -W ignore:setup.py install is deprecated setup.py egg_info --egg-base ../build/seav_test_sensors build --build-base /home/seav/ros2_ws/src/build/seav_test_sensors/build install --record /home/seav/ros2_ws/src/build/seav_test_sensors/install.log --single-version-externally-managed install_data
[9.247s] Level 1:colcon.colcon_core.environment:checking '/home/seav/ros2_ws/src/install/seav_test_sensors' for CMake module files
[9.250s] DEBUG:colcon.colcon_core.event_handler.log_command:Invoked command in '/home/seav/ros2_ws/src/seav_test_sensors' returned '0': PYTHONPATH=/home/seav/ros2_ws/src/build/seav_test_sensors/prefix_override:/usr/lib/python3/dist-packages/colcon_core/task/python/colcon_distutils_commands:/home/seav/ros2_ws/src/install/seav_test_sensors/lib/python3.10/site-packages:${PYTHONPATH} /usr/bin/python3 -W ignore:setup.py install is deprecated setup.py egg_info --egg-base ../build/seav_test_sensors build --build-base /home/seav/ros2_ws/src/build/seav_test_sensors/build install --record /home/seav/ros2_ws/src/build/seav_test_sensors/install.log --single-version-externally-managed install_data
[9.252s] Level 1:colcon.colcon_core.environment:checking '/home/seav/ros2_ws/src/install/seav_test_sensors' for CMake config files
[9.258s] Level 1:colcon.colcon_core.environment:checking '/home/seav/ros2_ws/src/install/seav_test_sensors/lib'
[9.258s] Level 1:colcon.colcon_core.environment:checking '/home/seav/ros2_ws/src/install/seav_test_sensors/bin'
[9.259s] Level 1:colcon.colcon_core.environment:checking '/home/seav/ros2_ws/src/install/seav_test_sensors/lib/pkgconfig/seav_test_sensors.pc'
[9.260s] Level 1:colcon.colcon_core.environment:checking '/home/seav/ros2_ws/src/install/seav_test_sensors/lib/python3.10/site-packages'
[9.260s] Level 1:colcon.colcon_core.shell:create_environment_hook('seav_test_sensors', 'pythonpath')
[9.261s] INFO:colcon.colcon_core.shell:Creating environment hook '/home/seav/ros2_ws/src/install/seav_test_sensors/share/seav_test_sensors/hook/pythonpath.ps1'
[9.264s] INFO:colcon.colcon_core.shell:Creating environment descriptor '/home/seav/ros2_ws/src/install/seav_test_sensors/share/seav_test_sensors/hook/pythonpath.dsv'
[9.267s] INFO:colcon.colcon_core.shell:Creating environment hook '/home/seav/ros2_ws/src/install/seav_test_sensors/share/seav_test_sensors/hook/pythonpath.sh'
[9.270s] Level 1:colcon.colcon_core.environment:checking '/home/seav/ros2_ws/src/install/seav_test_sensors/bin'
[9.271s] Level 1:colcon.colcon_core.environment:create_environment_scripts_only(seav_test_sensors)
[9.272s] INFO:colcon.colcon_core.shell:Creating package script '/home/seav/ros2_ws/src/install/seav_test_sensors/share/seav_test_sensors/package.ps1'
[9.275s] INFO:colcon.colcon_core.shell:Creating package descriptor '/home/seav/ros2_ws/src/install/seav_test_sensors/share/seav_test_sensors/package.dsv'
[9.278s] INFO:colcon.colcon_core.shell:Creating package script '/home/seav/ros2_ws/src/install/seav_test_sensors/share/seav_test_sensors/package.sh'
[9.281s] INFO:colcon.colcon_core.shell:Creating package script '/home/seav/ros2_ws/src/install/seav_test_sensors/share/seav_test_sensors/package.bash'
[9.283s] INFO:colcon.colcon_core.shell:Creating package script '/home/seav/ros2_ws/src/install/seav_test_sensors/share/seav_test_sensors/package.zsh'
[9.286s] Level 1:colcon.colcon_core.environment:create_file_with_runtime_dependencies(/home/seav/ros2_ws/src/install/seav_test_sensors/share/colcon-core/packages/seav_test_sensors)
[9.288s] DEBUG:colcon.colcon_parallel_executor.executor.parallel:closing loop
[9.289s] DEBUG:colcon.colcon_parallel_executor.executor.parallel:loop closed
[9.290s] DEBUG:colcon.colcon_parallel_executor.executor.parallel:run_until_complete finished with '0'
[9.290s] DEBUG:colcon.colcon_core.event_reactor:joining thread
[9.327s] INFO:colcon.colcon_core.plugin_system:Skipping extension 'colcon_notification.desktop_notification.terminal_notifier': Not used on non-Darwin systems
[9.328s] INFO:colcon.colcon_core.plugin_system:Skipping extension 'colcon_notification.desktop_notification.win32': Not used on non-Windows systems
[9.328s] INFO:colcon.colcon_notification.desktop_notification:Sending desktop notification using 'notify2'
[9.434s] DEBUG:colcon.colcon_core.event_reactor:joined thread
[9.435s] INFO:colcon.colcon_core.shell:Creating prefix script '/home/seav/ros2_ws/src/install/local_setup.ps1'
[9.444s] INFO:colcon.colcon_core.shell:Creating prefix util module '/home/seav/ros2_ws/src/install/_local_setup_util_ps1.py'
[9.455s] INFO:colcon.colcon_core.shell:Creating prefix chain script '/home/seav/ros2_ws/src/install/setup.ps1'
[9.463s] INFO:colcon.colcon_core.shell:Creating prefix script '/home/seav/ros2_ws/src/install/local_setup.sh'
[9.468s] INFO:colcon.colcon_core.shell:Creating prefix util module '/home/seav/ros2_ws/src/install/_local_setup_util_sh.py'
[9.471s] INFO:colcon.colcon_core.shell:Creating prefix chain script '/home/seav/ros2_ws/src/install/setup.sh'
[9.478s] INFO:colcon.colcon_core.shell:Creating prefix script '/home/seav/ros2_ws/src/install/local_setup.bash'
[9.481s] INFO:colcon.colcon_core.shell:Creating prefix chain script '/home/seav/ros2_ws/src/install/setup.bash'
[9.488s] INFO:colcon.colcon_core.shell:Creating prefix script '/home/seav/ros2_ws/src/install/local_setup.zsh'
[9.492s] INFO:colcon.colcon_core.shell:Creating prefix chain script '/home/seav/ros2_ws/src/install/setup.zsh'
