[1.328s] DEBUG:colcon:Command line arguments: ['/usr/bin/colcon', 'build']
[1.329s] DEBUG:colcon:Parsed command line arguments: Namespace(log_base=None, log_level=None, verb_name='build', build_base='build', install_base='install', merge_install=False, symlink_install=False, test_result_base=None, continue_on_error=False, executor='parallel', parallel_workers=4, event_handlers=None, ignore_user_meta=False, metas=['./colcon.meta'], base_paths=['.'], packages_ignore=None, packages_ignore_regex=None, paths=None, packages_up_to=None, packages_up_to_regex=None, packages_above=None, packages_above_and_dependencies=None, packages_above_depth=None, packages_select_by_dep=None, packages_skip_by_dep=None, packages_skip_up_to=None, packages_select_build_failed=False, packages_skip_build_finished=False, packages_select_test_failures=False, packages_skip_test_passed=False, packages_select=None, packages_skip=None, packages_select_regex=None, packages_skip_regex=None, packages_start=None, packages_end=None, allow_overriding=[], cmake_args=None, cmake_target=None, cmake_target_skip_unavailable=False, cmake_clean_cache=False, cmake_clean_first=False, cmake_force_configure=False, ament_cmake_args=None, catkin_cmake_args=None, catkin_skip_building_tests=False, mixin_files=None, mixin=None, verb_parser=<colcon_mixin.mixin.mixin_argument.MixinArgumentDecorator object at 0xffff854f2da0>, verb_extension=<colcon_core.verb.build.BuildVerb object at 0xffff855df400>, main=<bound method BuildVerb.main of <colcon_core.verb.build.BuildVerb object at 0xffff855df400>>, mixin_verb=('build',))
[3.231s] Level 1:colcon.colcon_core.package_discovery:discover_packages(colcon_meta) check parameters
[3.233s] Level 1:colcon.colcon_core.package_discovery:discover_packages(recursive) check parameters
[3.233s] Level 1:colcon.colcon_core.package_discovery:discover_packages(ignore) check parameters
[3.234s] Level 1:colcon.colcon_core.package_discovery:discover_packages(path) check parameters
[3.235s] Level 1:colcon.colcon_core.package_discovery:discover_packages(colcon_meta) discover
[3.235s] Level 1:colcon.colcon_core.package_discovery:discover_packages(recursive) discover
[3.236s] INFO:colcon.colcon_core.package_discovery:Crawling recursively for packages in '/home/seav/ros2_ws'
[3.238s] Level 1:colcon.colcon_core.package_identification:_identify(.) by extensions ['ignore', 'ignore_ament_install']
[3.239s] Level 1:colcon.colcon_core.package_identification:_identify(.) by extension 'ignore'
[3.240s] Level 1:colcon.colcon_core.package_identification:_identify(.) by extension 'ignore_ament_install'
[3.241s] Level 1:colcon.colcon_core.package_identification:_identify(.) by extensions ['colcon_pkg']
[3.242s] Level 1:colcon.colcon_core.package_identification:_identify(.) by extension 'colcon_pkg'
[3.243s] Level 1:colcon.colcon_core.package_identification:_identify(.) by extensions ['colcon_meta']
[3.244s] Level 1:colcon.colcon_core.package_identification:_identify(.) by extension 'colcon_meta'
[3.245s] Level 1:colcon.colcon_core.package_identification:_identify(.) by extensions ['ros']
[3.245s] Level 1:colcon.colcon_core.package_identification:_identify(.) by extension 'ros'
[3.360s] Level 1:colcon.colcon_core.package_identification:_identify(.) by extensions ['cmake', 'python']
[3.360s] Level 1:colcon.colcon_core.package_identification:_identify(.) by extension 'cmake'
[3.361s] Level 1:colcon.colcon_core.package_identification:_identify(.) by extension 'python'
[3.361s] Level 1:colcon.colcon_core.package_identification:_identify(.) by extensions ['python_setup_py']
[3.361s] Level 1:colcon.colcon_core.package_identification:_identify(.) by extension 'python_setup_py'
[3.362s] Level 1:colcon.colcon_core.package_identification:_identify(build) by extensions ['ignore', 'ignore_ament_install']
[3.363s] Level 1:colcon.colcon_core.package_identification:_identify(build) by extension 'ignore'
[3.363s] Level 1:colcon.colcon_core.package_identification:_identify(build) ignored
[3.364s] Level 1:colcon.colcon_core.package_identification:_identify(install) by extensions ['ignore', 'ignore_ament_install']
[3.365s] Level 1:colcon.colcon_core.package_identification:_identify(install) by extension 'ignore'
[3.365s] Level 1:colcon.colcon_core.package_identification:_identify(install) ignored
[3.366s] Level 1:colcon.colcon_core.package_identification:_identify(log) by extensions ['ignore', 'ignore_ament_install']
[3.367s] Level 1:colcon.colcon_core.package_identification:_identify(log) by extension 'ignore'
[3.367s] Level 1:colcon.colcon_core.package_identification:_identify(log) ignored
[3.369s] Level 1:colcon.colcon_core.package_identification:_identify(src) by extensions ['ignore', 'ignore_ament_install']
[3.370s] Level 1:colcon.colcon_core.package_identification:_identify(src) by extension 'ignore'
[3.370s] Level 1:colcon.colcon_core.package_identification:_identify(src) by extension 'ignore_ament_install'
[3.370s] Level 1:colcon.colcon_core.package_identification:_identify(src) by extensions ['colcon_pkg']
[3.371s] Level 1:colcon.colcon_core.package_identification:_identify(src) by extension 'colcon_pkg'
[3.371s] Level 1:colcon.colcon_core.package_identification:_identify(src) by extensions ['colcon_meta']
[3.371s] Level 1:colcon.colcon_core.package_identification:_identify(src) by extension 'colcon_meta'
[3.372s] Level 1:colcon.colcon_core.package_identification:_identify(src) by extensions ['ros']
[3.372s] Level 1:colcon.colcon_core.package_identification:_identify(src) by extension 'ros'
[3.373s] Level 1:colcon.colcon_core.package_identification:_identify(src) by extensions ['cmake', 'python']
[3.373s] Level 1:colcon.colcon_core.package_identification:_identify(src) by extension 'cmake'
[3.373s] Level 1:colcon.colcon_core.package_identification:_identify(src) by extension 'python'
[3.374s] Level 1:colcon.colcon_core.package_identification:_identify(src) by extensions ['python_setup_py']
[3.374s] Level 1:colcon.colcon_core.package_identification:_identify(src) by extension 'python_setup_py'
[3.375s] Level 1:colcon.colcon_core.package_identification:_identify(src/build) by extensions ['ignore', 'ignore_ament_install']
[3.376s] Level 1:colcon.colcon_core.package_identification:_identify(src/build) by extension 'ignore'
[3.377s] Level 1:colcon.colcon_core.package_identification:_identify(src/build) ignored
[3.378s] Level 1:colcon.colcon_core.package_identification:_identify(src/imu) by extensions ['ignore', 'ignore_ament_install']
[3.379s] Level 1:colcon.colcon_core.package_identification:_identify(src/imu) by extension 'ignore'
[3.379s] Level 1:colcon.colcon_core.package_identification:_identify(src/imu) by extension 'ignore_ament_install'
[3.379s] Level 1:colcon.colcon_core.package_identification:_identify(src/imu) by extensions ['colcon_pkg']
[3.380s] Level 1:colcon.colcon_core.package_identification:_identify(src/imu) by extension 'colcon_pkg'
[3.380s] Level 1:colcon.colcon_core.package_identification:_identify(src/imu) by extensions ['colcon_meta']
[3.380s] Level 1:colcon.colcon_core.package_identification:_identify(src/imu) by extension 'colcon_meta'
[3.381s] Level 1:colcon.colcon_core.package_identification:_identify(src/imu) by extensions ['ros']
[3.381s] Level 1:colcon.colcon_core.package_identification:_identify(src/imu) by extension 'ros'
[3.382s] Level 1:colcon.colcon_core.package_identification:_identify(src/imu) by extensions ['cmake', 'python']
[3.382s] Level 1:colcon.colcon_core.package_identification:_identify(src/imu) by extension 'cmake'
[3.382s] Level 1:colcon.colcon_core.package_identification:_identify(src/imu) by extension 'python'
[3.383s] Level 1:colcon.colcon_core.package_identification:_identify(src/imu) by extensions ['python_setup_py']
[3.383s] Level 1:colcon.colcon_core.package_identification:_identify(src/imu) by extension 'python_setup_py'
[3.385s] Level 1:colcon.colcon_core.package_identification:_identify(src/install) by extensions ['ignore', 'ignore_ament_install']
[3.385s] Level 1:colcon.colcon_core.package_identification:_identify(src/install) by extension 'ignore'
[3.386s] Level 1:colcon.colcon_core.package_identification:_identify(src/install) ignored
[3.387s] Level 1:colcon.colcon_core.package_identification:_identify(src/log) by extensions ['ignore', 'ignore_ament_install']
[3.388s] Level 1:colcon.colcon_core.package_identification:_identify(src/log) by extension 'ignore'
[3.388s] Level 1:colcon.colcon_core.package_identification:_identify(src/log) ignored
[3.390s] Level 1:colcon.colcon_core.package_identification:_identify(src/rplidar_ros) by extensions ['ignore', 'ignore_ament_install']
[3.391s] Level 1:colcon.colcon_core.package_identification:_identify(src/rplidar_ros) by extension 'ignore'
[3.391s] Level 1:colcon.colcon_core.package_identification:_identify(src/rplidar_ros) by extension 'ignore_ament_install'
[3.392s] Level 1:colcon.colcon_core.package_identification:_identify(src/rplidar_ros) by extensions ['colcon_pkg']
[3.392s] Level 1:colcon.colcon_core.package_identification:_identify(src/rplidar_ros) by extension 'colcon_pkg'
[3.392s] Level 1:colcon.colcon_core.package_identification:_identify(src/rplidar_ros) by extensions ['colcon_meta']
[3.393s] Level 1:colcon.colcon_core.package_identification:_identify(src/rplidar_ros) by extension 'colcon_meta'
[3.393s] Level 1:colcon.colcon_core.package_identification:_identify(src/rplidar_ros) by extensions ['ros']
[3.393s] Level 1:colcon.colcon_core.package_identification:_identify(src/rplidar_ros) by extension 'ros'
[3.411s] DEBUG:colcon.colcon_core.package_identification:Package 'src/rplidar_ros' with type 'ros.ament_cmake' and name 'rplidar_ros'
[3.412s] Level 1:colcon.colcon_core.package_identification:_identify(src/seav_test_sensors) by extensions ['ignore', 'ignore_ament_install']
[3.413s] Level 1:colcon.colcon_core.package_identification:_identify(src/seav_test_sensors) by extension 'ignore'
[3.413s] Level 1:colcon.colcon_core.package_identification:_identify(src/seav_test_sensors) by extension 'ignore_ament_install'
[3.414s] Level 1:colcon.colcon_core.package_identification:_identify(src/seav_test_sensors) by extensions ['colcon_pkg']
[3.414s] Level 1:colcon.colcon_core.package_identification:_identify(src/seav_test_sensors) by extension 'colcon_pkg'
[3.414s] Level 1:colcon.colcon_core.package_identification:_identify(src/seav_test_sensors) by extensions ['colcon_meta']
[3.414s] Level 1:colcon.colcon_core.package_identification:_identify(src/seav_test_sensors) by extension 'colcon_meta'
[3.415s] Level 1:colcon.colcon_core.package_identification:_identify(src/seav_test_sensors) by extensions ['ros']
[3.415s] Level 1:colcon.colcon_core.package_identification:_identify(src/seav_test_sensors) by extension 'ros'
[3.419s] DEBUG:colcon.colcon_core.package_identification:Package 'src/seav_test_sensors' with type 'ros.ament_python' and name 'seav_test_sensors'
[3.421s] Level 1:colcon.colcon_core.package_identification:_identify(src/static_tf_publisher) by extensions ['ignore', 'ignore_ament_install']
[3.421s] Level 1:colcon.colcon_core.package_identification:_identify(src/static_tf_publisher) by extension 'ignore'
[3.422s] Level 1:colcon.colcon_core.package_identification:_identify(src/static_tf_publisher) by extension 'ignore_ament_install'
[3.422s] Level 1:colcon.colcon_core.package_identification:_identify(src/static_tf_publisher) by extensions ['colcon_pkg']
[3.422s] Level 1:colcon.colcon_core.package_identification:_identify(src/static_tf_publisher) by extension 'colcon_pkg'
[3.423s] Level 1:colcon.colcon_core.package_identification:_identify(src/static_tf_publisher) by extensions ['colcon_meta']
[3.423s] Level 1:colcon.colcon_core.package_identification:_identify(src/static_tf_publisher) by extension 'colcon_meta'
[3.423s] Level 1:colcon.colcon_core.package_identification:_identify(src/static_tf_publisher) by extensions ['ros']
[3.424s] Level 1:colcon.colcon_core.package_identification:_identify(src/static_tf_publisher) by extension 'ros'
[3.428s] DEBUG:colcon.colcon_core.package_identification:Package 'src/static_tf_publisher' with type 'ros.ament_python' and name 'static_tf_publisher'
[3.429s] Level 1:colcon.colcon_core.package_discovery:discover_packages(recursive) using defaults
[3.429s] Level 1:colcon.colcon_core.package_discovery:discover_packages(ignore) discover
[3.429s] Level 1:colcon.colcon_core.package_discovery:discover_packages(ignore) using defaults
[3.429s] Level 1:colcon.colcon_core.package_discovery:discover_packages(path) discover
[3.430s] Level 1:colcon.colcon_core.package_discovery:discover_packages(path) using defaults
[3.665s] Level 1:colcon.colcon_core.package_discovery:discover_packages(prefix_path) check parameters
[3.666s] Level 1:colcon.colcon_core.package_discovery:discover_packages(prefix_path) discover
[3.700s] DEBUG:colcon.colcon_installed_package_information.package_discovery:Found 3 installed packages in /home/seav/ros2_ws/install
[3.715s] DEBUG:colcon.colcon_installed_package_information.package_discovery:Found 314 installed packages in /opt/ros/humble
[3.728s] Level 1:colcon.colcon_core.package_discovery:discover_packages(prefix_path) using defaults
[4.048s] Level 5:colcon.colcon_core.verb:set package 'rplidar_ros' build argument 'cmake_args' from command line to 'None'
[4.048s] Level 5:colcon.colcon_core.verb:set package 'rplidar_ros' build argument 'cmake_target' from command line to 'None'
[4.048s] Level 5:colcon.colcon_core.verb:set package 'rplidar_ros' build argument 'cmake_target_skip_unavailable' from command line to 'False'
[4.048s] Level 5:colcon.colcon_core.verb:set package 'rplidar_ros' build argument 'cmake_clean_cache' from command line to 'False'
[4.048s] Level 5:colcon.colcon_core.verb:set package 'rplidar_ros' build argument 'cmake_clean_first' from command line to 'False'
[4.049s] Level 5:colcon.colcon_core.verb:set package 'rplidar_ros' build argument 'cmake_force_configure' from command line to 'False'
[4.049s] Level 5:colcon.colcon_core.verb:set package 'rplidar_ros' build argument 'ament_cmake_args' from command line to 'None'
[4.049s] Level 5:colcon.colcon_core.verb:set package 'rplidar_ros' build argument 'catkin_cmake_args' from command line to 'None'
[4.049s] Level 5:colcon.colcon_core.verb:set package 'rplidar_ros' build argument 'catkin_skip_building_tests' from command line to 'False'
[4.049s] DEBUG:colcon.colcon_core.verb:Building package 'rplidar_ros' with the following arguments: {'ament_cmake_args': None, 'build_base': '/home/seav/ros2_ws/build/rplidar_ros', 'catkin_cmake_args': None, 'catkin_skip_building_tests': False, 'cmake_args': None, 'cmake_clean_cache': False, 'cmake_clean_first': False, 'cmake_force_configure': False, 'cmake_target': None, 'cmake_target_skip_unavailable': False, 'install_base': '/home/seav/ros2_ws/install/rplidar_ros', 'merge_install': False, 'path': '/home/seav/ros2_ws/src/rplidar_ros', 'symlink_install': False, 'test_result_base': None}
[4.051s] Level 5:colcon.colcon_core.verb:set package 'seav_test_sensors' build argument 'cmake_args' from command line to 'None'
[4.052s] Level 5:colcon.colcon_core.verb:set package 'seav_test_sensors' build argument 'cmake_target' from command line to 'None'
[4.052s] Level 5:colcon.colcon_core.verb:set package 'seav_test_sensors' build argument 'cmake_target_skip_unavailable' from command line to 'False'
[4.052s] Level 5:colcon.colcon_core.verb:set package 'seav_test_sensors' build argument 'cmake_clean_cache' from command line to 'False'
[4.052s] Level 5:colcon.colcon_core.verb:set package 'seav_test_sensors' build argument 'cmake_clean_first' from command line to 'False'
[4.052s] Level 5:colcon.colcon_core.verb:set package 'seav_test_sensors' build argument 'cmake_force_configure' from command line to 'False'
[4.052s] Level 5:colcon.colcon_core.verb:set package 'seav_test_sensors' build argument 'ament_cmake_args' from command line to 'None'
[4.052s] Level 5:colcon.colcon_core.verb:set package 'seav_test_sensors' build argument 'catkin_cmake_args' from command line to 'None'
[4.053s] Level 5:colcon.colcon_core.verb:set package 'seav_test_sensors' build argument 'catkin_skip_building_tests' from command line to 'False'
[4.053s] DEBUG:colcon.colcon_core.verb:Building package 'seav_test_sensors' with the following arguments: {'ament_cmake_args': None, 'build_base': '/home/seav/ros2_ws/build/seav_test_sensors', 'catkin_cmake_args': None, 'catkin_skip_building_tests': False, 'cmake_args': None, 'cmake_clean_cache': False, 'cmake_clean_first': False, 'cmake_force_configure': False, 'cmake_target': None, 'cmake_target_skip_unavailable': False, 'install_base': '/home/seav/ros2_ws/install/seav_test_sensors', 'merge_install': False, 'path': '/home/seav/ros2_ws/src/seav_test_sensors', 'symlink_install': False, 'test_result_base': None}
[4.055s] Level 5:colcon.colcon_core.verb:set package 'static_tf_publisher' build argument 'cmake_args' from command line to 'None'
[4.055s] Level 5:colcon.colcon_core.verb:set package 'static_tf_publisher' build argument 'cmake_target' from command line to 'None'
[4.055s] Level 5:colcon.colcon_core.verb:set package 'static_tf_publisher' build argument 'cmake_target_skip_unavailable' from command line to 'False'
[4.056s] Level 5:colcon.colcon_core.verb:set package 'static_tf_publisher' build argument 'cmake_clean_cache' from command line to 'False'
[4.056s] Level 5:colcon.colcon_core.verb:set package 'static_tf_publisher' build argument 'cmake_clean_first' from command line to 'False'
[4.056s] Level 5:colcon.colcon_core.verb:set package 'static_tf_publisher' build argument 'cmake_force_configure' from command line to 'False'
[4.056s] Level 5:colcon.colcon_core.verb:set package 'static_tf_publisher' build argument 'ament_cmake_args' from command line to 'None'
[4.056s] Level 5:colcon.colcon_core.verb:set package 'static_tf_publisher' build argument 'catkin_cmake_args' from command line to 'None'
[4.056s] Level 5:colcon.colcon_core.verb:set package 'static_tf_publisher' build argument 'catkin_skip_building_tests' from command line to 'False'
[4.056s] DEBUG:colcon.colcon_core.verb:Building package 'static_tf_publisher' with the following arguments: {'ament_cmake_args': None, 'build_base': '/home/seav/ros2_ws/build/static_tf_publisher', 'catkin_cmake_args': None, 'catkin_skip_building_tests': False, 'cmake_args': None, 'cmake_clean_cache': False, 'cmake_clean_first': False, 'cmake_force_configure': False, 'cmake_target': None, 'cmake_target_skip_unavailable': False, 'install_base': '/home/seav/ros2_ws/install/static_tf_publisher', 'merge_install': False, 'path': '/home/seav/ros2_ws/src/static_tf_publisher', 'symlink_install': False, 'test_result_base': None}
[4.057s] INFO:colcon.colcon_core.executor:Executing jobs using 'parallel' executor
[4.062s] DEBUG:colcon.colcon_parallel_executor.executor.parallel:run_until_complete
[4.063s] INFO:colcon.colcon_ros.task.ament_cmake.build:Building ROS package in '/home/seav/ros2_ws/src/rplidar_ros' with build type 'ament_cmake'
[4.064s] INFO:colcon.colcon_cmake.task.cmake.build:Building CMake package in '/home/seav/ros2_ws/src/rplidar_ros'
[4.103s] INFO:colcon.colcon_core.plugin_system:Skipping extension 'colcon_core.shell.bat': Not used on non-Windows systems
[4.105s] INFO:colcon.colcon_core.shell:Skip shell extension 'powershell' for command environment: Not usable outside of PowerShell
[4.106s] DEBUG:colcon.colcon_core.shell:Skip shell extension 'dsv' for command environment
[4.146s] INFO:colcon.colcon_ros.task.ament_python.build:Building ROS package in '/home/seav/ros2_ws/src/seav_test_sensors' with build type 'ament_python'
[4.147s] Level 1:colcon.colcon_core.shell:create_environment_hook('seav_test_sensors', 'ament_prefix_path')
[4.149s] INFO:colcon.colcon_core.shell:Creating environment hook '/home/seav/ros2_ws/install/seav_test_sensors/share/seav_test_sensors/hook/ament_prefix_path.ps1'
[4.156s] INFO:colcon.colcon_core.shell:Creating environment descriptor '/home/seav/ros2_ws/install/seav_test_sensors/share/seav_test_sensors/hook/ament_prefix_path.dsv'
[4.161s] INFO:colcon.colcon_core.shell:Creating environment hook '/home/seav/ros2_ws/install/seav_test_sensors/share/seav_test_sensors/hook/ament_prefix_path.sh'
[4.169s] INFO:colcon.colcon_core.shell:Skip shell extension 'powershell' for command environment: Not usable outside of PowerShell
[4.170s] DEBUG:colcon.colcon_core.shell:Skip shell extension 'dsv' for command environment
[4.210s] INFO:colcon.colcon_ros.task.ament_python.build:Building ROS package in '/home/seav/ros2_ws/src/static_tf_publisher' with build type 'ament_python'
[4.213s] Level 1:colcon.colcon_core.shell:create_environment_hook('static_tf_publisher', 'ament_prefix_path')
[4.215s] INFO:colcon.colcon_core.shell:Creating environment hook '/home/seav/ros2_ws/install/static_tf_publisher/share/static_tf_publisher/hook/ament_prefix_path.ps1'
[4.219s] INFO:colcon.colcon_core.shell:Creating environment descriptor '/home/seav/ros2_ws/install/static_tf_publisher/share/static_tf_publisher/hook/ament_prefix_path.dsv'
[4.222s] INFO:colcon.colcon_core.shell:Creating environment hook '/home/seav/ros2_ws/install/static_tf_publisher/share/static_tf_publisher/hook/ament_prefix_path.sh'
[4.235s] INFO:colcon.colcon_core.shell:Skip shell extension 'powershell' for command environment: Not usable outside of PowerShell
[4.236s] DEBUG:colcon.colcon_core.shell:Skip shell extension 'dsv' for command environment
[4.331s] DEBUG:colcon.colcon_core.event_handler.log_command:Invoking command in '/home/seav/ros2_ws/build/rplidar_ros': CMAKE_PREFIX_PATH=/home/seav/ros2_ws/install/static_tf_publisher:/home/seav/ros2_ws/install/seav_test_sensors:/opt/ros/humble /usr/bin/cmake --build /home/seav/ros2_ws/build/rplidar_ros -- -j4 -l4
[6.589s] INFO:colcon.colcon_core.task.python.build:Building Python package in '/home/seav/ros2_ws/src/seav_test_sensors'
[6.590s] INFO:colcon.colcon_core.shell:Skip shell extension 'powershell' for command environment: Not usable outside of PowerShell
[6.590s] DEBUG:colcon.colcon_core.shell:Skip shell extension 'dsv' for command environment
[9.617s] INFO:colcon.colcon_core.task.python.build:Building Python package in '/home/seav/ros2_ws/src/static_tf_publisher'
[9.619s] INFO:colcon.colcon_core.shell:Skip shell extension 'powershell' for command environment: Not usable outside of PowerShell
[9.619s] DEBUG:colcon.colcon_core.shell:Skip shell extension 'dsv' for command environment
[15.223s] DEBUG:colcon.colcon_core.event_handler.log_command:Invoking command in '/home/seav/ros2_ws/src/seav_test_sensors': PYTHONPATH=/home/seav/ros2_ws/build/seav_test_sensors/prefix_override:/usr/lib/python3/dist-packages/colcon_core/task/python/colcon_distutils_commands:/home/seav/ros2_ws/install/seav_test_sensors/lib/python3.10/site-packages:${PYTHONPATH} /usr/bin/python3 -W ignore:setup.py install is deprecated setup.py egg_info --egg-base ../../build/seav_test_sensors build --build-base /home/seav/ros2_ws/build/seav_test_sensors/build install --record /home/seav/ros2_ws/build/seav_test_sensors/install.log --single-version-externally-managed install_data
[15.270s] DEBUG:colcon.colcon_core.event_handler.log_command:Invoking command in '/home/seav/ros2_ws/src/static_tf_publisher': PYTHONPATH=/home/seav/ros2_ws/build/static_tf_publisher/prefix_override:/usr/lib/python3/dist-packages/colcon_core/task/python/colcon_distutils_commands:/home/seav/ros2_ws/install/static_tf_publisher/lib/python3.10/site-packages:${PYTHONPATH} /usr/bin/python3 -W ignore:setup.py install is deprecated setup.py egg_info --egg-base ../../build/static_tf_publisher build --build-base /home/seav/ros2_ws/build/static_tf_publisher/build install --record /home/seav/ros2_ws/build/static_tf_publisher/install.log --single-version-externally-managed install_data
[20.705s] DEBUG:colcon.colcon_core.event_handler.log_command:Invoked command in '/home/seav/ros2_ws/src/static_tf_publisher' returned '0': PYTHONPATH=/home/seav/ros2_ws/build/static_tf_publisher/prefix_override:/usr/lib/python3/dist-packages/colcon_core/task/python/colcon_distutils_commands:/home/seav/ros2_ws/install/static_tf_publisher/lib/python3.10/site-packages:${PYTHONPATH} /usr/bin/python3 -W ignore:setup.py install is deprecated setup.py egg_info --egg-base ../../build/static_tf_publisher build --build-base /home/seav/ros2_ws/build/static_tf_publisher/build install --record /home/seav/ros2_ws/build/static_tf_publisher/install.log --single-version-externally-managed install_data
[20.797s] Level 1:colcon.colcon_core.environment:checking '/home/seav/ros2_ws/install/static_tf_publisher' for CMake module files
[20.809s] Level 1:colcon.colcon_core.environment:checking '/home/seav/ros2_ws/install/static_tf_publisher' for CMake config files
[20.815s] Level 1:colcon.colcon_core.environment:checking '/home/seav/ros2_ws/install/static_tf_publisher/lib'
[20.817s] Level 1:colcon.colcon_core.environment:checking '/home/seav/ros2_ws/install/static_tf_publisher/bin'
[20.832s] Level 1:colcon.colcon_core.environment:checking '/home/seav/ros2_ws/install/static_tf_publisher/lib/pkgconfig/static_tf_publisher.pc'
[20.833s] Level 1:colcon.colcon_core.environment:checking '/home/seav/ros2_ws/install/static_tf_publisher/lib/python3.10/site-packages'
[20.836s] Level 1:colcon.colcon_core.shell:create_environment_hook('static_tf_publisher', 'pythonpath')
[20.847s] INFO:colcon.colcon_core.shell:Creating environment hook '/home/seav/ros2_ws/install/static_tf_publisher/share/static_tf_publisher/hook/pythonpath.ps1'
[20.862s] INFO:colcon.colcon_core.shell:Creating environment descriptor '/home/seav/ros2_ws/install/static_tf_publisher/share/static_tf_publisher/hook/pythonpath.dsv'
[20.888s] INFO:colcon.colcon_core.shell:Creating environment hook '/home/seav/ros2_ws/install/static_tf_publisher/share/static_tf_publisher/hook/pythonpath.sh'
[20.893s] Level 1:colcon.colcon_core.environment:checking '/home/seav/ros2_ws/install/static_tf_publisher/bin'
[20.894s] Level 1:colcon.colcon_core.environment:create_environment_scripts_only(static_tf_publisher)
[20.896s] INFO:colcon.colcon_core.shell:Creating package script '/home/seav/ros2_ws/install/static_tf_publisher/share/static_tf_publisher/package.ps1'
[20.932s] INFO:colcon.colcon_core.shell:Creating package descriptor '/home/seav/ros2_ws/install/static_tf_publisher/share/static_tf_publisher/package.dsv'
[20.955s] INFO:colcon.colcon_core.shell:Creating package script '/home/seav/ros2_ws/install/static_tf_publisher/share/static_tf_publisher/package.sh'
[20.975s] INFO:colcon.colcon_core.shell:Creating package script '/home/seav/ros2_ws/install/static_tf_publisher/share/static_tf_publisher/package.bash'
[20.994s] INFO:colcon.colcon_core.shell:Creating package script '/home/seav/ros2_ws/install/static_tf_publisher/share/static_tf_publisher/package.zsh'
[21.008s] Level 1:colcon.colcon_core.environment:create_file_with_runtime_dependencies(/home/seav/ros2_ws/install/static_tf_publisher/share/colcon-core/packages/static_tf_publisher)
[21.249s] Level 1:colcon.colcon_core.environment:checking '/home/seav/ros2_ws/install/seav_test_sensors' for CMake module files
[21.252s] DEBUG:colcon.colcon_core.event_handler.log_command:Invoked command in '/home/seav/ros2_ws/src/seav_test_sensors' returned '0': PYTHONPATH=/home/seav/ros2_ws/build/seav_test_sensors/prefix_override:/usr/lib/python3/dist-packages/colcon_core/task/python/colcon_distutils_commands:/home/seav/ros2_ws/install/seav_test_sensors/lib/python3.10/site-packages:${PYTHONPATH} /usr/bin/python3 -W ignore:setup.py install is deprecated setup.py egg_info --egg-base ../../build/seav_test_sensors build --build-base /home/seav/ros2_ws/build/seav_test_sensors/build install --record /home/seav/ros2_ws/build/seav_test_sensors/install.log --single-version-externally-managed install_data
[21.259s] Level 1:colcon.colcon_core.environment:checking '/home/seav/ros2_ws/install/seav_test_sensors' for CMake config files
[21.277s] Level 1:colcon.colcon_core.environment:checking '/home/seav/ros2_ws/install/seav_test_sensors/lib'
[21.278s] Level 1:colcon.colcon_core.environment:checking '/home/seav/ros2_ws/install/seav_test_sensors/bin'
[21.279s] Level 1:colcon.colcon_core.environment:checking '/home/seav/ros2_ws/install/seav_test_sensors/lib/pkgconfig/seav_test_sensors.pc'
[21.289s] Level 1:colcon.colcon_core.environment:checking '/home/seav/ros2_ws/install/seav_test_sensors/lib/python3.10/site-packages'
[21.291s] Level 1:colcon.colcon_core.shell:create_environment_hook('seav_test_sensors', 'pythonpath')
[21.299s] INFO:colcon.colcon_core.shell:Creating environment hook '/home/seav/ros2_ws/install/seav_test_sensors/share/seav_test_sensors/hook/pythonpath.ps1'
[21.318s] INFO:colcon.colcon_core.shell:Creating environment descriptor '/home/seav/ros2_ws/install/seav_test_sensors/share/seav_test_sensors/hook/pythonpath.dsv'
[21.323s] INFO:colcon.colcon_core.shell:Creating environment hook '/home/seav/ros2_ws/install/seav_test_sensors/share/seav_test_sensors/hook/pythonpath.sh'
[21.328s] Level 1:colcon.colcon_core.environment:checking '/home/seav/ros2_ws/install/seav_test_sensors/bin'
[21.329s] Level 1:colcon.colcon_core.environment:create_environment_scripts_only(seav_test_sensors)
[21.331s] INFO:colcon.colcon_core.shell:Creating package script '/home/seav/ros2_ws/install/seav_test_sensors/share/seav_test_sensors/package.ps1'
[21.337s] INFO:colcon.colcon_core.shell:Creating package descriptor '/home/seav/ros2_ws/install/seav_test_sensors/share/seav_test_sensors/package.dsv'
[21.342s] INFO:colcon.colcon_core.shell:Creating package script '/home/seav/ros2_ws/install/seav_test_sensors/share/seav_test_sensors/package.sh'
[21.347s] INFO:colcon.colcon_core.shell:Creating package script '/home/seav/ros2_ws/install/seav_test_sensors/share/seav_test_sensors/package.bash'
[21.350s] INFO:colcon.colcon_core.shell:Creating package script '/home/seav/ros2_ws/install/seav_test_sensors/share/seav_test_sensors/package.zsh'
[21.369s] Level 1:colcon.colcon_core.environment:create_file_with_runtime_dependencies(/home/seav/ros2_ws/install/seav_test_sensors/share/colcon-core/packages/seav_test_sensors)
[93.848s] DEBUG:colcon.colcon_core.event_handler.log_command:Invoked command in '/home/seav/ros2_ws/build/rplidar_ros' returned '0': CMAKE_PREFIX_PATH=/home/seav/ros2_ws/install/static_tf_publisher:/home/seav/ros2_ws/install/seav_test_sensors:/opt/ros/humble /usr/bin/cmake --build /home/seav/ros2_ws/build/rplidar_ros -- -j4 -l4
[94.417s] DEBUG:colcon.colcon_core.event_handler.log_command:Invoking command in '/home/seav/ros2_ws/build/rplidar_ros': CMAKE_PREFIX_PATH=/home/seav/ros2_ws/install/static_tf_publisher:/home/seav/ros2_ws/install/seav_test_sensors:/opt/ros/humble /usr/bin/cmake --install /home/seav/ros2_ws/build/rplidar_ros
[94.633s] Level 1:colcon.colcon_core.environment:create_environment_scripts_only(rplidar_ros)
[94.635s] Level 1:colcon.colcon_core.environment:checking '/home/seav/ros2_ws/install/rplidar_ros' for CMake module files
[94.637s] DEBUG:colcon.colcon_core.event_handler.log_command:Invoked command in '/home/seav/ros2_ws/build/rplidar_ros' returned '0': CMAKE_PREFIX_PATH=/home/seav/ros2_ws/install/static_tf_publisher:/home/seav/ros2_ws/install/seav_test_sensors:/opt/ros/humble /usr/bin/cmake --install /home/seav/ros2_ws/build/rplidar_ros
[94.640s] Level 1:colcon.colcon_core.environment:checking '/home/seav/ros2_ws/install/rplidar_ros' for CMake config files
[94.644s] Level 1:colcon.colcon_core.shell:create_environment_hook('rplidar_ros', 'cmake_prefix_path')
[94.646s] INFO:colcon.colcon_core.shell:Creating environment hook '/home/seav/ros2_ws/install/rplidar_ros/share/rplidar_ros/hook/cmake_prefix_path.ps1'
[94.648s] INFO:colcon.colcon_core.shell:Creating environment descriptor '/home/seav/ros2_ws/install/rplidar_ros/share/rplidar_ros/hook/cmake_prefix_path.dsv'
[94.650s] INFO:colcon.colcon_core.shell:Creating environment hook '/home/seav/ros2_ws/install/rplidar_ros/share/rplidar_ros/hook/cmake_prefix_path.sh'
[94.654s] Level 1:colcon.colcon_core.environment:checking '/home/seav/ros2_ws/install/rplidar_ros/lib'
[94.654s] Level 1:colcon.colcon_core.environment:checking '/home/seav/ros2_ws/install/rplidar_ros/bin'
[94.655s] Level 1:colcon.colcon_core.environment:checking '/home/seav/ros2_ws/install/rplidar_ros/lib/pkgconfig/rplidar_ros.pc'
[94.655s] Level 1:colcon.colcon_core.environment:checking '/home/seav/ros2_ws/install/rplidar_ros/lib/python3.10/site-packages'
[94.656s] Level 1:colcon.colcon_core.environment:checking '/home/seav/ros2_ws/install/rplidar_ros/bin'
[94.658s] INFO:colcon.colcon_core.shell:Creating package script '/home/seav/ros2_ws/install/rplidar_ros/share/rplidar_ros/package.ps1'
[94.660s] INFO:colcon.colcon_core.shell:Creating package descriptor '/home/seav/ros2_ws/install/rplidar_ros/share/rplidar_ros/package.dsv'
[94.665s] INFO:colcon.colcon_core.shell:Creating package script '/home/seav/ros2_ws/install/rplidar_ros/share/rplidar_ros/package.sh'
[94.667s] INFO:colcon.colcon_core.shell:Creating package script '/home/seav/ros2_ws/install/rplidar_ros/share/rplidar_ros/package.bash'
[94.669s] INFO:colcon.colcon_core.shell:Creating package script '/home/seav/ros2_ws/install/rplidar_ros/share/rplidar_ros/package.zsh'
[94.670s] Level 1:colcon.colcon_core.environment:create_file_with_runtime_dependencies(/home/seav/ros2_ws/install/rplidar_ros/share/colcon-core/packages/rplidar_ros)
[95.196s] Level 1:colcon.colcon_core.environment:create_environment_scripts_only(rplidar_ros)
[95.198s] Level 1:colcon.colcon_core.environment:checking '/home/seav/ros2_ws/install/rplidar_ros' for CMake module files
[95.202s] Level 1:colcon.colcon_core.environment:checking '/home/seav/ros2_ws/install/rplidar_ros' for CMake config files
[95.206s] Level 1:colcon.colcon_core.shell:create_environment_hook('rplidar_ros', 'cmake_prefix_path')
[95.207s] INFO:colcon.colcon_core.shell:Creating environment hook '/home/seav/ros2_ws/install/rplidar_ros/share/rplidar_ros/hook/cmake_prefix_path.ps1'
[95.210s] INFO:colcon.colcon_core.shell:Creating environment descriptor '/home/seav/ros2_ws/install/rplidar_ros/share/rplidar_ros/hook/cmake_prefix_path.dsv'
[95.212s] INFO:colcon.colcon_core.shell:Creating environment hook '/home/seav/ros2_ws/install/rplidar_ros/share/rplidar_ros/hook/cmake_prefix_path.sh'
[95.215s] Level 1:colcon.colcon_core.environment:checking '/home/seav/ros2_ws/install/rplidar_ros/lib'
[95.216s] Level 1:colcon.colcon_core.environment:checking '/home/seav/ros2_ws/install/rplidar_ros/bin'
[95.216s] Level 1:colcon.colcon_core.environment:checking '/home/seav/ros2_ws/install/rplidar_ros/lib/pkgconfig/rplidar_ros.pc'
[95.217s] Level 1:colcon.colcon_core.environment:checking '/home/seav/ros2_ws/install/rplidar_ros/lib/python3.10/site-packages'
[95.218s] Level 1:colcon.colcon_core.environment:checking '/home/seav/ros2_ws/install/rplidar_ros/bin'
[95.219s] INFO:colcon.colcon_core.shell:Creating package script '/home/seav/ros2_ws/install/rplidar_ros/share/rplidar_ros/package.ps1'
[95.222s] INFO:colcon.colcon_core.shell:Creating package descriptor '/home/seav/ros2_ws/install/rplidar_ros/share/rplidar_ros/package.dsv'
[95.224s] INFO:colcon.colcon_core.shell:Creating package script '/home/seav/ros2_ws/install/rplidar_ros/share/rplidar_ros/package.sh'
[95.227s] INFO:colcon.colcon_core.shell:Creating package script '/home/seav/ros2_ws/install/rplidar_ros/share/rplidar_ros/package.bash'
[95.229s] INFO:colcon.colcon_core.shell:Creating package script '/home/seav/ros2_ws/install/rplidar_ros/share/rplidar_ros/package.zsh'
[95.231s] Level 1:colcon.colcon_core.environment:create_file_with_runtime_dependencies(/home/seav/ros2_ws/install/rplidar_ros/share/colcon-core/packages/rplidar_ros)
[95.233s] DEBUG:colcon.colcon_parallel_executor.executor.parallel:closing loop
[95.236s] DEBUG:colcon.colcon_parallel_executor.executor.parallel:loop closed
[95.237s] DEBUG:colcon.colcon_parallel_executor.executor.parallel:run_until_complete finished with '0'
[95.237s] DEBUG:colcon.colcon_core.event_reactor:joining thread
[95.320s] INFO:colcon.colcon_core.plugin_system:Skipping extension 'colcon_notification.desktop_notification.terminal_notifier': Not used on non-Darwin systems
[95.320s] INFO:colcon.colcon_core.plugin_system:Skipping extension 'colcon_notification.desktop_notification.win32': Not used on non-Windows systems
[95.321s] INFO:colcon.colcon_notification.desktop_notification:Sending desktop notification using 'notify2'
[95.377s] DEBUG:colcon.colcon_core.event_reactor:joined thread
[95.379s] INFO:colcon.colcon_core.shell:Creating prefix script '/home/seav/ros2_ws/install/local_setup.ps1'
[95.386s] INFO:colcon.colcon_core.shell:Creating prefix util module '/home/seav/ros2_ws/install/_local_setup_util_ps1.py'
[95.398s] INFO:colcon.colcon_core.shell:Creating prefix chain script '/home/seav/ros2_ws/install/setup.ps1'
[95.408s] INFO:colcon.colcon_core.shell:Creating prefix script '/home/seav/ros2_ws/install/local_setup.sh'
[95.412s] INFO:colcon.colcon_core.shell:Creating prefix util module '/home/seav/ros2_ws/install/_local_setup_util_sh.py'
[95.415s] INFO:colcon.colcon_core.shell:Creating prefix chain script '/home/seav/ros2_ws/install/setup.sh'
[95.422s] INFO:colcon.colcon_core.shell:Creating prefix script '/home/seav/ros2_ws/install/local_setup.bash'
[95.427s] INFO:colcon.colcon_core.shell:Creating prefix chain script '/home/seav/ros2_ws/install/setup.bash'
[95.433s] INFO:colcon.colcon_core.shell:Creating prefix script '/home/seav/ros2_ws/install/local_setup.zsh'
[95.437s] INFO:colcon.colcon_core.shell:Creating prefix chain script '/home/seav/ros2_ws/install/setup.zsh'
