[0.152s] Invoking command in '/home/seav/ros2_ws/build/tf2_msgs': /usr/bin/cmake /home/seav/ros2_ws/src/geometry2/tf2_msgs -DCATKIN_INSTALL_INTO_PREFIX_ROOT=0 -DCMAKE_INSTALL_PREFIX=/home/seav/ros2_ws/install/tf2_msgs
[0.706s] -- The C compiler identification is GNU 11.4.0
[1.120s] -- The CXX compiler identification is GNU 11.4.0
[1.168s] -- Detecting C compiler ABI info
[1.671s] -- Detecting C compiler ABI info - done
[1.710s] -- Check for working C compiler: /usr/bin/cc - skipped
[1.711s] -- Detecting C compile features
[1.713s] -- Detecting C compile features - done
[1.731s] -- Detecting CXX compiler ABI info
[2.366s] -- Detecting CXX compiler ABI info - done
[2.412s] -- Check for working CXX compiler: /usr/bin/c++ - skipped
[2.413s] -- Detecting CXX compile features
[2.419s] -- Detecting CXX compile features - done
[2.682s] [31mCMake Error at CMakeLists.txt:4 (find_package):
[2.684s]   By not providing "Findcatkin.cmake" in CMAKE_MODULE_PATH this project has
[2.699s]   asked CMake to find a package configuration file provided by "catkin", but
[2.699s]   CMake did not find one.
[2.700s] 
[2.700s]   Could not find a package configuration file provided by "catkin" with any
[2.700s]   of the following names:
[2.701s] 
[2.701s]     catkinConfig.cmake
[2.701s]     catkin-config.cmake
[2.702s] 
[2.702s]   Add the installation prefix of "catkin" to CMAKE_PREFIX_PATH or set
[2.703s]   "catkin_DIR" to a directory containing one of the above files.  If "catkin"
[2.703s]   provides a separate development package or SDK, be sure it has been
[2.703s]   installed.
[2.704s] 
[2.704s] [0m
[2.704s] -- Configuring incomplete, errors occurred!
[2.705s] See also "/home/seav/ros2_ws/build/tf2_msgs/CMakeFiles/CMakeOutput.log".
[2.733s] Invoked command in '/home/seav/ros2_ws/build/tf2_msgs' returned '1': /usr/bin/cmake /home/seav/ros2_ws/src/geometry2/tf2_msgs -DCATKIN_INSTALL_INTO_PREFIX_ROOT=0 -DCMAKE_INSTALL_PREFIX=/home/seav/ros2_ws/install/tf2_msgs
