[18.643s] Invoking command in '/home/seav/ros2_ws/build/static_tf_publisher': PYTHONPATH=/home/seav/ros2_ws/build/static_tf_publisher/prefix_override:/usr/lib/python3/dist-packages/colcon_core/task/python/colcon_distutils_commands:/home/seav/ros2_ws/install/static_tf_publisher/lib/python3.10/site-packages:${PYTHONPATH} /usr/bin/python3 -W ignore:setup.py install is deprecated setup.py develop --editable --build-directory /home/seav/ros2_ws/build/static_tf_publisher/build --no-deps symlink_data --force
[25.347s] running develop
[25.361s] /usr/lib/python3/dist-packages/setuptools/command/easy_install.py:158: EasyInstallDeprecationWarning: easy_install command is deprecated. Use build and pip and other standards-based tools.
[25.362s]   warnings.warn(
[30.639s] running egg_info
[30.641s] writing static_tf_publisher.egg-info/PKG-INFO
[30.646s] writing dependency_links to static_tf_publisher.egg-info/dependency_links.txt
[30.655s] writing entry points to static_tf_publisher.egg-info/entry_points.txt
[30.662s] writing requirements to static_tf_publisher.egg-info/requires.txt
[30.668s] writing top-level names to static_tf_publisher.egg-info/top_level.txt
[30.688s] reading manifest file 'static_tf_publisher.egg-info/SOURCES.txt'
[30.709s] writing manifest file 'static_tf_publisher.egg-info/SOURCES.txt'
[30.725s] running build_ext
[30.727s] Creating /home/seav/ros2_ws/install/static_tf_publisher/lib/python3.10/site-packages/static-tf-publisher.egg-link (link to .)
[30.733s] 
[30.734s] Installed /home/seav/ros2_ws/build/static_tf_publisher
[30.735s] running symlink_data
[30.738s] symbolically linking /home/seav/ros2_ws/build/static_tf_publisher/resource/static_tf_publisher -> /home/seav/ros2_ws/install/static_tf_publisher/share/ament_index/resource_index/packages
[30.744s] symbolically linking /home/seav/ros2_ws/build/static_tf_publisher/package.xml -> /home/seav/ros2_ws/install/static_tf_publisher/share/static_tf_publisher
[30.745s] symbolically linking /home/seav/ros2_ws/build/static_tf_publisher/launch/static_tf_launch.py -> /home/seav/ros2_ws/install/static_tf_publisher/share/static_tf_publisher/launch
[31.029s] Invoked command in '/home/seav/ros2_ws/build/static_tf_publisher' returned '0': PYTHONPATH=/home/seav/ros2_ws/build/static_tf_publisher/prefix_override:/usr/lib/python3/dist-packages/colcon_core/task/python/colcon_distutils_commands:/home/seav/ros2_ws/install/static_tf_publisher/lib/python3.10/site-packages:${PYTHONPATH} /usr/bin/python3 -W ignore:setup.py install is deprecated setup.py develop --editable --build-directory /home/seav/ros2_ws/build/static_tf_publisher/build --no-deps symlink_data --force
