[0.199s] Invoking command in '/home/seav/ros2_ws/build/rplidar_ros': CMAKE_PREFIX_PATH=${CMAKE_PREFIX_PATH}:/home/seav/ros2_ws/install/static_tf_publisher:/home/seav/ros2_ws/install/seav_test_sensors:/opt/ros/humble /usr/bin/cmake --build /home/seav/ros2_ws/build/rplidar_ros -- -j4 -l4
[2.272s] [35m[1mConsolidate compiler generated dependencies of target rplidar_client[0m
[2.279s] [35m[1mConsolidate compiler generated dependencies of target rplidar_node[0m
[2.285s] [35m[1mConsolidate compiler generated dependencies of target rplidar_composition[0m
[2.286s] [  5%] Built target rplidar_client
[2.286s] [ 52%] Built target rplidar_composition
[2.287s] [100%] Built target rplidar_node
[4.067s] Invoked command in '/home/seav/ros2_ws/build/rplidar_ros' returned '0': CMAKE_PREFIX_PATH=${CMAKE_PREFIX_PATH}:/home/seav/ros2_ws/install/static_tf_publisher:/home/seav/ros2_ws/install/seav_test_sensors:/opt/ros/humble /usr/bin/cmake --build /home/seav/ros2_ws/build/rplidar_ros -- -j4 -l4
[4.848s] Invoking command in '/home/seav/ros2_ws/build/rplidar_ros': CMAKE_PREFIX_PATH=${CMAKE_PREFIX_PATH}:/home/seav/ros2_ws/install/static_tf_publisher:/home/seav/ros2_ws/install/seav_test_sensors:/opt/ros/humble /usr/bin/cmake --install /home/seav/ros2_ws/build/rplidar_ros
[4.889s] -- Install configuration: ""
[4.894s] -- Up-to-date: /home/seav/ros2_ws/install/rplidar_ros/share/rplidar_ros/launch
[4.895s] -- Up-to-date: /home/seav/ros2_ws/install/rplidar_ros/share/rplidar_ros/launch/view_rplidar_a2m8_launch.py
[4.898s] -- Up-to-date: /home/seav/ros2_ws/install/rplidar_ros/share/rplidar_ros/launch/view_rplidar_s1_launch.py
[4.899s] -- Up-to-date: /home/seav/ros2_ws/install/rplidar_ros/share/rplidar_ros/launch/view_rplidar_a1_launch.py
[4.903s] -- Up-to-date: /home/seav/ros2_ws/install/rplidar_ros/share/rplidar_ros/launch/view_rplidar_a3_launch.py
[4.906s] -- Up-to-date: /home/seav/ros2_ws/install/rplidar_ros/share/rplidar_ros/launch/rplidar_s1_launch.py
[4.908s] -- Up-to-date: /home/seav/ros2_ws/install/rplidar_ros/share/rplidar_ros/launch/view_rplidar_s2e_launch.py
[4.911s] -- Up-to-date: /home/seav/ros2_ws/install/rplidar_ros/share/rplidar_ros/launch/view_rplidar_a2m12_launch.py
[4.912s] -- Up-to-date: /home/seav/ros2_ws/install/rplidar_ros/share/rplidar_ros/launch/rplidar_s2_launch.py
[4.914s] -- Up-to-date: /home/seav/ros2_ws/install/rplidar_ros/share/rplidar_ros/launch/rplidar_a2m8_launch.py
[4.915s] -- Up-to-date: /home/seav/ros2_ws/install/rplidar_ros/share/rplidar_ros/launch/view_rplidar_s3_launch.py
[4.916s] -- Up-to-date: /home/seav/ros2_ws/install/rplidar_ros/share/rplidar_ros/launch/rplidar_a1_launch.py
[4.917s] -- Up-to-date: /home/seav/ros2_ws/install/rplidar_ros/share/rplidar_ros/launch/rplidar_c1_launch.py
[4.918s] -- Up-to-date: /home/seav/ros2_ws/install/rplidar_ros/share/rplidar_ros/launch/rplidar_a3_launch.py
[4.919s] -- Up-to-date: /home/seav/ros2_ws/install/rplidar_ros/share/rplidar_ros/launch/view_rplidar_t1_launch.py
[4.920s] -- Up-to-date: /home/seav/ros2_ws/install/rplidar_ros/share/rplidar_ros/launch/rplidar_a2m7_launch.py
[4.921s] -- Up-to-date: /home/seav/ros2_ws/install/rplidar_ros/share/rplidar_ros/launch/rplidar_s3_launch.py
[4.922s] -- Up-to-date: /home/seav/ros2_ws/install/rplidar_ros/share/rplidar_ros/launch/rplidar_s2e_launch.py
[4.923s] -- Up-to-date: /home/seav/ros2_ws/install/rplidar_ros/share/rplidar_ros/launch/view_rplidar_a2m7_launch.py
[4.925s] -- Up-to-date: /home/seav/ros2_ws/install/rplidar_ros/share/rplidar_ros/launch/view_rplidar_s1_tcp_launch.py
[4.926s] -- Up-to-date: /home/seav/ros2_ws/install/rplidar_ros/share/rplidar_ros/launch/view_rplidar_s2_launch.py
[4.927s] -- Up-to-date: /home/seav/ros2_ws/install/rplidar_ros/share/rplidar_ros/launch/rplidar_t1_launch.py
[4.953s] -- Up-to-date: /home/seav/ros2_ws/install/rplidar_ros/share/rplidar_ros/launch/rplidar_a2m12_launch.py
[4.954s] -- Up-to-date: /home/seav/ros2_ws/install/rplidar_ros/share/rplidar_ros/launch/rplidar_s1_tcp_launch.py
[4.955s] -- Up-to-date: /home/seav/ros2_ws/install/rplidar_ros/share/rplidar_ros/launch/view_rplidar_c1_launch.py
[4.961s] -- Up-to-date: /home/seav/ros2_ws/install/rplidar_ros/share/rplidar_ros/rviz
[4.966s] -- Up-to-date: /home/seav/ros2_ws/install/rplidar_ros/share/rplidar_ros/rviz/rplidar_ros.rviz
[4.967s] -- Up-to-date: /home/seav/ros2_ws/install/rplidar_ros/lib/rplidar_ros/rplidar_node
[4.969s] -- Up-to-date: /home/seav/ros2_ws/install/rplidar_ros/lib/rplidar_ros/rplidar_composition
[4.971s] -- Up-to-date: /home/seav/ros2_ws/install/rplidar_ros/lib/rplidar_ros/rplidar_client
[4.972s] -- Up-to-date: /home/seav/ros2_ws/install/rplidar_ros/share/ament_index/resource_index/package_run_dependencies/rplidar_ros
[4.980s] -- Up-to-date: /home/seav/ros2_ws/install/rplidar_ros/share/ament_index/resource_index/parent_prefix_path/rplidar_ros
[4.983s] -- Up-to-date: /home/seav/ros2_ws/install/rplidar_ros/share/rplidar_ros/environment/ament_prefix_path.sh
[4.983s] -- Up-to-date: /home/seav/ros2_ws/install/rplidar_ros/share/rplidar_ros/environment/ament_prefix_path.dsv
[4.985s] -- Up-to-date: /home/seav/ros2_ws/install/rplidar_ros/share/rplidar_ros/environment/path.sh
[4.986s] -- Up-to-date: /home/seav/ros2_ws/install/rplidar_ros/share/rplidar_ros/environment/path.dsv
[4.987s] -- Up-to-date: /home/seav/ros2_ws/install/rplidar_ros/share/rplidar_ros/local_setup.bash
[4.990s] -- Up-to-date: /home/seav/ros2_ws/install/rplidar_ros/share/rplidar_ros/local_setup.sh
[4.991s] -- Up-to-date: /home/seav/ros2_ws/install/rplidar_ros/share/rplidar_ros/local_setup.zsh
[4.991s] -- Up-to-date: /home/seav/ros2_ws/install/rplidar_ros/share/rplidar_ros/local_setup.dsv
[4.992s] -- Installing: /home/seav/ros2_ws/install/rplidar_ros/share/rplidar_ros/package.dsv
[4.993s] -- Up-to-date: /home/seav/ros2_ws/install/rplidar_ros/share/ament_index/resource_index/packages/rplidar_ros
[4.994s] -- Up-to-date: /home/seav/ros2_ws/install/rplidar_ros/share/rplidar_ros/cmake/ament_cmake_export_dependencies-extras.cmake
[4.994s] -- Up-to-date: /home/seav/ros2_ws/install/rplidar_ros/share/rplidar_ros/cmake/ament_cmake_export_include_directories-extras.cmake
[4.995s] -- Up-to-date: /home/seav/ros2_ws/install/rplidar_ros/share/rplidar_ros/cmake/rplidar_rosConfig.cmake
[4.995s] -- Up-to-date: /home/seav/ros2_ws/install/rplidar_ros/share/rplidar_ros/cmake/rplidar_rosConfig-version.cmake
[4.996s] -- Up-to-date: /home/seav/ros2_ws/install/rplidar_ros/share/rplidar_ros/package.xml
[5.005s] Invoked command in '/home/seav/ros2_ws/build/rplidar_ros' returned '0': CMAKE_PREFIX_PATH=${CMAKE_PREFIX_PATH}:/home/seav/ros2_ws/install/static_tf_publisher:/home/seav/ros2_ws/install/seav_test_sensors:/opt/ros/humble /usr/bin/cmake --install /home/seav/ros2_ws/build/rplidar_ros
