[0.217s] Invoking command in '/home/seav/ros2_ws/build/rplidar_ros': CMAKE_PREFIX_PATH=${CMAKE_PREFIX_PATH}:/home/seav/ros2_ws/install/static_tf_publisher:/home/seav/ros2_ws/install/seav_test_sensors:/opt/ros/humble /usr/bin/cmake --build /home/seav/ros2_ws/build/rplidar_ros -- -j4 -l4
[1.940s] [  5%] Built target rplidar_client
[1.951s] [ 92%] Built target rplidar_composition
[1.952s] [100%] Built target rplidar_node
[3.533s] Invoked command in '/home/seav/ros2_ws/build/rplidar_ros' returned '0': CMAKE_PREFIX_PATH=${CMAKE_PREFIX_PATH}:/home/seav/ros2_ws/install/static_tf_publisher:/home/seav/ros2_ws/install/seav_test_sensors:/opt/ros/humble /usr/bin/cmake --build /home/seav/ros2_ws/build/rplidar_ros -- -j4 -l4
[4.141s] Invoking command in '/home/seav/ros2_ws/build/rplidar_ros': CMAKE_PREFIX_PATH=${CMAKE_PREFIX_PATH}:/home/seav/ros2_ws/install/static_tf_publisher:/home/seav/ros2_ws/install/seav_test_sensors:/opt/ros/humble /usr/bin/cmake --install /home/seav/ros2_ws/build/rplidar_ros
[4.207s] -- Install configuration: ""
[4.213s] -- Up-to-date: /home/seav/ros2_ws/install/rplidar_ros/share/rplidar_ros/launch
[4.215s] -- Up-to-date: /home/seav/ros2_ws/install/rplidar_ros/share/rplidar_ros/launch/view_rplidar_a2m8_launch.py
[4.216s] -- Up-to-date: /home/seav/ros2_ws/install/rplidar_ros/share/rplidar_ros/launch/view_rplidar_s1_launch.py
[4.217s] -- Up-to-date: /home/seav/ros2_ws/install/rplidar_ros/share/rplidar_ros/launch/view_rplidar_a1_launch.py
[4.219s] -- Up-to-date: /home/seav/ros2_ws/install/rplidar_ros/share/rplidar_ros/launch/view_rplidar_a3_launch.py
[4.221s] -- Up-to-date: /home/seav/ros2_ws/install/rplidar_ros/share/rplidar_ros/launch/rplidar_s1_launch.py
[4.222s] -- Up-to-date: /home/seav/ros2_ws/install/rplidar_ros/share/rplidar_ros/launch/view_rplidar_s2e_launch.py
[4.223s] -- Up-to-date: /home/seav/ros2_ws/install/rplidar_ros/share/rplidar_ros/launch/view_rplidar_a2m12_launch.py
[4.224s] -- Up-to-date: /home/seav/ros2_ws/install/rplidar_ros/share/rplidar_ros/launch/rplidar_s2_launch.py
[4.224s] -- Up-to-date: /home/seav/ros2_ws/install/rplidar_ros/share/rplidar_ros/launch/rplidar_a2m8_launch.py
[4.225s] -- Up-to-date: /home/seav/ros2_ws/install/rplidar_ros/share/rplidar_ros/launch/view_rplidar_s3_launch.py
[4.226s] -- Up-to-date: /home/seav/ros2_ws/install/rplidar_ros/share/rplidar_ros/launch/rplidar_a1_launch.py
[4.226s] -- Up-to-date: /home/seav/ros2_ws/install/rplidar_ros/share/rplidar_ros/launch/rplidar_c1_launch.py
[4.227s] -- Up-to-date: /home/seav/ros2_ws/install/rplidar_ros/share/rplidar_ros/launch/rplidar_a3_launch.py
[4.228s] -- Up-to-date: /home/seav/ros2_ws/install/rplidar_ros/share/rplidar_ros/launch/view_rplidar_t1_launch.py
[4.228s] -- Up-to-date: /home/seav/ros2_ws/install/rplidar_ros/share/rplidar_ros/launch/rplidar_a2m7_launch.py
[4.229s] -- Up-to-date: /home/seav/ros2_ws/install/rplidar_ros/share/rplidar_ros/launch/rplidar_s3_launch.py
[4.229s] -- Up-to-date: /home/seav/ros2_ws/install/rplidar_ros/share/rplidar_ros/launch/rplidar_s2e_launch.py
[4.230s] -- Up-to-date: /home/seav/ros2_ws/install/rplidar_ros/share/rplidar_ros/launch/view_rplidar_a2m7_launch.py
[4.230s] -- Up-to-date: /home/seav/ros2_ws/install/rplidar_ros/share/rplidar_ros/launch/view_rplidar_s1_tcp_launch.py
[4.231s] -- Up-to-date: /home/seav/ros2_ws/install/rplidar_ros/share/rplidar_ros/launch/view_rplidar_s2_launch.py
[4.232s] -- Up-to-date: /home/seav/ros2_ws/install/rplidar_ros/share/rplidar_ros/launch/rplidar_t1_launch.py
[4.232s] -- Up-to-date: /home/seav/ros2_ws/install/rplidar_ros/share/rplidar_ros/launch/rplidar_a2m12_launch.py
[4.233s] -- Up-to-date: /home/seav/ros2_ws/install/rplidar_ros/share/rplidar_ros/launch/rplidar_s1_tcp_launch.py
[4.234s] -- Up-to-date: /home/seav/ros2_ws/install/rplidar_ros/share/rplidar_ros/launch/view_rplidar_c1_launch.py
[4.234s] -- Up-to-date: /home/seav/ros2_ws/install/rplidar_ros/share/rplidar_ros/rviz
[4.235s] -- Up-to-date: /home/seav/ros2_ws/install/rplidar_ros/share/rplidar_ros/rviz/rplidar_ros.rviz
[4.237s] -- Up-to-date: /home/seav/ros2_ws/install/rplidar_ros/lib/rplidar_ros/rplidar_node
[4.241s] -- Up-to-date: /home/seav/ros2_ws/install/rplidar_ros/lib/rplidar_ros/rplidar_composition
[4.241s] -- Up-to-date: /home/seav/ros2_ws/install/rplidar_ros/lib/rplidar_ros/rplidar_client
[4.242s] -- Up-to-date: /home/seav/ros2_ws/install/rplidar_ros/share/ament_index/resource_index/package_run_dependencies/rplidar_ros
[4.242s] -- Up-to-date: /home/seav/ros2_ws/install/rplidar_ros/share/ament_index/resource_index/parent_prefix_path/rplidar_ros
[4.243s] -- Up-to-date: /home/seav/ros2_ws/install/rplidar_ros/share/rplidar_ros/environment/ament_prefix_path.sh
[4.245s] -- Up-to-date: /home/seav/ros2_ws/install/rplidar_ros/share/rplidar_ros/environment/ament_prefix_path.dsv
[4.246s] -- Up-to-date: /home/seav/ros2_ws/install/rplidar_ros/share/rplidar_ros/environment/path.sh
[4.247s] -- Up-to-date: /home/seav/ros2_ws/install/rplidar_ros/share/rplidar_ros/environment/path.dsv
[4.247s] -- Up-to-date: /home/seav/ros2_ws/install/rplidar_ros/share/rplidar_ros/local_setup.bash
[4.248s] -- Up-to-date: /home/seav/ros2_ws/install/rplidar_ros/share/rplidar_ros/local_setup.sh
[4.249s] -- Up-to-date: /home/seav/ros2_ws/install/rplidar_ros/share/rplidar_ros/local_setup.zsh
[4.251s] -- Up-to-date: /home/seav/ros2_ws/install/rplidar_ros/share/rplidar_ros/local_setup.dsv
[4.252s] -- Installing: /home/seav/ros2_ws/install/rplidar_ros/share/rplidar_ros/package.dsv
[4.257s] -- Up-to-date: /home/seav/ros2_ws/install/rplidar_ros/share/ament_index/resource_index/packages/rplidar_ros
[4.259s] -- Up-to-date: /home/seav/ros2_ws/install/rplidar_ros/share/rplidar_ros/cmake/ament_cmake_export_dependencies-extras.cmake
[4.261s] -- Up-to-date: /home/seav/ros2_ws/install/rplidar_ros/share/rplidar_ros/cmake/ament_cmake_export_include_directories-extras.cmake
[4.262s] -- Up-to-date: /home/seav/ros2_ws/install/rplidar_ros/share/rplidar_ros/cmake/rplidar_rosConfig.cmake
[4.263s] -- Up-to-date: /home/seav/ros2_ws/install/rplidar_ros/share/rplidar_ros/cmake/rplidar_rosConfig-version.cmake
[4.263s] -- Up-to-date: /home/seav/ros2_ws/install/rplidar_ros/share/rplidar_ros/package.xml
[4.265s] Invoked command in '/home/seav/ros2_ws/build/rplidar_ros' returned '0': CMAKE_PREFIX_PATH=${CMAKE_PREFIX_PATH}:/home/seav/ros2_ws/install/static_tf_publisher:/home/seav/ros2_ws/install/seav_test_sensors:/opt/ros/humble /usr/bin/cmake --install /home/seav/ros2_ws/build/rplidar_ros
