[2.731s] Invoking command in '/home/seav/ros2_ws/build/rplidar_ros': CMAKE_PREFIX_PATH=${CMAKE_PREFIX_PATH}:/home/seav/ros2_ws/install/static_tf_publisher:/home/seav/ros2_ws/install/seav_test_sensors:/opt/ros/humble /usr/bin/cmake /home/seav/ros2_ws/src/rplidar_ros -DAMENT_CMAKE_SYMLINK_INSTALL=1 -DCMAKE_INSTALL_PREFIX=/home/seav/ros2_ws/install/rplidar_ros
[6.928s] -- Found ament_cmake: 1.3.10 (/opt/ros/humble/share/ament_cmake/cmake)
[6.960s] -- Override CMake install command with custom implementation using symlinks instead of copying resources
[6.961s] -- Found rclcpp: 16.0.10 (/opt/ros/humble/share/rclcpp/cmake)
[6.962s] -- Found rosidl_generator_c: 3.1.5 (/opt/ros/humble/share/rosidl_generator_c/cmake)
[6.963s] -- Found rosidl_adapter: 3.1.5 (/opt/ros/humble/share/rosidl_adapter/cmake)
[6.963s] -- Found rosidl_generator_cpp: 3.1.5 (/opt/ros/humble/share/rosidl_generator_cpp/cmake)
[6.964s] -- Using all available rosidl_typesupport_c: rosidl_typesupport_fastrtps_c;rosidl_typesupport_introspection_c
[6.966s] -- Using all available rosidl_typesupport_cpp: rosidl_typesupport_fastrtps_cpp;rosidl_typesupport_introspection_cpp
[7.145s] -- Found rmw_implementation_cmake: 6.1.2 (/opt/ros/humble/share/rmw_implementation_cmake/cmake)
[7.190s] -- Found rmw_fastrtps_cpp: 6.2.7 (/opt/ros/humble/share/rmw_fastrtps_cpp/cmake)
[9.831s] -- Using RMW implementation 'rmw_fastrtps_cpp' as default
[11.506s] -- Found sensor_msgs: 4.2.4 (/opt/ros/humble/share/sensor_msgs/cmake)
[12.258s] -- Found std_srvs: 4.2.4 (/opt/ros/humble/share/std_srvs/cmake)
[14.762s] -- Configuring done
[15.118s] -- Generating done
[15.154s] -- Build files have been written to: /home/seav/ros2_ws/build/rplidar_ros
[15.207s] Invoked command in '/home/seav/ros2_ws/build/rplidar_ros' returned '0': CMAKE_PREFIX_PATH=${CMAKE_PREFIX_PATH}:/home/seav/ros2_ws/install/static_tf_publisher:/home/seav/ros2_ws/install/seav_test_sensors:/opt/ros/humble /usr/bin/cmake /home/seav/ros2_ws/src/rplidar_ros -DAMENT_CMAKE_SYMLINK_INSTALL=1 -DCMAKE_INSTALL_PREFIX=/home/seav/ros2_ws/install/rplidar_ros
[15.209s] Invoking command in '/home/seav/ros2_ws/build/rplidar_ros': CMAKE_PREFIX_PATH=${CMAKE_PREFIX_PATH}:/home/seav/ros2_ws/install/static_tf_publisher:/home/seav/ros2_ws/install/seav_test_sensors:/opt/ros/humble /usr/bin/cmake --build /home/seav/ros2_ws/build/rplidar_ros -- -j4 -l4
[15.909s] [35m[1mConsolidate compiler generated dependencies of target rplidar_node[0m
[16.492s] [  2%] [32m[1mLinking CXX executable rplidar_node[0m
[24.838s] [ 47%] Built target rplidar_node
[25.035s] [35m[1mConsolidate compiler generated dependencies of target rplidar_client[0m
[25.318s] [ 50%] [32m[1mLinking CXX executable rplidar_client[0m
[31.399s] [ 52%] Built target rplidar_client
[31.647s] [35m[1mConsolidate compiler generated dependencies of target rplidar_composition[0m
[31.864s] [ 55%] [32m[1mLinking CXX executable rplidar_composition[0m
[35.631s] [100%] Built target rplidar_composition
[35.755s] Invoked command in '/home/seav/ros2_ws/build/rplidar_ros' returned '0': CMAKE_PREFIX_PATH=${CMAKE_PREFIX_PATH}:/home/seav/ros2_ws/install/static_tf_publisher:/home/seav/ros2_ws/install/seav_test_sensors:/opt/ros/humble /usr/bin/cmake --build /home/seav/ros2_ws/build/rplidar_ros -- -j4 -l4
[36.781s] Invoking command in '/home/seav/ros2_ws/build/rplidar_ros': CMAKE_PREFIX_PATH=${CMAKE_PREFIX_PATH}:/home/seav/ros2_ws/install/static_tf_publisher:/home/seav/ros2_ws/install/seav_test_sensors:/opt/ros/humble /usr/bin/cmake --install /home/seav/ros2_ws/build/rplidar_ros
[36.871s] -- Install configuration: ""
[36.876s] -- Execute custom install script
[36.897s] -- Symlinking: /home/seav/ros2_ws/install/rplidar_ros/share/rplidar_ros/launch/rplidar_a1_launch.py
[36.971s] -- Symlinking: /home/seav/ros2_ws/install/rplidar_ros/share/rplidar_ros/launch/rplidar_a2m12_launch.py
[37.035s] -- Symlinking: /home/seav/ros2_ws/install/rplidar_ros/share/rplidar_ros/launch/rplidar_a2m7_launch.py
[37.133s] -- Symlinking: /home/seav/ros2_ws/install/rplidar_ros/share/rplidar_ros/launch/rplidar_a2m8_launch.py
[37.254s] -- Symlinking: /home/seav/ros2_ws/install/rplidar_ros/share/rplidar_ros/launch/rplidar_a3_launch.py
[37.393s] -- Symlinking: /home/seav/ros2_ws/install/rplidar_ros/share/rplidar_ros/launch/rplidar_c1_launch.py
[37.468s] -- Symlinking: /home/seav/ros2_ws/install/rplidar_ros/share/rplidar_ros/launch/rplidar_s1_launch.py
[37.530s] -- Symlinking: /home/seav/ros2_ws/install/rplidar_ros/share/rplidar_ros/launch/rplidar_s1_tcp_launch.py
[37.603s] -- Symlinking: /home/seav/ros2_ws/install/rplidar_ros/share/rplidar_ros/launch/rplidar_s2_launch.py
[37.712s] -- Symlinking: /home/seav/ros2_ws/install/rplidar_ros/share/rplidar_ros/launch/rplidar_s2e_launch.py
[37.830s] -- Symlinking: /home/seav/ros2_ws/install/rplidar_ros/share/rplidar_ros/launch/rplidar_s3_launch.py
[37.945s] -- Symlinking: /home/seav/ros2_ws/install/rplidar_ros/share/rplidar_ros/launch/rplidar_t1_launch.py
[38.031s] -- Symlinking: /home/seav/ros2_ws/install/rplidar_ros/share/rplidar_ros/launch/view_rplidar_a1_launch.py
[38.096s] -- Symlinking: /home/seav/ros2_ws/install/rplidar_ros/share/rplidar_ros/launch/view_rplidar_a2m12_launch.py
[38.137s] -- Symlinking: /home/seav/ros2_ws/install/rplidar_ros/share/rplidar_ros/launch/view_rplidar_a2m7_launch.py
[38.202s] -- Symlinking: /home/seav/ros2_ws/install/rplidar_ros/share/rplidar_ros/launch/view_rplidar_a2m8_launch.py
[38.287s] -- Symlinking: /home/seav/ros2_ws/install/rplidar_ros/share/rplidar_ros/launch/view_rplidar_a3_launch.py
[38.414s] -- Symlinking: /home/seav/ros2_ws/install/rplidar_ros/share/rplidar_ros/launch/view_rplidar_c1_launch.py
[38.499s] -- Symlinking: /home/seav/ros2_ws/install/rplidar_ros/share/rplidar_ros/launch/view_rplidar_s1_launch.py
[38.588s] -- Symlinking: /home/seav/ros2_ws/install/rplidar_ros/share/rplidar_ros/launch/view_rplidar_s1_tcp_launch.py
[38.670s] -- Symlinking: /home/seav/ros2_ws/install/rplidar_ros/share/rplidar_ros/launch/view_rplidar_s2_launch.py
[38.733s] -- Symlinking: /home/seav/ros2_ws/install/rplidar_ros/share/rplidar_ros/launch/view_rplidar_s2e_launch.py
[38.791s] -- Symlinking: /home/seav/ros2_ws/install/rplidar_ros/share/rplidar_ros/launch/view_rplidar_s3_launch.py
[38.841s] -- Symlinking: /home/seav/ros2_ws/install/rplidar_ros/share/rplidar_ros/launch/view_rplidar_t1_launch.py
[38.893s] -- Symlinking: /home/seav/ros2_ws/install/rplidar_ros/share/rplidar_ros/rviz/rplidar_ros.rviz
[38.951s] -- Symlinking: /home/seav/ros2_ws/install/rplidar_ros/lib/rplidar_ros/rplidar_node
[39.000s] -- Symlinking: /home/seav/ros2_ws/install/rplidar_ros/lib/rplidar_ros/rplidar_composition
[39.045s] -- Symlinking: /home/seav/ros2_ws/install/rplidar_ros/lib/rplidar_ros/rplidar_client
[39.091s] -- Symlinking: /home/seav/ros2_ws/install/rplidar_ros/share/ament_index/resource_index/package_run_dependencies/rplidar_ros
[39.147s] -- Symlinking: /home/seav/ros2_ws/install/rplidar_ros/share/ament_index/resource_index/parent_prefix_path/rplidar_ros
[39.201s] -- Symlinking: /home/seav/ros2_ws/install/rplidar_ros/share/rplidar_ros/environment/ament_prefix_path.sh
[39.245s] -- Symlinking: /home/seav/ros2_ws/install/rplidar_ros/share/rplidar_ros/environment/ament_prefix_path.dsv
[39.301s] -- Symlinking: /home/seav/ros2_ws/install/rplidar_ros/share/rplidar_ros/environment/path.sh
[39.361s] -- Symlinking: /home/seav/ros2_ws/install/rplidar_ros/share/rplidar_ros/environment/path.dsv
[39.408s] -- Symlinking: /home/seav/ros2_ws/install/rplidar_ros/share/rplidar_ros/local_setup.bash
[39.448s] -- Symlinking: /home/seav/ros2_ws/install/rplidar_ros/share/rplidar_ros/local_setup.sh
[39.505s] -- Symlinking: /home/seav/ros2_ws/install/rplidar_ros/share/rplidar_ros/local_setup.zsh
[39.551s] -- Symlinking: /home/seav/ros2_ws/install/rplidar_ros/share/rplidar_ros/local_setup.dsv
[39.598s] -- Symlinking: /home/seav/ros2_ws/install/rplidar_ros/share/rplidar_ros/package.dsv
[39.640s] -- Symlinking: /home/seav/ros2_ws/install/rplidar_ros/share/ament_index/resource_index/packages/rplidar_ros
[39.687s] -- Symlinking: /home/seav/ros2_ws/install/rplidar_ros/share/rplidar_ros/cmake/ament_cmake_export_dependencies-extras.cmake
[39.729s] -- Symlinking: /home/seav/ros2_ws/install/rplidar_ros/share/rplidar_ros/cmake/ament_cmake_export_include_directories-extras.cmake
[39.770s] -- Symlinking: /home/seav/ros2_ws/install/rplidar_ros/share/rplidar_ros/cmake/rplidar_rosConfig.cmake
[39.812s] -- Symlinking: /home/seav/ros2_ws/install/rplidar_ros/share/rplidar_ros/cmake/rplidar_rosConfig-version.cmake
[39.851s] -- Symlinking: /home/seav/ros2_ws/install/rplidar_ros/share/rplidar_ros/package.xml
[39.906s] Invoked command in '/home/seav/ros2_ws/build/rplidar_ros' returned '0': CMAKE_PREFIX_PATH=${CMAKE_PREFIX_PATH}:/home/seav/ros2_ws/install/static_tf_publisher:/home/seav/ros2_ws/install/seav_test_sensors:/opt/ros/humble /usr/bin/cmake --install /home/seav/ros2_ws/build/rplidar_ros
