[0.188s] Invoking command in '/home/seav/ros2_ws/src/build/rplidar_ros': CMAKE_PREFIX_PATH=${CMAKE_PREFIX_PATH}:/home/seav/ros2_ws/install/seav_test_sensors:/opt/ros/humble /usr/bin/cmake --build /home/seav/ros2_ws/src/build/rplidar_ros -- -j4 -l4
[0.765s] [35m[1mConsolidate compiler generated dependencies of target rplidar_client[0m
[0.810s] [35m[1mConsolidate compiler generated dependencies of target rplidar_composition[0m
[0.814s] [35m[1mConsolidate compiler generated dependencies of target rplidar_node[0m
[0.974s] [  5%] Built target rplidar_client
[1.041s] [ 65%] Built target rplidar_composition
[1.045s] [100%] Built target rplidar_node
[1.850s] Invoked command in '/home/seav/ros2_ws/src/build/rplidar_ros' returned '0': CMAKE_PREFIX_PATH=${CMAKE_PREFIX_PATH}:/home/seav/ros2_ws/install/seav_test_sensors:/opt/ros/humble /usr/bin/cmake --build /home/seav/ros2_ws/src/build/rplidar_ros -- -j4 -l4
[2.520s] Invoking command in '/home/seav/ros2_ws/src/build/rplidar_ros': CMAKE_PREFIX_PATH=${CMAKE_PREFIX_PATH}:/home/seav/ros2_ws/install/seav_test_sensors:/opt/ros/humble /usr/bin/cmake --install /home/seav/ros2_ws/src/build/rplidar_ros
[2.561s] -- Install configuration: ""
[2.566s] -- Up-to-date: /home/seav/ros2_ws/src/install/rplidar_ros/share/rplidar_ros/launch
[2.569s] -- Up-to-date: /home/seav/ros2_ws/src/install/rplidar_ros/share/rplidar_ros/launch/view_rplidar_a2m8_launch.py
[2.571s] -- Up-to-date: /home/seav/ros2_ws/src/install/rplidar_ros/share/rplidar_ros/launch/view_rplidar_s1_launch.py
[2.573s] -- Up-to-date: /home/seav/ros2_ws/src/install/rplidar_ros/share/rplidar_ros/launch/view_rplidar_a1_launch.py
[2.575s] -- Up-to-date: /home/seav/ros2_ws/src/install/rplidar_ros/share/rplidar_ros/launch/view_rplidar_a3_launch.py
[2.581s] -- Up-to-date: /home/seav/ros2_ws/src/install/rplidar_ros/share/rplidar_ros/launch/rplidar_s1_launch.py
[2.584s] -- Up-to-date: /home/seav/ros2_ws/src/install/rplidar_ros/share/rplidar_ros/launch/view_rplidar_s2e_launch.py
[2.589s] -- Up-to-date: /home/seav/ros2_ws/src/install/rplidar_ros/share/rplidar_ros/launch/view_rplidar_a2m12_launch.py
[2.590s] -- Up-to-date: /home/seav/ros2_ws/src/install/rplidar_ros/share/rplidar_ros/launch/rplidar_s2_launch.py
[2.592s] -- Up-to-date: /home/seav/ros2_ws/src/install/rplidar_ros/share/rplidar_ros/launch/rplidar_a2m8_launch.py
[2.596s] -- Up-to-date: /home/seav/ros2_ws/src/install/rplidar_ros/share/rplidar_ros/launch/view_rplidar_s3_launch.py
[2.597s] -- Up-to-date: /home/seav/ros2_ws/src/install/rplidar_ros/share/rplidar_ros/launch/rplidar_a1_launch.py
[2.599s] -- Up-to-date: /home/seav/ros2_ws/src/install/rplidar_ros/share/rplidar_ros/launch/rplidar_c1_launch.py
[2.601s] -- Up-to-date: /home/seav/ros2_ws/src/install/rplidar_ros/share/rplidar_ros/launch/rplidar_a3_launch.py
[2.601s] -- Up-to-date: /home/seav/ros2_ws/src/install/rplidar_ros/share/rplidar_ros/launch/view_rplidar_t1_launch.py
[2.603s] -- Up-to-date: /home/seav/ros2_ws/src/install/rplidar_ros/share/rplidar_ros/launch/rplidar_a2m7_launch.py
[2.605s] -- Up-to-date: /home/seav/ros2_ws/src/install/rplidar_ros/share/rplidar_ros/launch/rplidar_s3_launch.py
[2.607s] -- Up-to-date: /home/seav/ros2_ws/src/install/rplidar_ros/share/rplidar_ros/launch/rplidar_s2e_launch.py
[2.612s] -- Up-to-date: /home/seav/ros2_ws/src/install/rplidar_ros/share/rplidar_ros/launch/view_rplidar_a2m7_launch.py
[2.614s] -- Up-to-date: /home/seav/ros2_ws/src/install/rplidar_ros/share/rplidar_ros/launch/view_rplidar_s1_tcp_launch.py
[2.615s] -- Up-to-date: /home/seav/ros2_ws/src/install/rplidar_ros/share/rplidar_ros/launch/view_rplidar_s2_launch.py
[2.615s] -- Up-to-date: /home/seav/ros2_ws/src/install/rplidar_ros/share/rplidar_ros/launch/rplidar_t1_launch.py
[2.616s] -- Up-to-date: /home/seav/ros2_ws/src/install/rplidar_ros/share/rplidar_ros/launch/rplidar_a2m12_launch.py
[2.617s] -- Up-to-date: /home/seav/ros2_ws/src/install/rplidar_ros/share/rplidar_ros/launch/rplidar_s1_tcp_launch.py
[2.617s] -- Up-to-date: /home/seav/ros2_ws/src/install/rplidar_ros/share/rplidar_ros/launch/view_rplidar_c1_launch.py
[2.619s] -- Up-to-date: /home/seav/ros2_ws/src/install/rplidar_ros/share/rplidar_ros/rviz
[2.620s] -- Up-to-date: /home/seav/ros2_ws/src/install/rplidar_ros/share/rplidar_ros/rviz/rplidar_ros.rviz
[2.621s] -- Up-to-date: /home/seav/ros2_ws/src/install/rplidar_ros/lib/rplidar_ros/rplidar_node
[2.632s] -- Up-to-date: /home/seav/ros2_ws/src/install/rplidar_ros/lib/rplidar_ros/rplidar_composition
[2.633s] -- Up-to-date: /home/seav/ros2_ws/src/install/rplidar_ros/lib/rplidar_ros/rplidar_client
[2.634s] -- Up-to-date: /home/seav/ros2_ws/src/install/rplidar_ros/share/ament_index/resource_index/package_run_dependencies/rplidar_ros
[2.635s] -- Up-to-date: /home/seav/ros2_ws/src/install/rplidar_ros/share/ament_index/resource_index/parent_prefix_path/rplidar_ros
[2.635s] -- Up-to-date: /home/seav/ros2_ws/src/install/rplidar_ros/share/rplidar_ros/environment/ament_prefix_path.sh
[2.636s] -- Up-to-date: /home/seav/ros2_ws/src/install/rplidar_ros/share/rplidar_ros/environment/ament_prefix_path.dsv
[2.637s] -- Up-to-date: /home/seav/ros2_ws/src/install/rplidar_ros/share/rplidar_ros/environment/path.sh
[2.644s] -- Up-to-date: /home/seav/ros2_ws/src/install/rplidar_ros/share/rplidar_ros/environment/path.dsv
[2.646s] -- Up-to-date: /home/seav/ros2_ws/src/install/rplidar_ros/share/rplidar_ros/local_setup.bash
[2.647s] -- Up-to-date: /home/seav/ros2_ws/src/install/rplidar_ros/share/rplidar_ros/local_setup.sh
[2.649s] -- Up-to-date: /home/seav/ros2_ws/src/install/rplidar_ros/share/rplidar_ros/local_setup.zsh
[2.649s] -- Up-to-date: /home/seav/ros2_ws/src/install/rplidar_ros/share/rplidar_ros/local_setup.dsv
[2.650s] -- Installing: /home/seav/ros2_ws/src/install/rplidar_ros/share/rplidar_ros/package.dsv
[2.652s] -- Up-to-date: /home/seav/ros2_ws/src/install/rplidar_ros/share/ament_index/resource_index/packages/rplidar_ros
[2.653s] -- Up-to-date: /home/seav/ros2_ws/src/install/rplidar_ros/share/rplidar_ros/cmake/ament_cmake_export_dependencies-extras.cmake
[2.654s] -- Up-to-date: /home/seav/ros2_ws/src/install/rplidar_ros/share/rplidar_ros/cmake/ament_cmake_export_include_directories-extras.cmake
[2.655s] -- Up-to-date: /home/seav/ros2_ws/src/install/rplidar_ros/share/rplidar_ros/cmake/rplidar_rosConfig.cmake
[2.657s] -- Up-to-date: /home/seav/ros2_ws/src/install/rplidar_ros/share/rplidar_ros/cmake/rplidar_rosConfig-version.cmake
[2.658s] -- Up-to-date: /home/seav/ros2_ws/src/install/rplidar_ros/share/rplidar_ros/package.xml
[2.807s] Invoked command in '/home/seav/ros2_ws/src/build/rplidar_ros' returned '0': CMAKE_PREFIX_PATH=${CMAKE_PREFIX_PATH}:/home/seav/ros2_ws/install/seav_test_sensors:/opt/ros/humble /usr/bin/cmake --install /home/seav/ros2_ws/src/build/rplidar_ros
