[0.566s] DEBUG:colcon:Command line arguments: ['/usr/bin/colcon', 'build']
[0.567s] DEBUG:colcon:Parsed command line arguments: Namespace(log_base=None, log_level=None, verb_name='build', build_base='build', install_base='install', merge_install=False, symlink_install=False, test_result_base=None, continue_on_error=False, executor='parallel', parallel_workers=4, event_handlers=None, ignore_user_meta=False, metas=['./colcon.meta'], base_paths=['.'], packages_ignore=None, packages_ignore_regex=None, paths=None, packages_up_to=None, packages_up_to_regex=None, packages_above=None, packages_above_and_dependencies=None, packages_above_depth=None, packages_select_by_dep=None, packages_skip_by_dep=None, packages_skip_up_to=None, packages_select_build_failed=False, packages_skip_build_finished=False, packages_select_test_failures=False, packages_skip_test_passed=False, packages_select=None, packages_skip=None, packages_select_regex=None, packages_skip_regex=None, packages_start=None, packages_end=None, allow_overriding=[], cmake_args=None, cmake_target=None, cmake_target_skip_unavailable=False, cmake_clean_cache=False, cmake_clean_first=False, cmake_force_configure=False, ament_cmake_args=None, catkin_cmake_args=None, catkin_skip_building_tests=False, mixin_files=None, mixin=None, verb_parser=<colcon_mixin.mixin.mixin_argument.MixinArgumentDecorator object at 0xffffae012da0>, verb_extension=<colcon_core.verb.build.BuildVerb object at 0xffffae0ff400>, main=<bound method BuildVerb.main of <colcon_core.verb.build.BuildVerb object at 0xffffae0ff400>>, mixin_verb=('build',))
[1.625s] Level 1:colcon.colcon_core.package_discovery:discover_packages(colcon_meta) check parameters
[1.625s] Level 1:colcon.colcon_core.package_discovery:discover_packages(recursive) check parameters
[1.625s] Level 1:colcon.colcon_core.package_discovery:discover_packages(ignore) check parameters
[1.626s] Level 1:colcon.colcon_core.package_discovery:discover_packages(path) check parameters
[1.626s] Level 1:colcon.colcon_core.package_discovery:discover_packages(colcon_meta) discover
[1.626s] Level 1:colcon.colcon_core.package_discovery:discover_packages(recursive) discover
[1.626s] INFO:colcon.colcon_core.package_discovery:Crawling recursively for packages in '/home/seav/ros2_ws'
[1.627s] Level 1:colcon.colcon_core.package_identification:_identify(.) by extensions ['ignore', 'ignore_ament_install']
[1.627s] Level 1:colcon.colcon_core.package_identification:_identify(.) by extension 'ignore'
[1.628s] Level 1:colcon.colcon_core.package_identification:_identify(.) by extension 'ignore_ament_install'
[1.628s] Level 1:colcon.colcon_core.package_identification:_identify(.) by extensions ['colcon_pkg']
[1.628s] Level 1:colcon.colcon_core.package_identification:_identify(.) by extension 'colcon_pkg'
[1.628s] Level 1:colcon.colcon_core.package_identification:_identify(.) by extensions ['colcon_meta']
[1.628s] Level 1:colcon.colcon_core.package_identification:_identify(.) by extension 'colcon_meta'
[1.628s] Level 1:colcon.colcon_core.package_identification:_identify(.) by extensions ['ros']
[1.629s] Level 1:colcon.colcon_core.package_identification:_identify(.) by extension 'ros'
[1.695s] Level 1:colcon.colcon_core.package_identification:_identify(.) by extensions ['cmake', 'python']
[1.696s] Level 1:colcon.colcon_core.package_identification:_identify(.) by extension 'cmake'
[1.696s] Level 1:colcon.colcon_core.package_identification:_identify(.) by extension 'python'
[1.696s] Level 1:colcon.colcon_core.package_identification:_identify(.) by extensions ['python_setup_py']
[1.696s] Level 1:colcon.colcon_core.package_identification:_identify(.) by extension 'python_setup_py'
[1.697s] Level 1:colcon.colcon_core.package_identification:_identify(build) by extensions ['ignore', 'ignore_ament_install']
[1.697s] Level 1:colcon.colcon_core.package_identification:_identify(build) by extension 'ignore'
[1.698s] Level 1:colcon.colcon_core.package_identification:_identify(build) ignored
[1.698s] Level 1:colcon.colcon_core.package_identification:_identify(install) by extensions ['ignore', 'ignore_ament_install']
[1.699s] Level 1:colcon.colcon_core.package_identification:_identify(install) by extension 'ignore'
[1.699s] Level 1:colcon.colcon_core.package_identification:_identify(install) ignored
[1.700s] Level 1:colcon.colcon_core.package_identification:_identify(log) by extensions ['ignore', 'ignore_ament_install']
[1.700s] Level 1:colcon.colcon_core.package_identification:_identify(log) by extension 'ignore'
[1.700s] Level 1:colcon.colcon_core.package_identification:_identify(log) ignored
[1.701s] Level 1:colcon.colcon_core.package_identification:_identify(src) by extensions ['ignore', 'ignore_ament_install']
[1.701s] Level 1:colcon.colcon_core.package_identification:_identify(src) by extension 'ignore'
[1.701s] Level 1:colcon.colcon_core.package_identification:_identify(src) by extension 'ignore_ament_install'
[1.701s] Level 1:colcon.colcon_core.package_identification:_identify(src) by extensions ['colcon_pkg']
[1.702s] Level 1:colcon.colcon_core.package_identification:_identify(src) by extension 'colcon_pkg'
[1.702s] Level 1:colcon.colcon_core.package_identification:_identify(src) by extensions ['colcon_meta']
[1.702s] Level 1:colcon.colcon_core.package_identification:_identify(src) by extension 'colcon_meta'
[1.702s] Level 1:colcon.colcon_core.package_identification:_identify(src) by extensions ['ros']
[1.702s] Level 1:colcon.colcon_core.package_identification:_identify(src) by extension 'ros'
[1.703s] Level 1:colcon.colcon_core.package_identification:_identify(src) by extensions ['cmake', 'python']
[1.703s] Level 1:colcon.colcon_core.package_identification:_identify(src) by extension 'cmake'
[1.703s] Level 1:colcon.colcon_core.package_identification:_identify(src) by extension 'python'
[1.703s] Level 1:colcon.colcon_core.package_identification:_identify(src) by extensions ['python_setup_py']
[1.703s] Level 1:colcon.colcon_core.package_identification:_identify(src) by extension 'python_setup_py'
[1.704s] Level 1:colcon.colcon_core.package_identification:_identify(src/build) by extensions ['ignore', 'ignore_ament_install']
[1.704s] Level 1:colcon.colcon_core.package_identification:_identify(src/build) by extension 'ignore'
[1.705s] Level 1:colcon.colcon_core.package_identification:_identify(src/build) ignored
[1.705s] Level 1:colcon.colcon_core.package_identification:_identify(src/imu) by extensions ['ignore', 'ignore_ament_install']
[1.705s] Level 1:colcon.colcon_core.package_identification:_identify(src/imu) by extension 'ignore'
[1.706s] Level 1:colcon.colcon_core.package_identification:_identify(src/imu) by extension 'ignore_ament_install'
[1.706s] Level 1:colcon.colcon_core.package_identification:_identify(src/imu) by extensions ['colcon_pkg']
[1.706s] Level 1:colcon.colcon_core.package_identification:_identify(src/imu) by extension 'colcon_pkg'
[1.706s] Level 1:colcon.colcon_core.package_identification:_identify(src/imu) by extensions ['colcon_meta']
[1.706s] Level 1:colcon.colcon_core.package_identification:_identify(src/imu) by extension 'colcon_meta'
[1.706s] Level 1:colcon.colcon_core.package_identification:_identify(src/imu) by extensions ['ros']
[1.707s] Level 1:colcon.colcon_core.package_identification:_identify(src/imu) by extension 'ros'
[1.707s] Level 1:colcon.colcon_core.package_identification:_identify(src/imu) by extensions ['cmake', 'python']
[1.707s] Level 1:colcon.colcon_core.package_identification:_identify(src/imu) by extension 'cmake'
[1.707s] Level 1:colcon.colcon_core.package_identification:_identify(src/imu) by extension 'python'
[1.708s] Level 1:colcon.colcon_core.package_identification:_identify(src/imu) by extensions ['python_setup_py']
[1.708s] Level 1:colcon.colcon_core.package_identification:_identify(src/imu) by extension 'python_setup_py'
[1.708s] Level 1:colcon.colcon_core.package_identification:_identify(src/install) by extensions ['ignore', 'ignore_ament_install']
[1.709s] Level 1:colcon.colcon_core.package_identification:_identify(src/install) by extension 'ignore'
[1.709s] Level 1:colcon.colcon_core.package_identification:_identify(src/install) ignored
[1.710s] Level 1:colcon.colcon_core.package_identification:_identify(src/log) by extensions ['ignore', 'ignore_ament_install']
[1.710s] Level 1:colcon.colcon_core.package_identification:_identify(src/log) by extension 'ignore'
[1.710s] Level 1:colcon.colcon_core.package_identification:_identify(src/log) ignored
[1.711s] Level 1:colcon.colcon_core.package_identification:_identify(src/rplidar_ros) by extensions ['ignore', 'ignore_ament_install']
[1.711s] Level 1:colcon.colcon_core.package_identification:_identify(src/rplidar_ros) by extension 'ignore'
[1.711s] Level 1:colcon.colcon_core.package_identification:_identify(src/rplidar_ros) by extension 'ignore_ament_install'
[1.712s] Level 1:colcon.colcon_core.package_identification:_identify(src/rplidar_ros) by extensions ['colcon_pkg']
[1.712s] Level 1:colcon.colcon_core.package_identification:_identify(src/rplidar_ros) by extension 'colcon_pkg'
[1.712s] Level 1:colcon.colcon_core.package_identification:_identify(src/rplidar_ros) by extensions ['colcon_meta']
[1.712s] Level 1:colcon.colcon_core.package_identification:_identify(src/rplidar_ros) by extension 'colcon_meta'
[1.712s] Level 1:colcon.colcon_core.package_identification:_identify(src/rplidar_ros) by extensions ['ros']
[1.712s] Level 1:colcon.colcon_core.package_identification:_identify(src/rplidar_ros) by extension 'ros'
[1.723s] DEBUG:colcon.colcon_core.package_identification:Package 'src/rplidar_ros' with type 'ros.ament_cmake' and name 'rplidar_ros'
[1.724s] Level 1:colcon.colcon_core.package_identification:_identify(src/seav_test_sensors) by extensions ['ignore', 'ignore_ament_install']
[1.725s] Level 1:colcon.colcon_core.package_identification:_identify(src/seav_test_sensors) by extension 'ignore'
[1.725s] Level 1:colcon.colcon_core.package_identification:_identify(src/seav_test_sensors) by extension 'ignore_ament_install'
[1.725s] Level 1:colcon.colcon_core.package_identification:_identify(src/seav_test_sensors) by extensions ['colcon_pkg']
[1.726s] Level 1:colcon.colcon_core.package_identification:_identify(src/seav_test_sensors) by extension 'colcon_pkg'
[1.726s] Level 1:colcon.colcon_core.package_identification:_identify(src/seav_test_sensors) by extensions ['colcon_meta']
[1.726s] Level 1:colcon.colcon_core.package_identification:_identify(src/seav_test_sensors) by extension 'colcon_meta'
[1.726s] Level 1:colcon.colcon_core.package_identification:_identify(src/seav_test_sensors) by extensions ['ros']
[1.726s] Level 1:colcon.colcon_core.package_identification:_identify(src/seav_test_sensors) by extension 'ros'
[1.729s] DEBUG:colcon.colcon_core.package_identification:Package 'src/seav_test_sensors' with type 'ros.ament_python' and name 'seav_test_sensors'
[1.730s] Level 1:colcon.colcon_core.package_identification:_identify(src/static_tf_publisher) by extensions ['ignore', 'ignore_ament_install']
[1.730s] Level 1:colcon.colcon_core.package_identification:_identify(src/static_tf_publisher) by extension 'ignore'
[1.731s] Level 1:colcon.colcon_core.package_identification:_identify(src/static_tf_publisher) by extension 'ignore_ament_install'
[1.731s] Level 1:colcon.colcon_core.package_identification:_identify(src/static_tf_publisher) by extensions ['colcon_pkg']
[1.731s] Level 1:colcon.colcon_core.package_identification:_identify(src/static_tf_publisher) by extension 'colcon_pkg'
[1.731s] Level 1:colcon.colcon_core.package_identification:_identify(src/static_tf_publisher) by extensions ['colcon_meta']
[1.731s] Level 1:colcon.colcon_core.package_identification:_identify(src/static_tf_publisher) by extension 'colcon_meta'
[1.732s] Level 1:colcon.colcon_core.package_identification:_identify(src/static_tf_publisher) by extensions ['ros']
[1.732s] Level 1:colcon.colcon_core.package_identification:_identify(src/static_tf_publisher) by extension 'ros'
[1.735s] DEBUG:colcon.colcon_core.package_identification:Package 'src/static_tf_publisher' with type 'ros.ament_python' and name 'static_tf_publisher'
[1.735s] Level 1:colcon.colcon_core.package_discovery:discover_packages(recursive) using defaults
[1.736s] Level 1:colcon.colcon_core.package_discovery:discover_packages(ignore) discover
[1.736s] Level 1:colcon.colcon_core.package_discovery:discover_packages(ignore) using defaults
[1.736s] Level 1:colcon.colcon_core.package_discovery:discover_packages(path) discover
[1.736s] Level 1:colcon.colcon_core.package_discovery:discover_packages(path) using defaults
[1.885s] Level 1:colcon.colcon_core.package_discovery:discover_packages(prefix_path) check parameters
[1.885s] Level 1:colcon.colcon_core.package_discovery:discover_packages(prefix_path) discover
[1.890s] WARNING:colcon.colcon_ros.prefix_path.ament:The path '/home/seav/ros2_ws/install/static_tf_publisher' in the environment variable AMENT_PREFIX_PATH doesn't exist
[1.891s] WARNING:colcon.colcon_ros.prefix_path.ament:The path '/home/seav/ros2_ws/install/rplidar_ros' in the environment variable AMENT_PREFIX_PATH doesn't exist
[1.892s] WARNING:colcon.colcon_ros.prefix_path.catkin:The path '/home/seav/ros2_ws/install/rplidar_ros' in the environment variable CMAKE_PREFIX_PATH doesn't exist
[1.896s] DEBUG:colcon.colcon_installed_package_information.package_discovery:Found 1 installed packages in /home/seav/ros2_ws/install
[1.908s] DEBUG:colcon.colcon_installed_package_information.package_discovery:Found 314 installed packages in /opt/ros/humble
[1.917s] Level 1:colcon.colcon_core.package_discovery:discover_packages(prefix_path) using defaults
[2.164s] Level 5:colcon.colcon_core.verb:set package 'rplidar_ros' build argument 'cmake_args' from command line to 'None'
[2.164s] Level 5:colcon.colcon_core.verb:set package 'rplidar_ros' build argument 'cmake_target' from command line to 'None'
[2.164s] Level 5:colcon.colcon_core.verb:set package 'rplidar_ros' build argument 'cmake_target_skip_unavailable' from command line to 'False'
[2.164s] Level 5:colcon.colcon_core.verb:set package 'rplidar_ros' build argument 'cmake_clean_cache' from command line to 'False'
[2.164s] Level 5:colcon.colcon_core.verb:set package 'rplidar_ros' build argument 'cmake_clean_first' from command line to 'False'
[2.165s] Level 5:colcon.colcon_core.verb:set package 'rplidar_ros' build argument 'cmake_force_configure' from command line to 'False'
[2.165s] Level 5:colcon.colcon_core.verb:set package 'rplidar_ros' build argument 'ament_cmake_args' from command line to 'None'
[2.165s] Level 5:colcon.colcon_core.verb:set package 'rplidar_ros' build argument 'catkin_cmake_args' from command line to 'None'
[2.165s] Level 5:colcon.colcon_core.verb:set package 'rplidar_ros' build argument 'catkin_skip_building_tests' from command line to 'False'
[2.165s] DEBUG:colcon.colcon_core.verb:Building package 'rplidar_ros' with the following arguments: {'ament_cmake_args': None, 'build_base': '/home/seav/ros2_ws/build/rplidar_ros', 'catkin_cmake_args': None, 'catkin_skip_building_tests': False, 'cmake_args': None, 'cmake_clean_cache': False, 'cmake_clean_first': False, 'cmake_force_configure': False, 'cmake_target': None, 'cmake_target_skip_unavailable': False, 'install_base': '/home/seav/ros2_ws/install/rplidar_ros', 'merge_install': False, 'path': '/home/seav/ros2_ws/src/rplidar_ros', 'symlink_install': False, 'test_result_base': None}
[2.167s] Level 5:colcon.colcon_core.verb:set package 'seav_test_sensors' build argument 'cmake_args' from command line to 'None'
[2.167s] Level 5:colcon.colcon_core.verb:set package 'seav_test_sensors' build argument 'cmake_target' from command line to 'None'
[2.167s] Level 5:colcon.colcon_core.verb:set package 'seav_test_sensors' build argument 'cmake_target_skip_unavailable' from command line to 'False'
[2.167s] Level 5:colcon.colcon_core.verb:set package 'seav_test_sensors' build argument 'cmake_clean_cache' from command line to 'False'
[2.167s] Level 5:colcon.colcon_core.verb:set package 'seav_test_sensors' build argument 'cmake_clean_first' from command line to 'False'
[2.168s] Level 5:colcon.colcon_core.verb:set package 'seav_test_sensors' build argument 'cmake_force_configure' from command line to 'False'
[2.168s] Level 5:colcon.colcon_core.verb:set package 'seav_test_sensors' build argument 'ament_cmake_args' from command line to 'None'
[2.168s] Level 5:colcon.colcon_core.verb:set package 'seav_test_sensors' build argument 'catkin_cmake_args' from command line to 'None'
[2.168s] Level 5:colcon.colcon_core.verb:set package 'seav_test_sensors' build argument 'catkin_skip_building_tests' from command line to 'False'
[2.168s] DEBUG:colcon.colcon_core.verb:Building package 'seav_test_sensors' with the following arguments: {'ament_cmake_args': None, 'build_base': '/home/seav/ros2_ws/build/seav_test_sensors', 'catkin_cmake_args': None, 'catkin_skip_building_tests': False, 'cmake_args': None, 'cmake_clean_cache': False, 'cmake_clean_first': False, 'cmake_force_configure': False, 'cmake_target': None, 'cmake_target_skip_unavailable': False, 'install_base': '/home/seav/ros2_ws/install/seav_test_sensors', 'merge_install': False, 'path': '/home/seav/ros2_ws/src/seav_test_sensors', 'symlink_install': False, 'test_result_base': None}
[2.170s] Level 5:colcon.colcon_core.verb:set package 'static_tf_publisher' build argument 'cmake_args' from command line to 'None'
[2.170s] Level 5:colcon.colcon_core.verb:set package 'static_tf_publisher' build argument 'cmake_target' from command line to 'None'
[2.170s] Level 5:colcon.colcon_core.verb:set package 'static_tf_publisher' build argument 'cmake_target_skip_unavailable' from command line to 'False'
[2.170s] Level 5:colcon.colcon_core.verb:set package 'static_tf_publisher' build argument 'cmake_clean_cache' from command line to 'False'
[2.170s] Level 5:colcon.colcon_core.verb:set package 'static_tf_publisher' build argument 'cmake_clean_first' from command line to 'False'
[2.170s] Level 5:colcon.colcon_core.verb:set package 'static_tf_publisher' build argument 'cmake_force_configure' from command line to 'False'
[2.171s] Level 5:colcon.colcon_core.verb:set package 'static_tf_publisher' build argument 'ament_cmake_args' from command line to 'None'
[2.171s] Level 5:colcon.colcon_core.verb:set package 'static_tf_publisher' build argument 'catkin_cmake_args' from command line to 'None'
[2.171s] Level 5:colcon.colcon_core.verb:set package 'static_tf_publisher' build argument 'catkin_skip_building_tests' from command line to 'False'
[2.171s] DEBUG:colcon.colcon_core.verb:Building package 'static_tf_publisher' with the following arguments: {'ament_cmake_args': None, 'build_base': '/home/seav/ros2_ws/build/static_tf_publisher', 'catkin_cmake_args': None, 'catkin_skip_building_tests': False, 'cmake_args': None, 'cmake_clean_cache': False, 'cmake_clean_first': False, 'cmake_force_configure': False, 'cmake_target': None, 'cmake_target_skip_unavailable': False, 'install_base': '/home/seav/ros2_ws/install/static_tf_publisher', 'merge_install': False, 'path': '/home/seav/ros2_ws/src/static_tf_publisher', 'symlink_install': False, 'test_result_base': None}
[2.172s] INFO:colcon.colcon_core.executor:Executing jobs using 'parallel' executor
[2.176s] DEBUG:colcon.colcon_parallel_executor.executor.parallel:run_until_complete
[2.177s] INFO:colcon.colcon_ros.task.ament_cmake.build:Building ROS package in '/home/seav/ros2_ws/src/rplidar_ros' with build type 'ament_cmake'
[2.178s] INFO:colcon.colcon_cmake.task.cmake.build:Building CMake package in '/home/seav/ros2_ws/src/rplidar_ros'
[2.189s] INFO:colcon.colcon_core.plugin_system:Skipping extension 'colcon_core.shell.bat': Not used on non-Windows systems
[2.190s] INFO:colcon.colcon_core.shell:Skip shell extension 'powershell' for command environment: Not usable outside of PowerShell
[2.190s] DEBUG:colcon.colcon_core.shell:Skip shell extension 'dsv' for command environment
[2.219s] INFO:colcon.colcon_ros.task.ament_python.build:Building ROS package in '/home/seav/ros2_ws/src/seav_test_sensors' with build type 'ament_python'
[2.220s] Level 1:colcon.colcon_core.shell:create_environment_hook('seav_test_sensors', 'ament_prefix_path')
[2.224s] INFO:colcon.colcon_core.shell:Creating environment hook '/home/seav/ros2_ws/install/seav_test_sensors/share/seav_test_sensors/hook/ament_prefix_path.ps1'
[2.233s] INFO:colcon.colcon_core.shell:Creating environment descriptor '/home/seav/ros2_ws/install/seav_test_sensors/share/seav_test_sensors/hook/ament_prefix_path.dsv'
[2.237s] INFO:colcon.colcon_core.shell:Creating environment hook '/home/seav/ros2_ws/install/seav_test_sensors/share/seav_test_sensors/hook/ament_prefix_path.sh'
[2.243s] INFO:colcon.colcon_core.shell:Skip shell extension 'powershell' for command environment: Not usable outside of PowerShell
[2.244s] DEBUG:colcon.colcon_core.shell:Skip shell extension 'dsv' for command environment
[2.273s] INFO:colcon.colcon_ros.task.ament_python.build:Building ROS package in '/home/seav/ros2_ws/src/static_tf_publisher' with build type 'ament_python'
[2.274s] Level 1:colcon.colcon_core.shell:create_environment_hook('static_tf_publisher', 'ament_prefix_path')
[2.276s] INFO:colcon.colcon_core.shell:Creating environment hook '/home/seav/ros2_ws/install/static_tf_publisher/share/static_tf_publisher/hook/ament_prefix_path.ps1'
[2.283s] INFO:colcon.colcon_core.shell:Creating environment descriptor '/home/seav/ros2_ws/install/static_tf_publisher/share/static_tf_publisher/hook/ament_prefix_path.dsv'
[2.290s] INFO:colcon.colcon_core.shell:Creating environment hook '/home/seav/ros2_ws/install/static_tf_publisher/share/static_tf_publisher/hook/ament_prefix_path.sh'
[2.296s] INFO:colcon.colcon_core.shell:Skip shell extension 'powershell' for command environment: Not usable outside of PowerShell
[2.299s] DEBUG:colcon.colcon_core.shell:Skip shell extension 'dsv' for command environment
[2.358s] DEBUG:colcon.colcon_core.event_handler.log_command:Invoking command in '/home/seav/ros2_ws/build/rplidar_ros': CMAKE_PREFIX_PATH=${CMAKE_PREFIX_PATH}:/home/seav/ros2_ws/install/static_tf_publisher:/home/seav/ros2_ws/install/seav_test_sensors:/opt/ros/humble /usr/bin/cmake --build /home/seav/ros2_ws/build/rplidar_ros -- -j4 -l4
[4.841s] INFO:colcon.colcon_core.task.python.build:Building Python package in '/home/seav/ros2_ws/src/seav_test_sensors'
[4.843s] INFO:colcon.colcon_core.shell:Skip shell extension 'powershell' for command environment: Not usable outside of PowerShell
[4.843s] DEBUG:colcon.colcon_core.shell:Skip shell extension 'dsv' for command environment
[9.602s] INFO:colcon.colcon_core.task.python.build:Building Python package in '/home/seav/ros2_ws/src/static_tf_publisher'
[9.605s] INFO:colcon.colcon_core.shell:Skip shell extension 'powershell' for command environment: Not usable outside of PowerShell
[9.605s] DEBUG:colcon.colcon_core.shell:Skip shell extension 'dsv' for command environment
[16.576s] DEBUG:colcon.colcon_core.event_handler.log_command:Invoking command in '/home/seav/ros2_ws/src/seav_test_sensors': PYTHONPATH=/home/seav/ros2_ws/build/seav_test_sensors/prefix_override:/usr/lib/python3/dist-packages/colcon_core/task/python/colcon_distutils_commands:/home/seav/ros2_ws/install/seav_test_sensors/lib/python3.10/site-packages:${PYTHONPATH} /usr/bin/python3 -W ignore:setup.py install is deprecated setup.py egg_info --egg-base ../../build/seav_test_sensors build --build-base /home/seav/ros2_ws/build/seav_test_sensors/build install --record /home/seav/ros2_ws/build/seav_test_sensors/install.log --single-version-externally-managed install_data
[17.121s] DEBUG:colcon.colcon_core.event_handler.log_command:Invoking command in '/home/seav/ros2_ws/src/static_tf_publisher': PYTHONPATH=/home/seav/ros2_ws/build/static_tf_publisher/prefix_override:/usr/lib/python3/dist-packages/colcon_core/task/python/colcon_distutils_commands:/home/seav/ros2_ws/install/static_tf_publisher/lib/python3.10/site-packages:${PYTHONPATH} /usr/bin/python3 -W ignore:setup.py install is deprecated setup.py egg_info --egg-base ../../build/static_tf_publisher build --build-base /home/seav/ros2_ws/build/static_tf_publisher/build install --record /home/seav/ros2_ws/build/static_tf_publisher/install.log --single-version-externally-managed install_data
[22.802s] DEBUG:colcon.colcon_core.event_handler.log_command:Invoked command in '/home/seav/ros2_ws/src/seav_test_sensors' returned '0': PYTHONPATH=/home/seav/ros2_ws/build/seav_test_sensors/prefix_override:/usr/lib/python3/dist-packages/colcon_core/task/python/colcon_distutils_commands:/home/seav/ros2_ws/install/seav_test_sensors/lib/python3.10/site-packages:${PYTHONPATH} /usr/bin/python3 -W ignore:setup.py install is deprecated setup.py egg_info --egg-base ../../build/seav_test_sensors build --build-base /home/seav/ros2_ws/build/seav_test_sensors/build install --record /home/seav/ros2_ws/build/seav_test_sensors/install.log --single-version-externally-managed install_data
[22.923s] Level 1:colcon.colcon_core.environment:checking '/home/seav/ros2_ws/install/seav_test_sensors' for CMake module files
[22.933s] Level 1:colcon.colcon_core.environment:checking '/home/seav/ros2_ws/install/seav_test_sensors' for CMake config files
[22.953s] Level 1:colcon.colcon_core.environment:checking '/home/seav/ros2_ws/install/seav_test_sensors/lib'
[22.954s] Level 1:colcon.colcon_core.environment:checking '/home/seav/ros2_ws/install/seav_test_sensors/bin'
[22.955s] Level 1:colcon.colcon_core.environment:checking '/home/seav/ros2_ws/install/seav_test_sensors/lib/pkgconfig/seav_test_sensors.pc'
[22.977s] Level 1:colcon.colcon_core.environment:checking '/home/seav/ros2_ws/install/seav_test_sensors/lib/python3.10/site-packages'
[22.978s] Level 1:colcon.colcon_core.shell:create_environment_hook('seav_test_sensors', 'pythonpath')
[22.981s] INFO:colcon.colcon_core.shell:Creating environment hook '/home/seav/ros2_ws/install/seav_test_sensors/share/seav_test_sensors/hook/pythonpath.ps1'
[23.002s] INFO:colcon.colcon_core.shell:Creating environment descriptor '/home/seav/ros2_ws/install/seav_test_sensors/share/seav_test_sensors/hook/pythonpath.dsv'
[23.013s] INFO:colcon.colcon_core.shell:Creating environment hook '/home/seav/ros2_ws/install/seav_test_sensors/share/seav_test_sensors/hook/pythonpath.sh'
[23.021s] Level 1:colcon.colcon_core.environment:checking '/home/seav/ros2_ws/install/seav_test_sensors/bin'
[23.022s] Level 1:colcon.colcon_core.environment:create_environment_scripts_only(seav_test_sensors)
[23.025s] INFO:colcon.colcon_core.shell:Creating package script '/home/seav/ros2_ws/install/seav_test_sensors/share/seav_test_sensors/package.ps1'
[23.048s] INFO:colcon.colcon_core.shell:Creating package descriptor '/home/seav/ros2_ws/install/seav_test_sensors/share/seav_test_sensors/package.dsv'
[23.069s] INFO:colcon.colcon_core.shell:Creating package script '/home/seav/ros2_ws/install/seav_test_sensors/share/seav_test_sensors/package.sh'
[23.116s] INFO:colcon.colcon_core.shell:Creating package script '/home/seav/ros2_ws/install/seav_test_sensors/share/seav_test_sensors/package.bash'
[23.133s] INFO:colcon.colcon_core.shell:Creating package script '/home/seav/ros2_ws/install/seav_test_sensors/share/seav_test_sensors/package.zsh'
[23.150s] Level 1:colcon.colcon_core.environment:create_file_with_runtime_dependencies(/home/seav/ros2_ws/install/seav_test_sensors/share/colcon-core/packages/seav_test_sensors)
[23.198s] Level 1:colcon.colcon_core.environment:checking '/home/seav/ros2_ws/install/static_tf_publisher' for CMake module files
[23.206s] DEBUG:colcon.colcon_core.event_handler.log_command:Invoked command in '/home/seav/ros2_ws/src/static_tf_publisher' returned '0': PYTHONPATH=/home/seav/ros2_ws/build/static_tf_publisher/prefix_override:/usr/lib/python3/dist-packages/colcon_core/task/python/colcon_distutils_commands:/home/seav/ros2_ws/install/static_tf_publisher/lib/python3.10/site-packages:${PYTHONPATH} /usr/bin/python3 -W ignore:setup.py install is deprecated setup.py egg_info --egg-base ../../build/static_tf_publisher build --build-base /home/seav/ros2_ws/build/static_tf_publisher/build install --record /home/seav/ros2_ws/build/static_tf_publisher/install.log --single-version-externally-managed install_data
[23.229s] Level 1:colcon.colcon_core.environment:checking '/home/seav/ros2_ws/install/static_tf_publisher' for CMake config files
[23.251s] Level 1:colcon.colcon_core.environment:checking '/home/seav/ros2_ws/install/static_tf_publisher/lib'
[23.258s] Level 1:colcon.colcon_core.environment:checking '/home/seav/ros2_ws/install/static_tf_publisher/bin'
[23.259s] Level 1:colcon.colcon_core.environment:checking '/home/seav/ros2_ws/install/static_tf_publisher/lib/pkgconfig/static_tf_publisher.pc'
[23.262s] Level 1:colcon.colcon_core.environment:checking '/home/seav/ros2_ws/install/static_tf_publisher/lib/python3.10/site-packages'
[23.263s] Level 1:colcon.colcon_core.shell:create_environment_hook('static_tf_publisher', 'pythonpath')
[23.265s] INFO:colcon.colcon_core.shell:Creating environment hook '/home/seav/ros2_ws/install/static_tf_publisher/share/static_tf_publisher/hook/pythonpath.ps1'
[23.277s] INFO:colcon.colcon_core.shell:Creating environment descriptor '/home/seav/ros2_ws/install/static_tf_publisher/share/static_tf_publisher/hook/pythonpath.dsv'
[23.302s] INFO:colcon.colcon_core.shell:Creating environment hook '/home/seav/ros2_ws/install/static_tf_publisher/share/static_tf_publisher/hook/pythonpath.sh'
[23.308s] Level 1:colcon.colcon_core.environment:checking '/home/seav/ros2_ws/install/static_tf_publisher/bin'
[23.309s] Level 1:colcon.colcon_core.environment:create_environment_scripts_only(static_tf_publisher)
[23.311s] INFO:colcon.colcon_core.shell:Creating package script '/home/seav/ros2_ws/install/static_tf_publisher/share/static_tf_publisher/package.ps1'
[23.317s] INFO:colcon.colcon_core.shell:Creating package descriptor '/home/seav/ros2_ws/install/static_tf_publisher/share/static_tf_publisher/package.dsv'
[23.325s] INFO:colcon.colcon_core.shell:Creating package script '/home/seav/ros2_ws/install/static_tf_publisher/share/static_tf_publisher/package.sh'
[23.333s] INFO:colcon.colcon_core.shell:Creating package script '/home/seav/ros2_ws/install/static_tf_publisher/share/static_tf_publisher/package.bash'
[23.339s] INFO:colcon.colcon_core.shell:Creating package script '/home/seav/ros2_ws/install/static_tf_publisher/share/static_tf_publisher/package.zsh'
[23.342s] Level 1:colcon.colcon_core.environment:create_file_with_runtime_dependencies(/home/seav/ros2_ws/install/static_tf_publisher/share/colcon-core/packages/static_tf_publisher)
