[0.557s] DEBUG:colcon:Command line arguments: ['/usr/bin/colcon', 'build']
[0.557s] DEBUG:colcon:Parsed command line arguments: Namespace(log_base=None, log_level=None, verb_name='build', build_base='build', install_base='install', merge_install=False, symlink_install=False, test_result_base=None, continue_on_error=False, executor='parallel', parallel_workers=4, event_handlers=None, ignore_user_meta=False, metas=['./colcon.meta'], base_paths=['.'], packages_ignore=None, packages_ignore_regex=None, paths=None, packages_up_to=None, packages_up_to_regex=None, packages_above=None, packages_above_and_dependencies=None, packages_above_depth=None, packages_select_by_dep=None, packages_skip_by_dep=None, packages_skip_up_to=None, packages_select_build_failed=False, packages_skip_build_finished=False, packages_select_test_failures=False, packages_skip_test_passed=False, packages_select=None, packages_skip=None, packages_select_regex=None, packages_skip_regex=None, packages_start=None, packages_end=None, allow_overriding=[], cmake_args=None, cmake_target=None, cmake_target_skip_unavailable=False, cmake_clean_cache=False, cmake_clean_first=False, cmake_force_configure=False, ament_cmake_args=None, catkin_cmake_args=None, catkin_skip_building_tests=False, mixin_files=None, mixin=None, verb_parser=<colcon_mixin.mixin.mixin_argument.MixinArgumentDecorator object at 0xffff9dc1a470>, verb_extension=<colcon_core.verb.build.BuildVerb object at 0xffff9dd36a40>, main=<bound method BuildVerb.main of <colcon_core.verb.build.BuildVerb object at 0xffff9dd36a40>>, mixin_verb=('build',))
[1.561s] Level 1:colcon.colcon_core.package_discovery:discover_packages(colcon_meta) check parameters
[1.561s] Level 1:colcon.colcon_core.package_discovery:discover_packages(recursive) check parameters
[1.562s] Level 1:colcon.colcon_core.package_discovery:discover_packages(ignore) check parameters
[1.562s] Level 1:colcon.colcon_core.package_discovery:discover_packages(path) check parameters
[1.562s] Level 1:colcon.colcon_core.package_discovery:discover_packages(colcon_meta) discover
[1.562s] Level 1:colcon.colcon_core.package_discovery:discover_packages(recursive) discover
[1.562s] INFO:colcon.colcon_core.package_discovery:Crawling recursively for packages in '/home/seav/ros2_ws/src'
[1.563s] Level 1:colcon.colcon_core.package_identification:_identify(.) by extensions ['ignore', 'ignore_ament_install']
[1.564s] Level 1:colcon.colcon_core.package_identification:_identify(.) by extension 'ignore'
[1.564s] Level 1:colcon.colcon_core.package_identification:_identify(.) by extension 'ignore_ament_install'
[1.564s] Level 1:colcon.colcon_core.package_identification:_identify(.) by extensions ['colcon_pkg']
[1.565s] Level 1:colcon.colcon_core.package_identification:_identify(.) by extension 'colcon_pkg'
[1.565s] Level 1:colcon.colcon_core.package_identification:_identify(.) by extensions ['colcon_meta']
[1.565s] Level 1:colcon.colcon_core.package_identification:_identify(.) by extension 'colcon_meta'
[1.565s] Level 1:colcon.colcon_core.package_identification:_identify(.) by extensions ['ros']
[1.565s] Level 1:colcon.colcon_core.package_identification:_identify(.) by extension 'ros'
[1.620s] Level 1:colcon.colcon_core.package_identification:_identify(.) by extensions ['cmake', 'python']
[1.620s] Level 1:colcon.colcon_core.package_identification:_identify(.) by extension 'cmake'
[1.621s] Level 1:colcon.colcon_core.package_identification:_identify(.) by extension 'python'
[1.621s] Level 1:colcon.colcon_core.package_identification:_identify(.) by extensions ['python_setup_py']
[1.621s] Level 1:colcon.colcon_core.package_identification:_identify(.) by extension 'python_setup_py'
[1.622s] Level 1:colcon.colcon_core.package_identification:_identify(build) by extensions ['ignore', 'ignore_ament_install']
[1.622s] Level 1:colcon.colcon_core.package_identification:_identify(build) by extension 'ignore'
[1.622s] Level 1:colcon.colcon_core.package_identification:_identify(build) ignored
[1.623s] Level 1:colcon.colcon_core.package_identification:_identify(imu) by extensions ['ignore', 'ignore_ament_install']
[1.623s] Level 1:colcon.colcon_core.package_identification:_identify(imu) by extension 'ignore'
[1.624s] Level 1:colcon.colcon_core.package_identification:_identify(imu) by extension 'ignore_ament_install'
[1.624s] Level 1:colcon.colcon_core.package_identification:_identify(imu) by extensions ['colcon_pkg']
[1.624s] Level 1:colcon.colcon_core.package_identification:_identify(imu) by extension 'colcon_pkg'
[1.624s] Level 1:colcon.colcon_core.package_identification:_identify(imu) by extensions ['colcon_meta']
[1.624s] Level 1:colcon.colcon_core.package_identification:_identify(imu) by extension 'colcon_meta'
[1.625s] Level 1:colcon.colcon_core.package_identification:_identify(imu) by extensions ['ros']
[1.625s] Level 1:colcon.colcon_core.package_identification:_identify(imu) by extension 'ros'
[1.625s] Level 1:colcon.colcon_core.package_identification:_identify(imu) by extensions ['cmake', 'python']
[1.625s] Level 1:colcon.colcon_core.package_identification:_identify(imu) by extension 'cmake'
[1.625s] Level 1:colcon.colcon_core.package_identification:_identify(imu) by extension 'python'
[1.626s] Level 1:colcon.colcon_core.package_identification:_identify(imu) by extensions ['python_setup_py']
[1.626s] Level 1:colcon.colcon_core.package_identification:_identify(imu) by extension 'python_setup_py'
[1.626s] Level 1:colcon.colcon_core.package_identification:_identify(install) by extensions ['ignore', 'ignore_ament_install']
[1.627s] Level 1:colcon.colcon_core.package_identification:_identify(install) by extension 'ignore'
[1.627s] Level 1:colcon.colcon_core.package_identification:_identify(install) ignored
[1.627s] Level 1:colcon.colcon_core.package_identification:_identify(log) by extensions ['ignore', 'ignore_ament_install']
[1.628s] Level 1:colcon.colcon_core.package_identification:_identify(log) by extension 'ignore'
[1.628s] Level 1:colcon.colcon_core.package_identification:_identify(log) ignored
[1.628s] Level 1:colcon.colcon_core.package_identification:_identify(rplidar_ros) by extensions ['ignore', 'ignore_ament_install']
[1.629s] Level 1:colcon.colcon_core.package_identification:_identify(rplidar_ros) by extension 'ignore'
[1.629s] Level 1:colcon.colcon_core.package_identification:_identify(rplidar_ros) by extension 'ignore_ament_install'
[1.629s] Level 1:colcon.colcon_core.package_identification:_identify(rplidar_ros) by extensions ['colcon_pkg']
[1.629s] Level 1:colcon.colcon_core.package_identification:_identify(rplidar_ros) by extension 'colcon_pkg'
[1.630s] Level 1:colcon.colcon_core.package_identification:_identify(rplidar_ros) by extensions ['colcon_meta']
[1.630s] Level 1:colcon.colcon_core.package_identification:_identify(rplidar_ros) by extension 'colcon_meta'
[1.630s] Level 1:colcon.colcon_core.package_identification:_identify(rplidar_ros) by extensions ['ros']
[1.630s] Level 1:colcon.colcon_core.package_identification:_identify(rplidar_ros) by extension 'ros'
[1.642s] DEBUG:colcon.colcon_core.package_identification:Package 'rplidar_ros' with type 'ros.ament_cmake' and name 'rplidar_ros'
[1.642s] Level 1:colcon.colcon_core.package_identification:_identify(seav_test_sensors) by extensions ['ignore', 'ignore_ament_install']
[1.643s] Level 1:colcon.colcon_core.package_identification:_identify(seav_test_sensors) by extension 'ignore'
[1.643s] Level 1:colcon.colcon_core.package_identification:_identify(seav_test_sensors) by extension 'ignore_ament_install'
[1.643s] Level 1:colcon.colcon_core.package_identification:_identify(seav_test_sensors) by extensions ['colcon_pkg']
[1.643s] Level 1:colcon.colcon_core.package_identification:_identify(seav_test_sensors) by extension 'colcon_pkg'
[1.644s] Level 1:colcon.colcon_core.package_identification:_identify(seav_test_sensors) by extensions ['colcon_meta']
[1.644s] Level 1:colcon.colcon_core.package_identification:_identify(seav_test_sensors) by extension 'colcon_meta'
[1.644s] Level 1:colcon.colcon_core.package_identification:_identify(seav_test_sensors) by extensions ['ros']
[1.644s] Level 1:colcon.colcon_core.package_identification:_identify(seav_test_sensors) by extension 'ros'
[1.647s] DEBUG:colcon.colcon_core.package_identification:Package 'seav_test_sensors' with type 'ros.ament_python' and name 'seav_test_sensors'
[1.647s] Level 1:colcon.colcon_core.package_discovery:discover_packages(recursive) using defaults
[1.648s] Level 1:colcon.colcon_core.package_discovery:discover_packages(ignore) discover
[1.648s] Level 1:colcon.colcon_core.package_discovery:discover_packages(ignore) using defaults
[1.648s] Level 1:colcon.colcon_core.package_discovery:discover_packages(path) discover
[1.648s] Level 1:colcon.colcon_core.package_discovery:discover_packages(path) using defaults
[1.783s] Level 1:colcon.colcon_core.package_discovery:discover_packages(prefix_path) check parameters
[1.783s] Level 1:colcon.colcon_core.package_discovery:discover_packages(prefix_path) discover
[1.793s] DEBUG:colcon.colcon_installed_package_information.package_discovery:Found 2 installed packages in /home/seav/ros2_ws/install
[1.803s] DEBUG:colcon.colcon_installed_package_information.package_discovery:Found 270 installed packages in /opt/ros/humble
[1.811s] Level 1:colcon.colcon_core.package_discovery:discover_packages(prefix_path) using defaults
[2.008s] Level 5:colcon.colcon_core.verb:set package 'rplidar_ros' build argument 'cmake_args' from command line to 'None'
[2.009s] Level 5:colcon.colcon_core.verb:set package 'rplidar_ros' build argument 'cmake_target' from command line to 'None'
[2.009s] Level 5:colcon.colcon_core.verb:set package 'rplidar_ros' build argument 'cmake_target_skip_unavailable' from command line to 'False'
[2.009s] Level 5:colcon.colcon_core.verb:set package 'rplidar_ros' build argument 'cmake_clean_cache' from command line to 'False'
[2.009s] Level 5:colcon.colcon_core.verb:set package 'rplidar_ros' build argument 'cmake_clean_first' from command line to 'False'
[2.009s] Level 5:colcon.colcon_core.verb:set package 'rplidar_ros' build argument 'cmake_force_configure' from command line to 'False'
[2.009s] Level 5:colcon.colcon_core.verb:set package 'rplidar_ros' build argument 'ament_cmake_args' from command line to 'None'
[2.009s] Level 5:colcon.colcon_core.verb:set package 'rplidar_ros' build argument 'catkin_cmake_args' from command line to 'None'
[2.009s] Level 5:colcon.colcon_core.verb:set package 'rplidar_ros' build argument 'catkin_skip_building_tests' from command line to 'False'
[2.010s] DEBUG:colcon.colcon_core.verb:Building package 'rplidar_ros' with the following arguments: {'ament_cmake_args': None, 'build_base': '/home/seav/ros2_ws/src/build/rplidar_ros', 'catkin_cmake_args': None, 'catkin_skip_building_tests': False, 'cmake_args': None, 'cmake_clean_cache': False, 'cmake_clean_first': False, 'cmake_force_configure': False, 'cmake_target': None, 'cmake_target_skip_unavailable': False, 'install_base': '/home/seav/ros2_ws/src/install/rplidar_ros', 'merge_install': False, 'path': '/home/seav/ros2_ws/src/rplidar_ros', 'symlink_install': False, 'test_result_base': None}
[2.011s] Level 5:colcon.colcon_core.verb:set package 'seav_test_sensors' build argument 'cmake_args' from command line to 'None'
[2.012s] Level 5:colcon.colcon_core.verb:set package 'seav_test_sensors' build argument 'cmake_target' from command line to 'None'
[2.012s] Level 5:colcon.colcon_core.verb:set package 'seav_test_sensors' build argument 'cmake_target_skip_unavailable' from command line to 'False'
[2.012s] Level 5:colcon.colcon_core.verb:set package 'seav_test_sensors' build argument 'cmake_clean_cache' from command line to 'False'
[2.012s] Level 5:colcon.colcon_core.verb:set package 'seav_test_sensors' build argument 'cmake_clean_first' from command line to 'False'
[2.012s] Level 5:colcon.colcon_core.verb:set package 'seav_test_sensors' build argument 'cmake_force_configure' from command line to 'False'
[2.012s] Level 5:colcon.colcon_core.verb:set package 'seav_test_sensors' build argument 'ament_cmake_args' from command line to 'None'
[2.012s] Level 5:colcon.colcon_core.verb:set package 'seav_test_sensors' build argument 'catkin_cmake_args' from command line to 'None'
[2.012s] Level 5:colcon.colcon_core.verb:set package 'seav_test_sensors' build argument 'catkin_skip_building_tests' from command line to 'False'
[2.013s] DEBUG:colcon.colcon_core.verb:Building package 'seav_test_sensors' with the following arguments: {'ament_cmake_args': None, 'build_base': '/home/seav/ros2_ws/src/build/seav_test_sensors', 'catkin_cmake_args': None, 'catkin_skip_building_tests': False, 'cmake_args': None, 'cmake_clean_cache': False, 'cmake_clean_first': False, 'cmake_force_configure': False, 'cmake_target': None, 'cmake_target_skip_unavailable': False, 'install_base': '/home/seav/ros2_ws/src/install/seav_test_sensors', 'merge_install': False, 'path': '/home/seav/ros2_ws/src/seav_test_sensors', 'symlink_install': False, 'test_result_base': None}
[2.014s] INFO:colcon.colcon_core.executor:Executing jobs using 'parallel' executor
[2.017s] DEBUG:colcon.colcon_parallel_executor.executor.parallel:run_until_complete
[2.018s] INFO:colcon.colcon_ros.task.ament_cmake.build:Building ROS package in '/home/seav/ros2_ws/src/rplidar_ros' with build type 'ament_cmake'
[2.019s] INFO:colcon.colcon_cmake.task.cmake.build:Building CMake package in '/home/seav/ros2_ws/src/rplidar_ros'
[2.030s] INFO:colcon.colcon_core.plugin_system:Skipping extension 'colcon_core.shell.bat': Not used on non-Windows systems
[2.031s] INFO:colcon.colcon_core.shell:Skip shell extension 'powershell' for command environment: Not usable outside of PowerShell
[2.031s] DEBUG:colcon.colcon_core.shell:Skip shell extension 'dsv' for command environment
[2.061s] INFO:colcon.colcon_ros.task.ament_python.build:Building ROS package in '/home/seav/ros2_ws/src/seav_test_sensors' with build type 'ament_python'
[2.062s] Level 1:colcon.colcon_core.shell:create_environment_hook('seav_test_sensors', 'ament_prefix_path')
[2.064s] INFO:colcon.colcon_core.shell:Creating environment hook '/home/seav/ros2_ws/src/install/seav_test_sensors/share/seav_test_sensors/hook/ament_prefix_path.ps1'
[2.070s] INFO:colcon.colcon_core.shell:Creating environment descriptor '/home/seav/ros2_ws/src/install/seav_test_sensors/share/seav_test_sensors/hook/ament_prefix_path.dsv'
[2.072s] INFO:colcon.colcon_core.shell:Creating environment hook '/home/seav/ros2_ws/src/install/seav_test_sensors/share/seav_test_sensors/hook/ament_prefix_path.sh'
[2.076s] INFO:colcon.colcon_core.shell:Skip shell extension 'powershell' for command environment: Not usable outside of PowerShell
[2.076s] DEBUG:colcon.colcon_core.shell:Skip shell extension 'dsv' for command environment
[2.119s] DEBUG:colcon.colcon_core.event_handler.log_command:Invoking command in '/home/seav/ros2_ws/src/build/rplidar_ros': CMAKE_PREFIX_PATH=${CMAKE_PREFIX_PATH}:/home/seav/ros2_ws/install/seav_test_sensors:/opt/ros/humble /usr/bin/cmake /home/seav/ros2_ws/src/rplidar_ros -DCMAKE_INSTALL_PREFIX=/home/seav/ros2_ws/src/install/rplidar_ros
[3.907s] INFO:colcon.colcon_core.task.python.build:Building Python package in '/home/seav/ros2_ws/src/seav_test_sensors'
[3.908s] INFO:colcon.colcon_core.shell:Skip shell extension 'powershell' for command environment: Not usable outside of PowerShell
[3.909s] DEBUG:colcon.colcon_core.shell:Skip shell extension 'dsv' for command environment
[6.188s] DEBUG:colcon.colcon_core.event_handler.log_command:Invoking command in '/home/seav/ros2_ws/src/seav_test_sensors': PYTHONPATH=/home/seav/ros2_ws/src/build/seav_test_sensors/prefix_override:/usr/lib/python3/dist-packages/colcon_core/task/python/colcon_distutils_commands:/home/seav/ros2_ws/src/install/seav_test_sensors/lib/python3.10/site-packages:${PYTHONPATH} /usr/bin/python3 -W ignore:setup.py install is deprecated setup.py egg_info --egg-base ../build/seav_test_sensors build --build-base /home/seav/ros2_ws/src/build/seav_test_sensors/build install --record /home/seav/ros2_ws/src/build/seav_test_sensors/install.log --single-version-externally-managed install_data
[8.055s] DEBUG:colcon.colcon_core.event_handler.log_command:Invoked command in '/home/seav/ros2_ws/src/seav_test_sensors' returned '0': PYTHONPATH=/home/seav/ros2_ws/src/build/seav_test_sensors/prefix_override:/usr/lib/python3/dist-packages/colcon_core/task/python/colcon_distutils_commands:/home/seav/ros2_ws/src/install/seav_test_sensors/lib/python3.10/site-packages:${PYTHONPATH} /usr/bin/python3 -W ignore:setup.py install is deprecated setup.py egg_info --egg-base ../build/seav_test_sensors build --build-base /home/seav/ros2_ws/src/build/seav_test_sensors/build install --record /home/seav/ros2_ws/src/build/seav_test_sensors/install.log --single-version-externally-managed install_data
[8.068s] Level 1:colcon.colcon_core.environment:checking '/home/seav/ros2_ws/src/install/seav_test_sensors' for CMake module files
[8.071s] Level 1:colcon.colcon_core.environment:checking '/home/seav/ros2_ws/src/install/seav_test_sensors' for CMake config files
[8.076s] Level 1:colcon.colcon_core.environment:checking '/home/seav/ros2_ws/src/install/seav_test_sensors/lib'
[8.078s] Level 1:colcon.colcon_core.environment:checking '/home/seav/ros2_ws/src/install/seav_test_sensors/bin'
[8.078s] Level 1:colcon.colcon_core.environment:checking '/home/seav/ros2_ws/src/install/seav_test_sensors/lib/pkgconfig/seav_test_sensors.pc'
[8.079s] Level 1:colcon.colcon_core.environment:checking '/home/seav/ros2_ws/src/install/seav_test_sensors/lib/python3.10/site-packages'
[8.080s] Level 1:colcon.colcon_core.shell:create_environment_hook('seav_test_sensors', 'pythonpath')
[8.081s] INFO:colcon.colcon_core.shell:Creating environment hook '/home/seav/ros2_ws/src/install/seav_test_sensors/share/seav_test_sensors/hook/pythonpath.ps1'
[8.083s] INFO:colcon.colcon_core.shell:Creating environment descriptor '/home/seav/ros2_ws/src/install/seav_test_sensors/share/seav_test_sensors/hook/pythonpath.dsv'
[8.085s] INFO:colcon.colcon_core.shell:Creating environment hook '/home/seav/ros2_ws/src/install/seav_test_sensors/share/seav_test_sensors/hook/pythonpath.sh'
[8.088s] Level 1:colcon.colcon_core.environment:checking '/home/seav/ros2_ws/src/install/seav_test_sensors/bin'
[8.089s] Level 1:colcon.colcon_core.environment:create_environment_scripts_only(seav_test_sensors)
[8.092s] INFO:colcon.colcon_core.shell:Creating package script '/home/seav/ros2_ws/src/install/seav_test_sensors/share/seav_test_sensors/package.ps1'
[8.096s] INFO:colcon.colcon_core.shell:Creating package descriptor '/home/seav/ros2_ws/src/install/seav_test_sensors/share/seav_test_sensors/package.dsv'
[8.098s] INFO:colcon.colcon_core.shell:Creating package script '/home/seav/ros2_ws/src/install/seav_test_sensors/share/seav_test_sensors/package.sh'
[8.103s] INFO:colcon.colcon_core.shell:Creating package script '/home/seav/ros2_ws/src/install/seav_test_sensors/share/seav_test_sensors/package.bash'
[8.109s] INFO:colcon.colcon_core.shell:Creating package script '/home/seav/ros2_ws/src/install/seav_test_sensors/share/seav_test_sensors/package.zsh'
[8.113s] Level 1:colcon.colcon_core.environment:create_file_with_runtime_dependencies(/home/seav/ros2_ws/src/install/seav_test_sensors/share/colcon-core/packages/seav_test_sensors)
[11.921s] DEBUG:colcon.colcon_core.event_handler.log_command:Invoked command in '/home/seav/ros2_ws/src/build/rplidar_ros' returned '0': CMAKE_PREFIX_PATH=${CMAKE_PREFIX_PATH}:/home/seav/ros2_ws/install/seav_test_sensors:/opt/ros/humble /usr/bin/cmake /home/seav/ros2_ws/src/rplidar_ros -DCMAKE_INSTALL_PREFIX=/home/seav/ros2_ws/src/install/rplidar_ros
[11.937s] DEBUG:colcon.colcon_core.event_handler.log_command:Invoking command in '/home/seav/ros2_ws/src/build/rplidar_ros': CMAKE_PREFIX_PATH=${CMAKE_PREFIX_PATH}:/home/seav/ros2_ws/install/seav_test_sensors:/opt/ros/humble /usr/bin/cmake --build /home/seav/ros2_ws/src/build/rplidar_ros -- -j4 -l4
[93.256s] DEBUG:colcon.colcon_core.event_handler.log_command:Invoked command in '/home/seav/ros2_ws/src/build/rplidar_ros' returned '0': CMAKE_PREFIX_PATH=${CMAKE_PREFIX_PATH}:/home/seav/ros2_ws/install/seav_test_sensors:/opt/ros/humble /usr/bin/cmake --build /home/seav/ros2_ws/src/build/rplidar_ros -- -j4 -l4
[93.782s] DEBUG:colcon.colcon_core.event_handler.log_command:Invoking command in '/home/seav/ros2_ws/src/build/rplidar_ros': CMAKE_PREFIX_PATH=${CMAKE_PREFIX_PATH}:/home/seav/ros2_ws/install/seav_test_sensors:/opt/ros/humble /usr/bin/cmake --install /home/seav/ros2_ws/src/build/rplidar_ros
[94.022s] Level 1:colcon.colcon_core.environment:create_environment_scripts_only(rplidar_ros)
[94.023s] Level 1:colcon.colcon_core.environment:checking '/home/seav/ros2_ws/src/install/rplidar_ros' for CMake module files
[94.027s] DEBUG:colcon.colcon_core.event_handler.log_command:Invoked command in '/home/seav/ros2_ws/src/build/rplidar_ros' returned '0': CMAKE_PREFIX_PATH=${CMAKE_PREFIX_PATH}:/home/seav/ros2_ws/install/seav_test_sensors:/opt/ros/humble /usr/bin/cmake --install /home/seav/ros2_ws/src/build/rplidar_ros
[94.032s] Level 1:colcon.colcon_core.environment:checking '/home/seav/ros2_ws/src/install/rplidar_ros' for CMake config files
[94.035s] Level 1:colcon.colcon_core.shell:create_environment_hook('rplidar_ros', 'cmake_prefix_path')
[94.036s] INFO:colcon.colcon_core.shell:Creating environment hook '/home/seav/ros2_ws/src/install/rplidar_ros/share/rplidar_ros/hook/cmake_prefix_path.ps1'
[94.049s] INFO:colcon.colcon_core.shell:Creating environment descriptor '/home/seav/ros2_ws/src/install/rplidar_ros/share/rplidar_ros/hook/cmake_prefix_path.dsv'
[94.059s] INFO:colcon.colcon_core.shell:Creating environment hook '/home/seav/ros2_ws/src/install/rplidar_ros/share/rplidar_ros/hook/cmake_prefix_path.sh'
[94.067s] Level 1:colcon.colcon_core.environment:checking '/home/seav/ros2_ws/src/install/rplidar_ros/lib'
[94.068s] Level 1:colcon.colcon_core.environment:checking '/home/seav/ros2_ws/src/install/rplidar_ros/bin'
[94.068s] Level 1:colcon.colcon_core.environment:checking '/home/seav/ros2_ws/src/install/rplidar_ros/lib/pkgconfig/rplidar_ros.pc'
[94.070s] Level 1:colcon.colcon_core.environment:checking '/home/seav/ros2_ws/src/install/rplidar_ros/lib/python3.10/site-packages'
[94.071s] Level 1:colcon.colcon_core.environment:checking '/home/seav/ros2_ws/src/install/rplidar_ros/bin'
[94.073s] INFO:colcon.colcon_core.shell:Creating package script '/home/seav/ros2_ws/src/install/rplidar_ros/share/rplidar_ros/package.ps1'
[94.077s] INFO:colcon.colcon_core.shell:Creating package descriptor '/home/seav/ros2_ws/src/install/rplidar_ros/share/rplidar_ros/package.dsv'
[94.080s] INFO:colcon.colcon_core.shell:Creating package script '/home/seav/ros2_ws/src/install/rplidar_ros/share/rplidar_ros/package.sh'
[94.083s] INFO:colcon.colcon_core.shell:Creating package script '/home/seav/ros2_ws/src/install/rplidar_ros/share/rplidar_ros/package.bash'
[94.087s] INFO:colcon.colcon_core.shell:Creating package script '/home/seav/ros2_ws/src/install/rplidar_ros/share/rplidar_ros/package.zsh'
[94.092s] Level 1:colcon.colcon_core.environment:create_file_with_runtime_dependencies(/home/seav/ros2_ws/src/install/rplidar_ros/share/colcon-core/packages/rplidar_ros)
[94.554s] Level 1:colcon.colcon_core.environment:create_environment_scripts_only(rplidar_ros)
[94.555s] Level 1:colcon.colcon_core.environment:checking '/home/seav/ros2_ws/src/install/rplidar_ros' for CMake module files
[94.559s] Level 1:colcon.colcon_core.environment:checking '/home/seav/ros2_ws/src/install/rplidar_ros' for CMake config files
[94.562s] Level 1:colcon.colcon_core.shell:create_environment_hook('rplidar_ros', 'cmake_prefix_path')
[94.563s] INFO:colcon.colcon_core.shell:Creating environment hook '/home/seav/ros2_ws/src/install/rplidar_ros/share/rplidar_ros/hook/cmake_prefix_path.ps1'
[94.566s] INFO:colcon.colcon_core.shell:Creating environment descriptor '/home/seav/ros2_ws/src/install/rplidar_ros/share/rplidar_ros/hook/cmake_prefix_path.dsv'
[94.568s] INFO:colcon.colcon_core.shell:Creating environment hook '/home/seav/ros2_ws/src/install/rplidar_ros/share/rplidar_ros/hook/cmake_prefix_path.sh'
[94.571s] Level 1:colcon.colcon_core.environment:checking '/home/seav/ros2_ws/src/install/rplidar_ros/lib'
[94.572s] Level 1:colcon.colcon_core.environment:checking '/home/seav/ros2_ws/src/install/rplidar_ros/bin'
[94.573s] Level 1:colcon.colcon_core.environment:checking '/home/seav/ros2_ws/src/install/rplidar_ros/lib/pkgconfig/rplidar_ros.pc'
[94.574s] Level 1:colcon.colcon_core.environment:checking '/home/seav/ros2_ws/src/install/rplidar_ros/lib/python3.10/site-packages'
[94.575s] Level 1:colcon.colcon_core.environment:checking '/home/seav/ros2_ws/src/install/rplidar_ros/bin'
[94.576s] INFO:colcon.colcon_core.shell:Creating package script '/home/seav/ros2_ws/src/install/rplidar_ros/share/rplidar_ros/package.ps1'
[94.579s] INFO:colcon.colcon_core.shell:Creating package descriptor '/home/seav/ros2_ws/src/install/rplidar_ros/share/rplidar_ros/package.dsv'
[94.582s] INFO:colcon.colcon_core.shell:Creating package script '/home/seav/ros2_ws/src/install/rplidar_ros/share/rplidar_ros/package.sh'
[94.585s] INFO:colcon.colcon_core.shell:Creating package script '/home/seav/ros2_ws/src/install/rplidar_ros/share/rplidar_ros/package.bash'
[94.587s] INFO:colcon.colcon_core.shell:Creating package script '/home/seav/ros2_ws/src/install/rplidar_ros/share/rplidar_ros/package.zsh'
[94.590s] Level 1:colcon.colcon_core.environment:create_file_with_runtime_dependencies(/home/seav/ros2_ws/src/install/rplidar_ros/share/colcon-core/packages/rplidar_ros)
[94.592s] DEBUG:colcon.colcon_parallel_executor.executor.parallel:closing loop
[94.596s] DEBUG:colcon.colcon_parallel_executor.executor.parallel:loop closed
[94.597s] DEBUG:colcon.colcon_parallel_executor.executor.parallel:run_until_complete finished with '0'
[94.597s] DEBUG:colcon.colcon_core.event_reactor:joining thread
[94.852s] INFO:colcon.colcon_core.plugin_system:Skipping extension 'colcon_notification.desktop_notification.terminal_notifier': Not used on non-Darwin systems
[94.853s] INFO:colcon.colcon_core.plugin_system:Skipping extension 'colcon_notification.desktop_notification.win32': Not used on non-Windows systems
[94.853s] INFO:colcon.colcon_notification.desktop_notification:Sending desktop notification using 'notify2'
[94.966s] DEBUG:colcon.colcon_core.event_reactor:joined thread
[94.968s] INFO:colcon.colcon_core.shell:Creating prefix script '/home/seav/ros2_ws/src/install/local_setup.ps1'
[94.973s] INFO:colcon.colcon_core.shell:Creating prefix util module '/home/seav/ros2_ws/src/install/_local_setup_util_ps1.py'
[94.982s] INFO:colcon.colcon_core.shell:Creating prefix chain script '/home/seav/ros2_ws/src/install/setup.ps1'
[94.991s] INFO:colcon.colcon_core.shell:Creating prefix script '/home/seav/ros2_ws/src/install/local_setup.sh'
[94.995s] INFO:colcon.colcon_core.shell:Creating prefix util module '/home/seav/ros2_ws/src/install/_local_setup_util_sh.py'
[94.998s] INFO:colcon.colcon_core.shell:Creating prefix chain script '/home/seav/ros2_ws/src/install/setup.sh'
[95.005s] INFO:colcon.colcon_core.shell:Creating prefix script '/home/seav/ros2_ws/src/install/local_setup.bash'
[95.008s] INFO:colcon.colcon_core.shell:Creating prefix chain script '/home/seav/ros2_ws/src/install/setup.bash'
[95.014s] INFO:colcon.colcon_core.shell:Creating prefix script '/home/seav/ros2_ws/src/install/local_setup.zsh'
[95.018s] INFO:colcon.colcon_core.shell:Creating prefix chain script '/home/seav/ros2_ws/src/install/setup.zsh'
