[1.487s] DEBUG:colcon:Command line arguments: ['/usr/bin/colcon', 'build', '--symlink-install']
[1.487s] DEBUG:colcon:Parsed command line arguments: Namespace(log_base=None, log_level=None, verb_name='build', build_base='build', install_base='install', merge_install=False, symlink_install=True, test_result_base=None, continue_on_error=False, executor='parallel', parallel_workers=4, event_handlers=None, ignore_user_meta=False, metas=['./colcon.meta'], base_paths=['.'], packages_ignore=None, packages_ignore_regex=None, paths=None, packages_up_to=None, packages_up_to_regex=None, packages_above=None, packages_above_and_dependencies=None, packages_above_depth=None, packages_select_by_dep=None, packages_skip_by_dep=None, packages_skip_up_to=None, packages_select_build_failed=False, packages_skip_build_finished=False, packages_select_test_failures=False, packages_skip_test_passed=False, packages_select=None, packages_skip=None, packages_select_regex=None, packages_skip_regex=None, packages_start=None, packages_end=None, allow_overriding=[], cmake_args=None, cmake_target=None, cmake_target_skip_unavailable=False, cmake_clean_cache=False, cmake_clean_first=False, cmake_force_configure=False, ament_cmake_args=None, catkin_cmake_args=None, catkin_skip_building_tests=False, mixin_files=None, mixin=None, verb_parser=<colcon_mixin.mixin.mixin_argument.MixinArgumentDecorator object at 0xffff9ff72dd0>, verb_extension=<colcon_core.verb.build.BuildVerb object at 0xffffa0063430>, main=<bound method BuildVerb.main of <colcon_core.verb.build.BuildVerb object at 0xffffa0063430>>, mixin_verb=('build',))
[4.183s] Level 1:colcon.colcon_core.package_discovery:discover_packages(colcon_meta) check parameters
[4.184s] Level 1:colcon.colcon_core.package_discovery:discover_packages(recursive) check parameters
[4.184s] Level 1:colcon.colcon_core.package_discovery:discover_packages(ignore) check parameters
[4.185s] Level 1:colcon.colcon_core.package_discovery:discover_packages(path) check parameters
[4.185s] Level 1:colcon.colcon_core.package_discovery:discover_packages(colcon_meta) discover
[4.185s] Level 1:colcon.colcon_core.package_discovery:discover_packages(recursive) discover
[4.186s] INFO:colcon.colcon_core.package_discovery:Crawling recursively for packages in '/home/seav/ros2_ws'
[4.187s] Level 1:colcon.colcon_core.package_identification:_identify(.) by extensions ['ignore', 'ignore_ament_install']
[4.187s] Level 1:colcon.colcon_core.package_identification:_identify(.) by extension 'ignore'
[4.188s] Level 1:colcon.colcon_core.package_identification:_identify(.) by extension 'ignore_ament_install'
[4.188s] Level 1:colcon.colcon_core.package_identification:_identify(.) by extensions ['colcon_pkg']
[4.189s] Level 1:colcon.colcon_core.package_identification:_identify(.) by extension 'colcon_pkg'
[4.189s] Level 1:colcon.colcon_core.package_identification:_identify(.) by extensions ['colcon_meta']
[4.189s] Level 1:colcon.colcon_core.package_identification:_identify(.) by extension 'colcon_meta'
[4.189s] Level 1:colcon.colcon_core.package_identification:_identify(.) by extensions ['ros']
[4.189s] Level 1:colcon.colcon_core.package_identification:_identify(.) by extension 'ros'
[4.242s] Level 1:colcon.colcon_core.package_identification:_identify(.) by extensions ['cmake', 'python']
[4.243s] Level 1:colcon.colcon_core.package_identification:_identify(.) by extension 'cmake'
[4.243s] Level 1:colcon.colcon_core.package_identification:_identify(.) by extension 'python'
[4.243s] Level 1:colcon.colcon_core.package_identification:_identify(.) by extensions ['python_setup_py']
[4.243s] Level 1:colcon.colcon_core.package_identification:_identify(.) by extension 'python_setup_py'
[4.244s] Level 1:colcon.colcon_core.package_identification:_identify(build) by extensions ['ignore', 'ignore_ament_install']
[4.244s] Level 1:colcon.colcon_core.package_identification:_identify(build) by extension 'ignore'
[4.244s] Level 1:colcon.colcon_core.package_identification:_identify(build) ignored
[4.250s] Level 1:colcon.colcon_core.package_identification:_identify(install) by extensions ['ignore', 'ignore_ament_install']
[4.250s] Level 1:colcon.colcon_core.package_identification:_identify(install) by extension 'ignore'
[4.251s] Level 1:colcon.colcon_core.package_identification:_identify(install) ignored
[4.251s] Level 1:colcon.colcon_core.package_identification:_identify(log) by extensions ['ignore', 'ignore_ament_install']
[4.252s] Level 1:colcon.colcon_core.package_identification:_identify(log) by extension 'ignore'
[4.252s] Level 1:colcon.colcon_core.package_identification:_identify(log) ignored
[4.253s] Level 1:colcon.colcon_core.package_identification:_identify(src) by extensions ['ignore', 'ignore_ament_install']
[4.254s] Level 1:colcon.colcon_core.package_identification:_identify(src) by extension 'ignore'
[4.254s] Level 1:colcon.colcon_core.package_identification:_identify(src) by extension 'ignore_ament_install'
[4.254s] Level 1:colcon.colcon_core.package_identification:_identify(src) by extensions ['colcon_pkg']
[4.254s] Level 1:colcon.colcon_core.package_identification:_identify(src) by extension 'colcon_pkg'
[4.255s] Level 1:colcon.colcon_core.package_identification:_identify(src) by extensions ['colcon_meta']
[4.255s] Level 1:colcon.colcon_core.package_identification:_identify(src) by extension 'colcon_meta'
[4.255s] Level 1:colcon.colcon_core.package_identification:_identify(src) by extensions ['ros']
[4.255s] Level 1:colcon.colcon_core.package_identification:_identify(src) by extension 'ros'
[4.256s] Level 1:colcon.colcon_core.package_identification:_identify(src) by extensions ['cmake', 'python']
[4.256s] Level 1:colcon.colcon_core.package_identification:_identify(src) by extension 'cmake'
[4.256s] Level 1:colcon.colcon_core.package_identification:_identify(src) by extension 'python'
[4.256s] Level 1:colcon.colcon_core.package_identification:_identify(src) by extensions ['python_setup_py']
[4.257s] Level 1:colcon.colcon_core.package_identification:_identify(src) by extension 'python_setup_py'
[4.259s] Level 1:colcon.colcon_core.package_identification:_identify(src/build) by extensions ['ignore', 'ignore_ament_install']
[4.259s] Level 1:colcon.colcon_core.package_identification:_identify(src/build) by extension 'ignore'
[4.260s] Level 1:colcon.colcon_core.package_identification:_identify(src/build) ignored
[4.261s] Level 1:colcon.colcon_core.package_identification:_identify(src/imu) by extensions ['ignore', 'ignore_ament_install']
[4.262s] Level 1:colcon.colcon_core.package_identification:_identify(src/imu) by extension 'ignore'
[4.262s] Level 1:colcon.colcon_core.package_identification:_identify(src/imu) by extension 'ignore_ament_install'
[4.263s] Level 1:colcon.colcon_core.package_identification:_identify(src/imu) by extensions ['colcon_pkg']
[4.263s] Level 1:colcon.colcon_core.package_identification:_identify(src/imu) by extension 'colcon_pkg'
[4.263s] Level 1:colcon.colcon_core.package_identification:_identify(src/imu) by extensions ['colcon_meta']
[4.263s] Level 1:colcon.colcon_core.package_identification:_identify(src/imu) by extension 'colcon_meta'
[4.263s] Level 1:colcon.colcon_core.package_identification:_identify(src/imu) by extensions ['ros']
[4.264s] Level 1:colcon.colcon_core.package_identification:_identify(src/imu) by extension 'ros'
[4.264s] Level 1:colcon.colcon_core.package_identification:_identify(src/imu) by extensions ['cmake', 'python']
[4.264s] Level 1:colcon.colcon_core.package_identification:_identify(src/imu) by extension 'cmake'
[4.264s] Level 1:colcon.colcon_core.package_identification:_identify(src/imu) by extension 'python'
[4.265s] Level 1:colcon.colcon_core.package_identification:_identify(src/imu) by extensions ['python_setup_py']
[4.265s] Level 1:colcon.colcon_core.package_identification:_identify(src/imu) by extension 'python_setup_py'
[4.266s] Level 1:colcon.colcon_core.package_identification:_identify(src/install) by extensions ['ignore', 'ignore_ament_install']
[4.267s] Level 1:colcon.colcon_core.package_identification:_identify(src/install) by extension 'ignore'
[4.267s] Level 1:colcon.colcon_core.package_identification:_identify(src/install) ignored
[4.268s] Level 1:colcon.colcon_core.package_identification:_identify(src/log) by extensions ['ignore', 'ignore_ament_install']
[4.269s] Level 1:colcon.colcon_core.package_identification:_identify(src/log) by extension 'ignore'
[4.269s] Level 1:colcon.colcon_core.package_identification:_identify(src/log) ignored
[4.270s] Level 1:colcon.colcon_core.package_identification:_identify(src/my_robot_controller) by extensions ['ignore', 'ignore_ament_install']
[4.270s] Level 1:colcon.colcon_core.package_identification:_identify(src/my_robot_controller) by extension 'ignore'
[4.270s] Level 1:colcon.colcon_core.package_identification:_identify(src/my_robot_controller) by extension 'ignore_ament_install'
[4.271s] Level 1:colcon.colcon_core.package_identification:_identify(src/my_robot_controller) by extensions ['colcon_pkg']
[4.271s] Level 1:colcon.colcon_core.package_identification:_identify(src/my_robot_controller) by extension 'colcon_pkg'
[4.271s] Level 1:colcon.colcon_core.package_identification:_identify(src/my_robot_controller) by extensions ['colcon_meta']
[4.271s] Level 1:colcon.colcon_core.package_identification:_identify(src/my_robot_controller) by extension 'colcon_meta'
[4.271s] Level 1:colcon.colcon_core.package_identification:_identify(src/my_robot_controller) by extensions ['ros']
[4.272s] Level 1:colcon.colcon_core.package_identification:_identify(src/my_robot_controller) by extension 'ros'
[4.286s] DEBUG:colcon.colcon_core.package_identification:Package 'src/my_robot_controller' with type 'ros.ament_python' and name 'my_robot_controller'
[4.288s] Level 1:colcon.colcon_core.package_identification:_identify(src/rplidar_ros) by extensions ['ignore', 'ignore_ament_install']
[4.289s] Level 1:colcon.colcon_core.package_identification:_identify(src/rplidar_ros) by extension 'ignore'
[4.289s] Level 1:colcon.colcon_core.package_identification:_identify(src/rplidar_ros) by extension 'ignore_ament_install'
[4.289s] Level 1:colcon.colcon_core.package_identification:_identify(src/rplidar_ros) by extensions ['colcon_pkg']
[4.289s] Level 1:colcon.colcon_core.package_identification:_identify(src/rplidar_ros) by extension 'colcon_pkg'
[4.290s] Level 1:colcon.colcon_core.package_identification:_identify(src/rplidar_ros) by extensions ['colcon_meta']
[4.290s] Level 1:colcon.colcon_core.package_identification:_identify(src/rplidar_ros) by extension 'colcon_meta'
[4.290s] Level 1:colcon.colcon_core.package_identification:_identify(src/rplidar_ros) by extensions ['ros']
[4.290s] Level 1:colcon.colcon_core.package_identification:_identify(src/rplidar_ros) by extension 'ros'
[4.295s] DEBUG:colcon.colcon_core.package_identification:Package 'src/rplidar_ros' with type 'ros.ament_cmake' and name 'rplidar_ros'
[4.297s] Level 1:colcon.colcon_core.package_identification:_identify(src/seav_test_sensors) by extensions ['ignore', 'ignore_ament_install']
[4.298s] Level 1:colcon.colcon_core.package_identification:_identify(src/seav_test_sensors) by extension 'ignore'
[4.298s] Level 1:colcon.colcon_core.package_identification:_identify(src/seav_test_sensors) by extension 'ignore_ament_install'
[4.298s] Level 1:colcon.colcon_core.package_identification:_identify(src/seav_test_sensors) by extensions ['colcon_pkg']
[4.298s] Level 1:colcon.colcon_core.package_identification:_identify(src/seav_test_sensors) by extension 'colcon_pkg'
[4.299s] Level 1:colcon.colcon_core.package_identification:_identify(src/seav_test_sensors) by extensions ['colcon_meta']
[4.299s] Level 1:colcon.colcon_core.package_identification:_identify(src/seav_test_sensors) by extension 'colcon_meta'
[4.299s] Level 1:colcon.colcon_core.package_identification:_identify(src/seav_test_sensors) by extensions ['ros']
[4.299s] Level 1:colcon.colcon_core.package_identification:_identify(src/seav_test_sensors) by extension 'ros'
[4.303s] DEBUG:colcon.colcon_core.package_identification:Package 'src/seav_test_sensors' with type 'ros.ament_python' and name 'seav_test_sensors'
[4.305s] Level 1:colcon.colcon_core.package_identification:_identify(src/static_tf_publisher) by extensions ['ignore', 'ignore_ament_install']
[4.305s] Level 1:colcon.colcon_core.package_identification:_identify(src/static_tf_publisher) by extension 'ignore'
[4.306s] Level 1:colcon.colcon_core.package_identification:_identify(src/static_tf_publisher) by extension 'ignore_ament_install'
[4.306s] Level 1:colcon.colcon_core.package_identification:_identify(src/static_tf_publisher) by extensions ['colcon_pkg']
[4.306s] Level 1:colcon.colcon_core.package_identification:_identify(src/static_tf_publisher) by extension 'colcon_pkg'
[4.306s] Level 1:colcon.colcon_core.package_identification:_identify(src/static_tf_publisher) by extensions ['colcon_meta']
[4.307s] Level 1:colcon.colcon_core.package_identification:_identify(src/static_tf_publisher) by extension 'colcon_meta'
[4.307s] Level 1:colcon.colcon_core.package_identification:_identify(src/static_tf_publisher) by extensions ['ros']
[4.307s] Level 1:colcon.colcon_core.package_identification:_identify(src/static_tf_publisher) by extension 'ros'
[4.312s] DEBUG:colcon.colcon_core.package_identification:Package 'src/static_tf_publisher' with type 'ros.ament_python' and name 'static_tf_publisher'
[4.312s] Level 1:colcon.colcon_core.package_discovery:discover_packages(recursive) using defaults
[4.312s] Level 1:colcon.colcon_core.package_discovery:discover_packages(ignore) discover
[4.312s] Level 1:colcon.colcon_core.package_discovery:discover_packages(ignore) using defaults
[4.312s] Level 1:colcon.colcon_core.package_discovery:discover_packages(path) discover
[4.312s] Level 1:colcon.colcon_core.package_discovery:discover_packages(path) using defaults
[4.525s] Level 1:colcon.colcon_core.package_discovery:discover_packages(prefix_path) check parameters
[4.525s] Level 1:colcon.colcon_core.package_discovery:discover_packages(prefix_path) discover
[4.544s] DEBUG:colcon.colcon_installed_package_information.package_discovery:Found 4 installed packages in /home/seav/ros2_ws/install
[4.559s] DEBUG:colcon.colcon_installed_package_information.package_discovery:Found 314 installed packages in /opt/ros/humble
[4.568s] Level 1:colcon.colcon_core.package_discovery:discover_packages(prefix_path) using defaults
[5.276s] Level 5:colcon.colcon_core.verb:set package 'my_robot_controller' build argument 'cmake_args' from command line to 'None'
[5.277s] Level 5:colcon.colcon_core.verb:set package 'my_robot_controller' build argument 'cmake_target' from command line to 'None'
[5.277s] Level 5:colcon.colcon_core.verb:set package 'my_robot_controller' build argument 'cmake_target_skip_unavailable' from command line to 'False'
[5.278s] Level 5:colcon.colcon_core.verb:set package 'my_robot_controller' build argument 'cmake_clean_cache' from command line to 'False'
[5.278s] Level 5:colcon.colcon_core.verb:set package 'my_robot_controller' build argument 'cmake_clean_first' from command line to 'False'
[5.278s] Level 5:colcon.colcon_core.verb:set package 'my_robot_controller' build argument 'cmake_force_configure' from command line to 'False'
[5.278s] Level 5:colcon.colcon_core.verb:set package 'my_robot_controller' build argument 'ament_cmake_args' from command line to 'None'
[5.278s] Level 5:colcon.colcon_core.verb:set package 'my_robot_controller' build argument 'catkin_cmake_args' from command line to 'None'
[5.279s] Level 5:colcon.colcon_core.verb:set package 'my_robot_controller' build argument 'catkin_skip_building_tests' from command line to 'False'
[5.279s] DEBUG:colcon.colcon_core.verb:Building package 'my_robot_controller' with the following arguments: {'ament_cmake_args': None, 'build_base': '/home/seav/ros2_ws/build/my_robot_controller', 'catkin_cmake_args': None, 'catkin_skip_building_tests': False, 'cmake_args': None, 'cmake_clean_cache': False, 'cmake_clean_first': False, 'cmake_force_configure': False, 'cmake_target': None, 'cmake_target_skip_unavailable': False, 'install_base': '/home/seav/ros2_ws/install/my_robot_controller', 'merge_install': False, 'path': '/home/seav/ros2_ws/src/my_robot_controller', 'symlink_install': True, 'test_result_base': None}
[5.283s] Level 5:colcon.colcon_core.verb:set package 'rplidar_ros' build argument 'cmake_args' from command line to 'None'
[5.283s] Level 5:colcon.colcon_core.verb:set package 'rplidar_ros' build argument 'cmake_target' from command line to 'None'
[5.284s] Level 5:colcon.colcon_core.verb:set package 'rplidar_ros' build argument 'cmake_target_skip_unavailable' from command line to 'False'
[5.284s] Level 5:colcon.colcon_core.verb:set package 'rplidar_ros' build argument 'cmake_clean_cache' from command line to 'False'
[5.284s] Level 5:colcon.colcon_core.verb:set package 'rplidar_ros' build argument 'cmake_clean_first' from command line to 'False'
[5.285s] Level 5:colcon.colcon_core.verb:set package 'rplidar_ros' build argument 'cmake_force_configure' from command line to 'False'
[5.285s] Level 5:colcon.colcon_core.verb:set package 'rplidar_ros' build argument 'ament_cmake_args' from command line to 'None'
[5.285s] Level 5:colcon.colcon_core.verb:set package 'rplidar_ros' build argument 'catkin_cmake_args' from command line to 'None'
[5.285s] Level 5:colcon.colcon_core.verb:set package 'rplidar_ros' build argument 'catkin_skip_building_tests' from command line to 'False'
[5.286s] DEBUG:colcon.colcon_core.verb:Building package 'rplidar_ros' with the following arguments: {'ament_cmake_args': None, 'build_base': '/home/seav/ros2_ws/build/rplidar_ros', 'catkin_cmake_args': None, 'catkin_skip_building_tests': False, 'cmake_args': None, 'cmake_clean_cache': False, 'cmake_clean_first': False, 'cmake_force_configure': False, 'cmake_target': None, 'cmake_target_skip_unavailable': False, 'install_base': '/home/seav/ros2_ws/install/rplidar_ros', 'merge_install': False, 'path': '/home/seav/ros2_ws/src/rplidar_ros', 'symlink_install': True, 'test_result_base': None}
[5.290s] Level 5:colcon.colcon_core.verb:set package 'seav_test_sensors' build argument 'cmake_args' from command line to 'None'
[5.290s] Level 5:colcon.colcon_core.verb:set package 'seav_test_sensors' build argument 'cmake_target' from command line to 'None'
[5.291s] Level 5:colcon.colcon_core.verb:set package 'seav_test_sensors' build argument 'cmake_target_skip_unavailable' from command line to 'False'
[5.291s] Level 5:colcon.colcon_core.verb:set package 'seav_test_sensors' build argument 'cmake_clean_cache' from command line to 'False'
[5.291s] Level 5:colcon.colcon_core.verb:set package 'seav_test_sensors' build argument 'cmake_clean_first' from command line to 'False'
[5.291s] Level 5:colcon.colcon_core.verb:set package 'seav_test_sensors' build argument 'cmake_force_configure' from command line to 'False'
[5.292s] Level 5:colcon.colcon_core.verb:set package 'seav_test_sensors' build argument 'ament_cmake_args' from command line to 'None'
[5.292s] Level 5:colcon.colcon_core.verb:set package 'seav_test_sensors' build argument 'catkin_cmake_args' from command line to 'None'
[5.293s] Level 5:colcon.colcon_core.verb:set package 'seav_test_sensors' build argument 'catkin_skip_building_tests' from command line to 'False'
[5.294s] DEBUG:colcon.colcon_core.verb:Building package 'seav_test_sensors' with the following arguments: {'ament_cmake_args': None, 'build_base': '/home/seav/ros2_ws/build/seav_test_sensors', 'catkin_cmake_args': None, 'catkin_skip_building_tests': False, 'cmake_args': None, 'cmake_clean_cache': False, 'cmake_clean_first': False, 'cmake_force_configure': False, 'cmake_target': None, 'cmake_target_skip_unavailable': False, 'install_base': '/home/seav/ros2_ws/install/seav_test_sensors', 'merge_install': False, 'path': '/home/seav/ros2_ws/src/seav_test_sensors', 'symlink_install': True, 'test_result_base': None}
[5.297s] Level 5:colcon.colcon_core.verb:set package 'static_tf_publisher' build argument 'cmake_args' from command line to 'None'
[5.297s] Level 5:colcon.colcon_core.verb:set package 'static_tf_publisher' build argument 'cmake_target' from command line to 'None'
[5.297s] Level 5:colcon.colcon_core.verb:set package 'static_tf_publisher' build argument 'cmake_target_skip_unavailable' from command line to 'False'
[5.298s] Level 5:colcon.colcon_core.verb:set package 'static_tf_publisher' build argument 'cmake_clean_cache' from command line to 'False'
[5.298s] Level 5:colcon.colcon_core.verb:set package 'static_tf_publisher' build argument 'cmake_clean_first' from command line to 'False'
[5.298s] Level 5:colcon.colcon_core.verb:set package 'static_tf_publisher' build argument 'cmake_force_configure' from command line to 'False'
[5.299s] Level 5:colcon.colcon_core.verb:set package 'static_tf_publisher' build argument 'ament_cmake_args' from command line to 'None'
[5.299s] Level 5:colcon.colcon_core.verb:set package 'static_tf_publisher' build argument 'catkin_cmake_args' from command line to 'None'
[5.299s] Level 5:colcon.colcon_core.verb:set package 'static_tf_publisher' build argument 'catkin_skip_building_tests' from command line to 'False'
[5.300s] DEBUG:colcon.colcon_core.verb:Building package 'static_tf_publisher' with the following arguments: {'ament_cmake_args': None, 'build_base': '/home/seav/ros2_ws/build/static_tf_publisher', 'catkin_cmake_args': None, 'catkin_skip_building_tests': False, 'cmake_args': None, 'cmake_clean_cache': False, 'cmake_clean_first': False, 'cmake_force_configure': False, 'cmake_target': None, 'cmake_target_skip_unavailable': False, 'install_base': '/home/seav/ros2_ws/install/static_tf_publisher', 'merge_install': False, 'path': '/home/seav/ros2_ws/src/static_tf_publisher', 'symlink_install': True, 'test_result_base': None}
[5.301s] INFO:colcon.colcon_core.executor:Executing jobs using 'parallel' executor
[5.312s] DEBUG:colcon.colcon_parallel_executor.executor.parallel:run_until_complete
[5.317s] INFO:colcon.colcon_ros.task.ament_python.build:Building ROS package in '/home/seav/ros2_ws/src/my_robot_controller' with build type 'ament_python'
[5.320s] Level 1:colcon.colcon_core.shell:create_environment_hook('my_robot_controller', 'ament_prefix_path')
[5.380s] INFO:colcon.colcon_core.plugin_system:Skipping extension 'colcon_core.shell.bat': Not used on non-Windows systems
[5.384s] INFO:colcon.colcon_core.shell:Creating environment hook '/home/seav/ros2_ws/install/my_robot_controller/share/my_robot_controller/hook/ament_prefix_path.ps1'
[5.405s] INFO:colcon.colcon_core.shell:Creating environment descriptor '/home/seav/ros2_ws/install/my_robot_controller/share/my_robot_controller/hook/ament_prefix_path.dsv'
[5.411s] INFO:colcon.colcon_core.shell:Creating environment hook '/home/seav/ros2_ws/install/my_robot_controller/share/my_robot_controller/hook/ament_prefix_path.sh'
[5.426s] INFO:colcon.colcon_core.shell:Skip shell extension 'powershell' for command environment: Not usable outside of PowerShell
[5.428s] DEBUG:colcon.colcon_core.shell:Skip shell extension 'dsv' for command environment
[5.481s] INFO:colcon.colcon_ros.task.ament_cmake.build:Building ROS package in '/home/seav/ros2_ws/src/rplidar_ros' with build type 'ament_cmake'
[5.482s] INFO:colcon.colcon_cmake.task.cmake.build:Building CMake package in '/home/seav/ros2_ws/src/rplidar_ros'
[5.484s] INFO:colcon.colcon_core.shell:Skip shell extension 'powershell' for command environment: Not usable outside of PowerShell
[5.484s] DEBUG:colcon.colcon_core.shell:Skip shell extension 'dsv' for command environment
[5.540s] INFO:colcon.colcon_ros.task.ament_python.build:Building ROS package in '/home/seav/ros2_ws/src/seav_test_sensors' with build type 'ament_python'
[5.541s] Level 1:colcon.colcon_core.shell:create_environment_hook('seav_test_sensors', 'ament_prefix_path')
[5.544s] INFO:colcon.colcon_core.shell:Creating environment hook '/home/seav/ros2_ws/install/seav_test_sensors/share/seav_test_sensors/hook/ament_prefix_path.ps1'
[5.556s] INFO:colcon.colcon_core.shell:Creating environment descriptor '/home/seav/ros2_ws/install/seav_test_sensors/share/seav_test_sensors/hook/ament_prefix_path.dsv'
[5.562s] INFO:colcon.colcon_core.shell:Creating environment hook '/home/seav/ros2_ws/install/seav_test_sensors/share/seav_test_sensors/hook/ament_prefix_path.sh'
[5.581s] INFO:colcon.colcon_core.shell:Skip shell extension 'powershell' for command environment: Not usable outside of PowerShell
[5.582s] DEBUG:colcon.colcon_core.shell:Skip shell extension 'dsv' for command environment
[5.640s] INFO:colcon.colcon_ros.task.ament_python.build:Building ROS package in '/home/seav/ros2_ws/src/static_tf_publisher' with build type 'ament_python'
[5.642s] Level 1:colcon.colcon_core.shell:create_environment_hook('static_tf_publisher', 'ament_prefix_path')
[5.644s] INFO:colcon.colcon_core.shell:Creating environment hook '/home/seav/ros2_ws/install/static_tf_publisher/share/static_tf_publisher/hook/ament_prefix_path.ps1'
[5.651s] INFO:colcon.colcon_core.shell:Creating environment descriptor '/home/seav/ros2_ws/install/static_tf_publisher/share/static_tf_publisher/hook/ament_prefix_path.dsv'
[5.655s] INFO:colcon.colcon_core.shell:Creating environment hook '/home/seav/ros2_ws/install/static_tf_publisher/share/static_tf_publisher/hook/ament_prefix_path.sh'
[5.660s] INFO:colcon.colcon_core.shell:Skip shell extension 'powershell' for command environment: Not usable outside of PowerShell
[5.661s] DEBUG:colcon.colcon_core.shell:Skip shell extension 'dsv' for command environment
[8.149s] INFO:colcon.colcon_core.task.python.build:Building Python package in '/home/seav/ros2_ws/src/my_robot_controller'
[8.152s] INFO:colcon.colcon_core.shell:Skip shell extension 'powershell' for command environment: Not usable outside of PowerShell
[8.153s] DEBUG:colcon.colcon_core.shell:Skip shell extension 'dsv' for command environment
[8.222s] DEBUG:colcon.colcon_core.event_handler.log_command:Invoking command in '/home/seav/ros2_ws/build/rplidar_ros': CMAKE_PREFIX_PATH=${CMAKE_PREFIX_PATH}:/home/seav/ros2_ws/install/static_tf_publisher:/home/seav/ros2_ws/install/seav_test_sensors:/opt/ros/humble /usr/bin/cmake /home/seav/ros2_ws/src/rplidar_ros -DAMENT_CMAKE_SYMLINK_INSTALL=1 -DCMAKE_INSTALL_PREFIX=/home/seav/ros2_ws/install/rplidar_ros
[12.328s] INFO:colcon.colcon_core.task.python.build:Building Python package in '/home/seav/ros2_ws/src/seav_test_sensors'
[12.345s] INFO:colcon.colcon_core.shell:Skip shell extension 'powershell' for command environment: Not usable outside of PowerShell
[12.345s] DEBUG:colcon.colcon_core.shell:Skip shell extension 'dsv' for command environment
[17.799s] INFO:colcon.colcon_core.task.python.build:Building Python package in '/home/seav/ros2_ws/src/static_tf_publisher'
[17.801s] INFO:colcon.colcon_core.shell:Skip shell extension 'powershell' for command environment: Not usable outside of PowerShell
[17.801s] DEBUG:colcon.colcon_core.shell:Skip shell extension 'dsv' for command environment
[20.698s] DEBUG:colcon.colcon_core.event_handler.log_command:Invoked command in '/home/seav/ros2_ws/build/rplidar_ros' returned '0': CMAKE_PREFIX_PATH=${CMAKE_PREFIX_PATH}:/home/seav/ros2_ws/install/static_tf_publisher:/home/seav/ros2_ws/install/seav_test_sensors:/opt/ros/humble /usr/bin/cmake /home/seav/ros2_ws/src/rplidar_ros -DAMENT_CMAKE_SYMLINK_INSTALL=1 -DCMAKE_INSTALL_PREFIX=/home/seav/ros2_ws/install/rplidar_ros
[20.700s] DEBUG:colcon.colcon_core.event_handler.log_command:Invoking command in '/home/seav/ros2_ws/build/rplidar_ros': CMAKE_PREFIX_PATH=${CMAKE_PREFIX_PATH}:/home/seav/ros2_ws/install/static_tf_publisher:/home/seav/ros2_ws/install/seav_test_sensors:/opt/ros/humble /usr/bin/cmake --build /home/seav/ros2_ws/build/rplidar_ros -- -j4 -l4
[23.959s] DEBUG:colcon.colcon_core.event_handler.log_command:Invoking command in '/home/seav/ros2_ws/build/my_robot_controller': PYTHONPATH=/home/seav/ros2_ws/build/my_robot_controller/prefix_override:/usr/lib/python3/dist-packages/colcon_core/task/python/colcon_distutils_commands:/home/seav/ros2_ws/install/my_robot_controller/lib/python3.10/site-packages:${PYTHONPATH} /usr/bin/python3 -W ignore:setup.py install is deprecated setup.py develop --editable --build-directory /home/seav/ros2_ws/build/my_robot_controller/build --no-deps symlink_data
[24.220s] DEBUG:colcon.colcon_core.task.python.build:While undoing a previous installation files outside the Python library path are being ignored: /home/seav/ros2_ws/install/static_tf_publisher/share/ament_index/resource_index/packages/static_tf_publisher
[24.221s] DEBUG:colcon.colcon_core.task.python.build:While undoing a previous installation files outside the Python library path are being ignored: /home/seav/ros2_ws/install/static_tf_publisher/share/static_tf_publisher/package.xml
[24.234s] DEBUG:colcon.colcon_core.task.python.build:While undoing a previous installation files outside the Python library path are being ignored: /home/seav/ros2_ws/install/static_tf_publisher/share/static_tf_publisher/launch/static_tf_launch.py
[24.286s] DEBUG:colcon.colcon_core.event_handler.log_command:Invoking command in '/home/seav/ros2_ws/build/static_tf_publisher': PYTHONPATH=/home/seav/ros2_ws/build/static_tf_publisher/prefix_override:/usr/lib/python3/dist-packages/colcon_core/task/python/colcon_distutils_commands:/home/seav/ros2_ws/install/static_tf_publisher/lib/python3.10/site-packages:${PYTHONPATH} /usr/bin/python3 -W ignore:setup.py install is deprecated setup.py develop --editable --build-directory /home/seav/ros2_ws/build/static_tf_publisher/build --no-deps symlink_data --force
[24.452s] DEBUG:colcon.colcon_core.task.python.build:While undoing a previous installation files outside the Python library path are being ignored: /home/seav/ros2_ws/install/seav_test_sensors/share/ament_index/resource_index/packages/seav_test_sensors
[24.453s] DEBUG:colcon.colcon_core.task.python.build:While undoing a previous installation files outside the Python library path are being ignored: /home/seav/ros2_ws/install/seav_test_sensors/share/seav_test_sensors/package.xml
[24.469s] DEBUG:colcon.colcon_core.task.python.build:While undoing a previous installation files outside the Python library path are being ignored: /home/seav/ros2_ws/install/seav_test_sensors/lib/seav_test_sensors/imu_serial_publisher
[24.522s] DEBUG:colcon.colcon_core.event_handler.log_command:Invoking command in '/home/seav/ros2_ws/build/seav_test_sensors': PYTHONPATH=/home/seav/ros2_ws/build/seav_test_sensors/prefix_override:/usr/lib/python3/dist-packages/colcon_core/task/python/colcon_distutils_commands:/home/seav/ros2_ws/install/seav_test_sensors/lib/python3.10/site-packages:${PYTHONPATH} /usr/bin/python3 -W ignore:setup.py install is deprecated setup.py develop --editable --build-directory /home/seav/ros2_ws/build/seav_test_sensors/build --no-deps symlink_data --force
[36.336s] Level 1:colcon.colcon_core.shell:create_environment_hook('my_robot_controller', 'pythonpath_develop')
[36.340s] INFO:colcon.colcon_core.shell:Creating environment hook '/home/seav/ros2_ws/build/my_robot_controller/share/my_robot_controller/hook/pythonpath_develop.ps1'
[36.343s] DEBUG:colcon.colcon_core.event_handler.log_command:Invoked command in '/home/seav/ros2_ws/build/my_robot_controller' returned '0': PYTHONPATH=/home/seav/ros2_ws/build/my_robot_controller/prefix_override:/usr/lib/python3/dist-packages/colcon_core/task/python/colcon_distutils_commands:/home/seav/ros2_ws/install/my_robot_controller/lib/python3.10/site-packages:${PYTHONPATH} /usr/bin/python3 -W ignore:setup.py install is deprecated setup.py develop --editable --build-directory /home/seav/ros2_ws/build/my_robot_controller/build --no-deps symlink_data
[36.354s] INFO:colcon.colcon_core.shell:Creating environment descriptor '/home/seav/ros2_ws/build/my_robot_controller/share/my_robot_controller/hook/pythonpath_develop.dsv'
[36.358s] INFO:colcon.colcon_core.shell:Creating environment hook '/home/seav/ros2_ws/build/my_robot_controller/share/my_robot_controller/hook/pythonpath_develop.sh'
[36.464s] Level 1:colcon.colcon_core.environment:checking '/home/seav/ros2_ws/install/my_robot_controller' for CMake module files
[36.468s] Level 1:colcon.colcon_core.environment:checking '/home/seav/ros2_ws/install/my_robot_controller' for CMake config files
[36.475s] Level 1:colcon.colcon_core.environment:checking '/home/seav/ros2_ws/install/my_robot_controller/lib'
[36.478s] Level 1:colcon.colcon_core.environment:checking '/home/seav/ros2_ws/install/my_robot_controller/bin'
[36.479s] Level 1:colcon.colcon_core.environment:checking '/home/seav/ros2_ws/install/my_robot_controller/lib/pkgconfig/my_robot_controller.pc'
[36.481s] Level 1:colcon.colcon_core.environment:checking '/home/seav/ros2_ws/install/my_robot_controller/lib/python3.10/site-packages'
[36.484s] Level 1:colcon.colcon_core.shell:create_environment_hook('my_robot_controller', 'pythonpath')
[36.486s] INFO:colcon.colcon_core.shell:Creating environment hook '/home/seav/ros2_ws/install/my_robot_controller/share/my_robot_controller/hook/pythonpath.ps1'
[36.490s] INFO:colcon.colcon_core.shell:Creating environment descriptor '/home/seav/ros2_ws/install/my_robot_controller/share/my_robot_controller/hook/pythonpath.dsv'
[36.497s] INFO:colcon.colcon_core.shell:Creating environment hook '/home/seav/ros2_ws/install/my_robot_controller/share/my_robot_controller/hook/pythonpath.sh'
[36.502s] Level 1:colcon.colcon_core.environment:checking '/home/seav/ros2_ws/install/my_robot_controller/bin'
[36.502s] Level 1:colcon.colcon_core.environment:create_environment_scripts_only(my_robot_controller)
[36.505s] INFO:colcon.colcon_core.shell:Creating package script '/home/seav/ros2_ws/install/my_robot_controller/share/my_robot_controller/package.ps1'
[36.528s] INFO:colcon.colcon_core.shell:Creating package descriptor '/home/seav/ros2_ws/install/my_robot_controller/share/my_robot_controller/package.dsv'
[36.542s] INFO:colcon.colcon_core.shell:Creating package script '/home/seav/ros2_ws/install/my_robot_controller/share/my_robot_controller/package.sh'
[36.568s] INFO:colcon.colcon_core.shell:Creating package script '/home/seav/ros2_ws/install/my_robot_controller/share/my_robot_controller/package.bash'
[36.578s] INFO:colcon.colcon_core.shell:Creating package script '/home/seav/ros2_ws/install/my_robot_controller/share/my_robot_controller/package.zsh'
[36.589s] Level 1:colcon.colcon_core.environment:create_file_with_runtime_dependencies(/home/seav/ros2_ws/install/my_robot_controller/share/colcon-core/packages/my_robot_controller)
[36.668s] Level 1:colcon.colcon_core.shell:create_environment_hook('static_tf_publisher', 'pythonpath_develop')
[36.670s] DEBUG:colcon.colcon_core.event_handler.log_command:Invoked command in '/home/seav/ros2_ws/build/static_tf_publisher' returned '0': PYTHONPATH=/home/seav/ros2_ws/build/static_tf_publisher/prefix_override:/usr/lib/python3/dist-packages/colcon_core/task/python/colcon_distutils_commands:/home/seav/ros2_ws/install/static_tf_publisher/lib/python3.10/site-packages:${PYTHONPATH} /usr/bin/python3 -W ignore:setup.py install is deprecated setup.py develop --editable --build-directory /home/seav/ros2_ws/build/static_tf_publisher/build --no-deps symlink_data --force
[36.672s] INFO:colcon.colcon_core.shell:Creating environment hook '/home/seav/ros2_ws/build/static_tf_publisher/share/static_tf_publisher/hook/pythonpath_develop.ps1'
[36.676s] INFO:colcon.colcon_core.shell:Creating environment descriptor '/home/seav/ros2_ws/build/static_tf_publisher/share/static_tf_publisher/hook/pythonpath_develop.dsv'
[36.679s] INFO:colcon.colcon_core.shell:Creating environment hook '/home/seav/ros2_ws/build/static_tf_publisher/share/static_tf_publisher/hook/pythonpath_develop.sh'
[36.684s] Level 1:colcon.colcon_core.environment:checking '/home/seav/ros2_ws/install/static_tf_publisher' for CMake module files
[36.688s] Level 1:colcon.colcon_core.environment:checking '/home/seav/ros2_ws/install/static_tf_publisher' for CMake config files
[36.694s] Level 1:colcon.colcon_core.environment:checking '/home/seav/ros2_ws/install/static_tf_publisher/lib'
[36.694s] Level 1:colcon.colcon_core.environment:checking '/home/seav/ros2_ws/install/static_tf_publisher/bin'
[36.695s] Level 1:colcon.colcon_core.environment:checking '/home/seav/ros2_ws/install/static_tf_publisher/lib/pkgconfig/static_tf_publisher.pc'
[36.697s] Level 1:colcon.colcon_core.environment:checking '/home/seav/ros2_ws/install/static_tf_publisher/lib/python3.10/site-packages'
[36.697s] Level 1:colcon.colcon_core.shell:create_environment_hook('static_tf_publisher', 'pythonpath')
[36.700s] INFO:colcon.colcon_core.shell:Creating environment hook '/home/seav/ros2_ws/install/static_tf_publisher/share/static_tf_publisher/hook/pythonpath.ps1'
[36.706s] INFO:colcon.colcon_core.shell:Creating environment descriptor '/home/seav/ros2_ws/install/static_tf_publisher/share/static_tf_publisher/hook/pythonpath.dsv'
[36.709s] INFO:colcon.colcon_core.shell:Creating environment hook '/home/seav/ros2_ws/install/static_tf_publisher/share/static_tf_publisher/hook/pythonpath.sh'
[36.714s] Level 1:colcon.colcon_core.environment:checking '/home/seav/ros2_ws/install/static_tf_publisher/bin'
[36.714s] Level 1:colcon.colcon_core.environment:create_environment_scripts_only(static_tf_publisher)
[36.718s] INFO:colcon.colcon_core.shell:Creating package script '/home/seav/ros2_ws/install/static_tf_publisher/share/static_tf_publisher/package.ps1'
[36.734s] INFO:colcon.colcon_core.shell:Creating package descriptor '/home/seav/ros2_ws/install/static_tf_publisher/share/static_tf_publisher/package.dsv'
[36.740s] INFO:colcon.colcon_core.shell:Creating package script '/home/seav/ros2_ws/install/static_tf_publisher/share/static_tf_publisher/package.sh'
[36.745s] INFO:colcon.colcon_core.shell:Creating package script '/home/seav/ros2_ws/install/static_tf_publisher/share/static_tf_publisher/package.bash'
[36.750s] INFO:colcon.colcon_core.shell:Creating package script '/home/seav/ros2_ws/install/static_tf_publisher/share/static_tf_publisher/package.zsh'
[36.763s] Level 1:colcon.colcon_core.environment:create_file_with_runtime_dependencies(/home/seav/ros2_ws/install/static_tf_publisher/share/colcon-core/packages/static_tf_publisher)
[37.009s] Level 1:colcon.colcon_core.shell:create_environment_hook('seav_test_sensors', 'pythonpath_develop')
[37.033s] INFO:colcon.colcon_core.shell:Creating environment hook '/home/seav/ros2_ws/build/seav_test_sensors/share/seav_test_sensors/hook/pythonpath_develop.ps1'
[37.037s] DEBUG:colcon.colcon_core.event_handler.log_command:Invoked command in '/home/seav/ros2_ws/build/seav_test_sensors' returned '0': PYTHONPATH=/home/seav/ros2_ws/build/seav_test_sensors/prefix_override:/usr/lib/python3/dist-packages/colcon_core/task/python/colcon_distutils_commands:/home/seav/ros2_ws/install/seav_test_sensors/lib/python3.10/site-packages:${PYTHONPATH} /usr/bin/python3 -W ignore:setup.py install is deprecated setup.py develop --editable --build-directory /home/seav/ros2_ws/build/seav_test_sensors/build --no-deps symlink_data --force
[37.041s] INFO:colcon.colcon_core.shell:Creating environment descriptor '/home/seav/ros2_ws/build/seav_test_sensors/share/seav_test_sensors/hook/pythonpath_develop.dsv'
[37.045s] INFO:colcon.colcon_core.shell:Creating environment hook '/home/seav/ros2_ws/build/seav_test_sensors/share/seav_test_sensors/hook/pythonpath_develop.sh'
[37.058s] Level 1:colcon.colcon_core.environment:checking '/home/seav/ros2_ws/install/seav_test_sensors' for CMake module files
[37.062s] Level 1:colcon.colcon_core.environment:checking '/home/seav/ros2_ws/install/seav_test_sensors' for CMake config files
[37.066s] Level 1:colcon.colcon_core.environment:checking '/home/seav/ros2_ws/install/seav_test_sensors/lib'
[37.067s] Level 1:colcon.colcon_core.environment:checking '/home/seav/ros2_ws/install/seav_test_sensors/bin'
[37.068s] Level 1:colcon.colcon_core.environment:checking '/home/seav/ros2_ws/install/seav_test_sensors/lib/pkgconfig/seav_test_sensors.pc'
[37.069s] Level 1:colcon.colcon_core.environment:checking '/home/seav/ros2_ws/install/seav_test_sensors/lib/python3.10/site-packages'
[37.069s] Level 1:colcon.colcon_core.shell:create_environment_hook('seav_test_sensors', 'pythonpath')
[37.070s] INFO:colcon.colcon_core.shell:Creating environment hook '/home/seav/ros2_ws/install/seav_test_sensors/share/seav_test_sensors/hook/pythonpath.ps1'
[37.073s] INFO:colcon.colcon_core.shell:Creating environment descriptor '/home/seav/ros2_ws/install/seav_test_sensors/share/seav_test_sensors/hook/pythonpath.dsv'
[37.086s] INFO:colcon.colcon_core.shell:Creating environment hook '/home/seav/ros2_ws/install/seav_test_sensors/share/seav_test_sensors/hook/pythonpath.sh'
[37.091s] Level 1:colcon.colcon_core.environment:checking '/home/seav/ros2_ws/install/seav_test_sensors/bin'
[37.092s] Level 1:colcon.colcon_core.environment:create_environment_scripts_only(seav_test_sensors)
[37.095s] INFO:colcon.colcon_core.shell:Creating package script '/home/seav/ros2_ws/install/seav_test_sensors/share/seav_test_sensors/package.ps1'
[37.099s] INFO:colcon.colcon_core.shell:Creating package descriptor '/home/seav/ros2_ws/install/seav_test_sensors/share/seav_test_sensors/package.dsv'
[37.103s] INFO:colcon.colcon_core.shell:Creating package script '/home/seav/ros2_ws/install/seav_test_sensors/share/seav_test_sensors/package.sh'
[37.106s] INFO:colcon.colcon_core.shell:Creating package script '/home/seav/ros2_ws/install/seav_test_sensors/share/seav_test_sensors/package.bash'
[37.109s] INFO:colcon.colcon_core.shell:Creating package script '/home/seav/ros2_ws/install/seav_test_sensors/share/seav_test_sensors/package.zsh'
[37.111s] Level 1:colcon.colcon_core.environment:create_file_with_runtime_dependencies(/home/seav/ros2_ws/install/seav_test_sensors/share/colcon-core/packages/seav_test_sensors)
[41.247s] DEBUG:colcon.colcon_core.event_handler.log_command:Invoked command in '/home/seav/ros2_ws/build/rplidar_ros' returned '0': CMAKE_PREFIX_PATH=${CMAKE_PREFIX_PATH}:/home/seav/ros2_ws/install/static_tf_publisher:/home/seav/ros2_ws/install/seav_test_sensors:/opt/ros/humble /usr/bin/cmake --build /home/seav/ros2_ws/build/rplidar_ros -- -j4 -l4
[42.273s] DEBUG:colcon.colcon_core.event_handler.log_command:Invoking command in '/home/seav/ros2_ws/build/rplidar_ros': CMAKE_PREFIX_PATH=${CMAKE_PREFIX_PATH}:/home/seav/ros2_ws/install/static_tf_publisher:/home/seav/ros2_ws/install/seav_test_sensors:/opt/ros/humble /usr/bin/cmake --install /home/seav/ros2_ws/build/rplidar_ros
[45.393s] Level 1:colcon.colcon_core.environment:create_environment_scripts_only(rplidar_ros)
[45.394s] Level 1:colcon.colcon_core.environment:checking '/home/seav/ros2_ws/install/rplidar_ros' for CMake module files
[45.397s] DEBUG:colcon.colcon_core.event_handler.log_command:Invoked command in '/home/seav/ros2_ws/build/rplidar_ros' returned '0': CMAKE_PREFIX_PATH=${CMAKE_PREFIX_PATH}:/home/seav/ros2_ws/install/static_tf_publisher:/home/seav/ros2_ws/install/seav_test_sensors:/opt/ros/humble /usr/bin/cmake --install /home/seav/ros2_ws/build/rplidar_ros
[45.401s] Level 1:colcon.colcon_core.environment:checking '/home/seav/ros2_ws/install/rplidar_ros' for CMake config files
[45.408s] Level 1:colcon.colcon_core.shell:create_environment_hook('rplidar_ros', 'cmake_prefix_path')
[45.409s] INFO:colcon.colcon_core.shell:Creating environment hook '/home/seav/ros2_ws/install/rplidar_ros/share/rplidar_ros/hook/cmake_prefix_path.ps1'
[45.412s] INFO:colcon.colcon_core.shell:Creating environment descriptor '/home/seav/ros2_ws/install/rplidar_ros/share/rplidar_ros/hook/cmake_prefix_path.dsv'
[45.414s] INFO:colcon.colcon_core.shell:Creating environment hook '/home/seav/ros2_ws/install/rplidar_ros/share/rplidar_ros/hook/cmake_prefix_path.sh'
[45.419s] Level 1:colcon.colcon_core.environment:checking '/home/seav/ros2_ws/install/rplidar_ros/lib'
[45.420s] Level 1:colcon.colcon_core.environment:checking '/home/seav/ros2_ws/install/rplidar_ros/bin'
[45.421s] Level 1:colcon.colcon_core.environment:checking '/home/seav/ros2_ws/install/rplidar_ros/lib/pkgconfig/rplidar_ros.pc'
[45.422s] Level 1:colcon.colcon_core.environment:checking '/home/seav/ros2_ws/install/rplidar_ros/lib/python3.10/site-packages'
[45.423s] Level 1:colcon.colcon_core.environment:checking '/home/seav/ros2_ws/install/rplidar_ros/bin'
[45.425s] INFO:colcon.colcon_core.shell:Creating package script '/home/seav/ros2_ws/install/rplidar_ros/share/rplidar_ros/package.ps1'
[45.429s] INFO:colcon.colcon_core.shell:Creating package descriptor '/home/seav/ros2_ws/install/rplidar_ros/share/rplidar_ros/package.dsv'
[45.432s] INFO:colcon.colcon_core.shell:Creating package script '/home/seav/ros2_ws/install/rplidar_ros/share/rplidar_ros/package.sh'
[45.435s] INFO:colcon.colcon_core.shell:Creating package script '/home/seav/ros2_ws/install/rplidar_ros/share/rplidar_ros/package.bash'
[45.438s] INFO:colcon.colcon_core.shell:Creating package script '/home/seav/ros2_ws/install/rplidar_ros/share/rplidar_ros/package.zsh'
[45.440s] Level 1:colcon.colcon_core.environment:create_file_with_runtime_dependencies(/home/seav/ros2_ws/install/rplidar_ros/share/colcon-core/packages/rplidar_ros)
[46.301s] Level 1:colcon.colcon_core.environment:create_environment_scripts_only(rplidar_ros)
[46.305s] Level 1:colcon.colcon_core.environment:checking '/home/seav/ros2_ws/install/rplidar_ros' for CMake module files
[46.312s] Level 1:colcon.colcon_core.environment:checking '/home/seav/ros2_ws/install/rplidar_ros' for CMake config files
[46.320s] Level 1:colcon.colcon_core.shell:create_environment_hook('rplidar_ros', 'cmake_prefix_path')
[46.323s] INFO:colcon.colcon_core.shell:Creating environment hook '/home/seav/ros2_ws/install/rplidar_ros/share/rplidar_ros/hook/cmake_prefix_path.ps1'
[46.330s] INFO:colcon.colcon_core.shell:Creating environment descriptor '/home/seav/ros2_ws/install/rplidar_ros/share/rplidar_ros/hook/cmake_prefix_path.dsv'
[46.338s] INFO:colcon.colcon_core.shell:Creating environment hook '/home/seav/ros2_ws/install/rplidar_ros/share/rplidar_ros/hook/cmake_prefix_path.sh'
[46.346s] Level 1:colcon.colcon_core.environment:checking '/home/seav/ros2_ws/install/rplidar_ros/lib'
[46.347s] Level 1:colcon.colcon_core.environment:checking '/home/seav/ros2_ws/install/rplidar_ros/bin'
[46.349s] Level 1:colcon.colcon_core.environment:checking '/home/seav/ros2_ws/install/rplidar_ros/lib/pkgconfig/rplidar_ros.pc'
[46.352s] Level 1:colcon.colcon_core.environment:checking '/home/seav/ros2_ws/install/rplidar_ros/lib/python3.10/site-packages'
[46.354s] Level 1:colcon.colcon_core.environment:checking '/home/seav/ros2_ws/install/rplidar_ros/bin'
[46.361s] INFO:colcon.colcon_core.shell:Creating package script '/home/seav/ros2_ws/install/rplidar_ros/share/rplidar_ros/package.ps1'
[46.367s] INFO:colcon.colcon_core.shell:Creating package descriptor '/home/seav/ros2_ws/install/rplidar_ros/share/rplidar_ros/package.dsv'
[46.374s] INFO:colcon.colcon_core.shell:Creating package script '/home/seav/ros2_ws/install/rplidar_ros/share/rplidar_ros/package.sh'
[46.380s] INFO:colcon.colcon_core.shell:Creating package script '/home/seav/ros2_ws/install/rplidar_ros/share/rplidar_ros/package.bash'
[46.383s] INFO:colcon.colcon_core.shell:Creating package script '/home/seav/ros2_ws/install/rplidar_ros/share/rplidar_ros/package.zsh'
[46.387s] Level 1:colcon.colcon_core.environment:create_file_with_runtime_dependencies(/home/seav/ros2_ws/install/rplidar_ros/share/colcon-core/packages/rplidar_ros)
[46.389s] DEBUG:colcon.colcon_parallel_executor.executor.parallel:closing loop
[46.390s] DEBUG:colcon.colcon_parallel_executor.executor.parallel:loop closed
[46.391s] DEBUG:colcon.colcon_parallel_executor.executor.parallel:run_until_complete finished with '0'
[46.393s] DEBUG:colcon.colcon_core.event_reactor:joining thread
[46.497s] INFO:colcon.colcon_core.plugin_system:Skipping extension 'colcon_notification.desktop_notification.terminal_notifier': Not used on non-Darwin systems
[46.498s] INFO:colcon.colcon_core.plugin_system:Skipping extension 'colcon_notification.desktop_notification.win32': Not used on non-Windows systems
[46.499s] INFO:colcon.colcon_notification.desktop_notification:Sending desktop notification using 'notify2'
[46.602s] DEBUG:colcon.colcon_core.event_reactor:joined thread
[46.604s] INFO:colcon.colcon_core.shell:Creating prefix script '/home/seav/ros2_ws/install/local_setup.ps1'
[46.610s] INFO:colcon.colcon_core.shell:Creating prefix util module '/home/seav/ros2_ws/install/_local_setup_util_ps1.py'
[46.619s] INFO:colcon.colcon_core.shell:Creating prefix chain script '/home/seav/ros2_ws/install/setup.ps1'
[46.626s] INFO:colcon.colcon_core.shell:Creating prefix script '/home/seav/ros2_ws/install/local_setup.sh'
[46.629s] INFO:colcon.colcon_core.shell:Creating prefix util module '/home/seav/ros2_ws/install/_local_setup_util_sh.py'
[46.633s] INFO:colcon.colcon_core.shell:Creating prefix chain script '/home/seav/ros2_ws/install/setup.sh'
[46.639s] INFO:colcon.colcon_core.shell:Creating prefix script '/home/seav/ros2_ws/install/local_setup.bash'
[46.645s] INFO:colcon.colcon_core.shell:Creating prefix chain script '/home/seav/ros2_ws/install/setup.bash'
[46.652s] INFO:colcon.colcon_core.shell:Creating prefix script '/home/seav/ros2_ws/install/local_setup.zsh'
[46.655s] INFO:colcon.colcon_core.shell:Creating prefix chain script '/home/seav/ros2_ws/install/setup.zsh'
