[14.844s] Invoking command in '/home/seav/ros2_ws/src/static_tf_publisher': PYTHONPATH=/home/seav/ros2_ws/build/static_tf_publisher/prefix_override:/usr/lib/python3/dist-packages/colcon_core/task/python/colcon_distutils_commands:/home/seav/ros2_ws/install/static_tf_publisher/lib/python3.10/site-packages:${PYTHONPATH} /usr/bin/python3 -W ignore:setup.py install is deprecated setup.py egg_info --egg-base ../../build/static_tf_publisher build --build-base /home/seav/ros2_ws/build/static_tf_publisher/build install --record /home/seav/ros2_ws/build/static_tf_publisher/install.log --single-version-externally-managed install_data
[19.842s] running egg_info
[19.851s] creating ../../build/static_tf_publisher/static_tf_publisher.egg-info
[19.860s] writing ../../build/static_tf_publisher/static_tf_publisher.egg-info/PKG-INFO
[19.862s] writing dependency_links to ../../build/static_tf_publisher/static_tf_publisher.egg-info/dependency_links.txt
[19.864s] writing entry points to ../../build/static_tf_publisher/static_tf_publisher.egg-info/entry_points.txt
[19.869s] writing requirements to ../../build/static_tf_publisher/static_tf_publisher.egg-info/requires.txt
[19.870s] writing top-level names to ../../build/static_tf_publisher/static_tf_publisher.egg-info/top_level.txt
[19.871s] writing manifest file '../../build/static_tf_publisher/static_tf_publisher.egg-info/SOURCES.txt'
[19.893s] reading manifest file '../../build/static_tf_publisher/static_tf_publisher.egg-info/SOURCES.txt'
[19.906s] writing manifest file '../../build/static_tf_publisher/static_tf_publisher.egg-info/SOURCES.txt'
[19.915s] running build
[19.917s] running build_py
[19.919s] creating /home/seav/ros2_ws/build/static_tf_publisher/build
[19.920s] creating /home/seav/ros2_ws/build/static_tf_publisher/build/lib
[19.921s] creating /home/seav/ros2_ws/build/static_tf_publisher/build/lib/static_tf_publisher
[19.922s] copying static_tf_publisher/__init__.py -> /home/seav/ros2_ws/build/static_tf_publisher/build/lib/static_tf_publisher
[19.936s] running install
[19.938s] running install_lib
[19.960s] creating /home/seav/ros2_ws/install/static_tf_publisher/lib/python3.10/site-packages/static_tf_publisher
[19.963s] copying /home/seav/ros2_ws/build/static_tf_publisher/build/lib/static_tf_publisher/__init__.py -> /home/seav/ros2_ws/install/static_tf_publisher/lib/python3.10/site-packages/static_tf_publisher
[19.972s] byte-compiling /home/seav/ros2_ws/install/static_tf_publisher/lib/python3.10/site-packages/static_tf_publisher/__init__.py to __init__.cpython-310.pyc
[19.976s] running install_data
[19.978s] creating /home/seav/ros2_ws/install/static_tf_publisher/share/ament_index
[19.980s] creating /home/seav/ros2_ws/install/static_tf_publisher/share/ament_index/resource_index
[19.981s] creating /home/seav/ros2_ws/install/static_tf_publisher/share/ament_index/resource_index/packages
[19.996s] copying resource/static_tf_publisher -> /home/seav/ros2_ws/install/static_tf_publisher/share/ament_index/resource_index/packages
[20.001s] copying package.xml -> /home/seav/ros2_ws/install/static_tf_publisher/share/static_tf_publisher
[20.039s] creating /home/seav/ros2_ws/install/static_tf_publisher/share/static_tf_publisher/launch
[20.045s] copying launch/static_tf_launch.py -> /home/seav/ros2_ws/install/static_tf_publisher/share/static_tf_publisher/launch
[20.057s] running install_egg_info
[20.078s] Copying ../../build/static_tf_publisher/static_tf_publisher.egg-info to /home/seav/ros2_ws/install/static_tf_publisher/lib/python3.10/site-packages/static_tf_publisher-0.0.0-py3.10.egg-info
[20.133s] running install_scripts
[20.538s] writing list of installed files to '/home/seav/ros2_ws/build/static_tf_publisher/install.log'
[20.929s] Invoked command in '/home/seav/ros2_ws/src/static_tf_publisher' returned '0': PYTHONPATH=/home/seav/ros2_ws/build/static_tf_publisher/prefix_override:/usr/lib/python3/dist-packages/colcon_core/task/python/colcon_distutils_commands:/home/seav/ros2_ws/install/static_tf_publisher/lib/python3.10/site-packages:${PYTHONPATH} /usr/bin/python3 -W ignore:setup.py install is deprecated setup.py egg_info --egg-base ../../build/static_tf_publisher build --build-base /home/seav/ros2_ws/build/static_tf_publisher/build install --record /home/seav/ros2_ws/build/static_tf_publisher/install.log --single-version-externally-managed install_data
