[5.884s] Invoking command in '/home/seav/ros2_ws/src/static_tf_publisher': PYTHONPATH=/home/seav/ros2_ws/build/static_tf_publisher/prefix_override:/usr/lib/python3/dist-packages/colcon_core/task/python/colcon_distutils_commands:/home/seav/ros2_ws/install/static_tf_publisher/lib/python3.10/site-packages:${PYTHONPATH} /usr/bin/python3 -W ignore:setup.py install is deprecated setup.py egg_info --egg-base ../../build/static_tf_publisher build --build-base /home/seav/ros2_ws/build/static_tf_publisher/build install --record /home/seav/ros2_ws/build/static_tf_publisher/install.log --single-version-externally-managed install_data
[7.502s] running egg_info
[7.506s] writing ../../build/static_tf_publisher/static_tf_publisher.egg-info/PKG-INFO
[7.507s] writing dependency_links to ../../build/static_tf_publisher/static_tf_publisher.egg-info/dependency_links.txt
[7.509s] writing entry points to ../../build/static_tf_publisher/static_tf_publisher.egg-info/entry_points.txt
[7.510s] writing requirements to ../../build/static_tf_publisher/static_tf_publisher.egg-info/requires.txt
[7.511s] writing top-level names to ../../build/static_tf_publisher/static_tf_publisher.egg-info/top_level.txt
[7.520s] reading manifest file '../../build/static_tf_publisher/static_tf_publisher.egg-info/SOURCES.txt'
[7.526s] writing manifest file '../../build/static_tf_publisher/static_tf_publisher.egg-info/SOURCES.txt'
[7.526s] running build
[7.527s] running build_py
[7.534s] running install
[7.536s] running install_lib
[7.542s] running install_data
[7.543s] running install_egg_info
[7.553s] removing '/home/seav/ros2_ws/install/static_tf_publisher/lib/python3.10/site-packages/static_tf_publisher-0.0.0-py3.10.egg-info' (and everything under it)
[7.556s] Copying ../../build/static_tf_publisher/static_tf_publisher.egg-info to /home/seav/ros2_ws/install/static_tf_publisher/lib/python3.10/site-packages/static_tf_publisher-0.0.0-py3.10.egg-info
[7.565s] running install_scripts
[7.669s] writing list of installed files to '/home/seav/ros2_ws/build/static_tf_publisher/install.log'
[7.848s] Invoked command in '/home/seav/ros2_ws/src/static_tf_publisher' returned '0': PYTHONPATH=/home/seav/ros2_ws/build/static_tf_publisher/prefix_override:/usr/lib/python3/dist-packages/colcon_core/task/python/colcon_distutils_commands:/home/seav/ros2_ws/install/static_tf_publisher/lib/python3.10/site-packages:${PYTHONPATH} /usr/bin/python3 -W ignore:setup.py install is deprecated setup.py egg_info --egg-base ../../build/static_tf_publisher build --build-base /home/seav/ros2_ws/build/static_tf_publisher/build install --record /home/seav/ros2_ws/build/static_tf_publisher/install.log --single-version-externally-managed install_data
