[0.135s] Invoking command in '/home/seav/ros2_ws/build/rplidar_ros': CMAKE_PREFIX_PATH=${CMAKE_PREFIX_PATH}:/home/seav/ros2_ws/install/static_tf_publisher:/home/seav/ros2_ws/install/seav_test_sensors:/opt/ros/humble /usr/bin/cmake /home/seav/ros2_ws/src/rplidar_ros -DCMAKE_INSTALL_PREFIX=/home/seav/ros2_ws/install/rplidar_ros
[0.658s] -- The C compiler identification is GNU 11.4.0
[1.069s] -- The CXX compiler identification is GNU 11.4.0
[1.113s] -- Detecting C compiler ABI info
[1.591s] -- Detecting C compiler ABI info - done
[1.638s] -- Check for working C compiler: /usr/bin/cc - skipped
[1.641s] -- Detecting C compile features
[1.644s] -- Detecting C compile features - done
[1.662s] -- Detecting CXX compiler ABI info
[2.243s] -- Detecting CXX compiler ABI info - done
[2.282s] -- Check for working CXX compiler: /usr/bin/c++ - skipped
[2.284s] -- Detecting CXX compile features
[2.290s] -- Detecting CXX compile features - done
[2.361s] -- Found ament_cmake: 1.3.10 (/opt/ros/humble/share/ament_cmake/cmake)
[3.596s] -- Found Python3: /usr/bin/python3 (found version "3.10.12") found components: Interpreter 
[4.524s] -- Found rclcpp: 16.0.10 (/opt/ros/humble/share/rclcpp/cmake)
[5.409s] -- Found rosidl_generator_c: 3.1.5 (/opt/ros/humble/share/rosidl_generator_c/cmake)
[5.502s] -- Found rosidl_adapter: 3.1.5 (/opt/ros/humble/share/rosidl_adapter/cmake)
[5.626s] -- Found rosidl_generator_cpp: 3.1.5 (/opt/ros/humble/share/rosidl_generator_cpp/cmake)
[5.750s] -- Using all available rosidl_typesupport_c: rosidl_typesupport_fastrtps_c;rosidl_typesupport_introspection_c
[5.928s] -- Using all available rosidl_typesupport_cpp: rosidl_typesupport_fastrtps_cpp;rosidl_typesupport_introspection_cpp
[6.440s] -- Found rmw_implementation_cmake: 6.1.2 (/opt/ros/humble/share/rmw_implementation_cmake/cmake)
[6.480s] -- Found rmw_fastrtps_cpp: 6.2.7 (/opt/ros/humble/share/rmw_fastrtps_cpp/cmake)
[7.312s] -- Found OpenSSL: /usr/lib/aarch64-linux-gnu/libcrypto.so (found version "3.0.2")  
[7.660s] -- Found FastRTPS: /opt/ros/humble/include  
[8.210s] -- Using RMW implementation 'rmw_fastrtps_cpp' as default
[8.327s] -- Looking for pthread.h
[8.788s] -- Looking for pthread.h - found
[8.792s] -- Performing Test CMAKE_HAVE_LIBC_PTHREAD
[9.237s] -- Performing Test CMAKE_HAVE_LIBC_PTHREAD - Success
[9.242s] -- Found Threads: TRUE  
[9.698s] -- Found sensor_msgs: 4.2.4 (/opt/ros/humble/share/sensor_msgs/cmake)
[9.945s] -- Found std_srvs: 4.2.4 (/opt/ros/humble/share/std_srvs/cmake)
[10.434s] -- Configuring done
[10.565s] -- Generating done
[10.574s] -- Build files have been written to: /home/seav/ros2_ws/build/rplidar_ros
