[10.853s] Invoking command in '/home/seav/ros2_ws/src/static_tf_publisher': PYTHONPATH=/home/seav/ros2_ws/build/static_tf_publisher/prefix_override:/usr/lib/python3/dist-packages/colcon_core/task/python/colcon_distutils_commands:/home/seav/ros2_ws/install/static_tf_publisher/lib/python3.10/site-packages:${PYTHONPATH} /usr/bin/python3 -W ignore:setup.py install is deprecated setup.py egg_info --egg-base ../../build/static_tf_publisher build --build-base /home/seav/ros2_ws/build/static_tf_publisher/build install --record /home/seav/ros2_ws/build/static_tf_publisher/install.log --single-version-externally-managed install_data
[13.571s] running egg_info
[13.582s] writing ../../build/static_tf_publisher/static_tf_publisher.egg-info/PKG-INFO
[13.591s] writing dependency_links to ../../build/static_tf_publisher/static_tf_publisher.egg-info/dependency_links.txt
[13.594s] writing entry points to ../../build/static_tf_publisher/static_tf_publisher.egg-info/entry_points.txt
[13.596s] writing requirements to ../../build/static_tf_publisher/static_tf_publisher.egg-info/requires.txt
[13.602s] writing top-level names to ../../build/static_tf_publisher/static_tf_publisher.egg-info/top_level.txt
[13.623s] reading manifest file '../../build/static_tf_publisher/static_tf_publisher.egg-info/SOURCES.txt'
[13.638s] writing manifest file '../../build/static_tf_publisher/static_tf_publisher.egg-info/SOURCES.txt'
[13.642s] running build
[13.645s] running build_py
[13.661s] running install
[13.664s] running install_lib
[13.679s] running install_data
[13.686s] running install_egg_info
[13.708s] removing '/home/seav/ros2_ws/install/static_tf_publisher/lib/python3.10/site-packages/static_tf_publisher-0.0.0-py3.10.egg-info' (and everything under it)
[13.709s] Copying ../../build/static_tf_publisher/static_tf_publisher.egg-info to /home/seav/ros2_ws/install/static_tf_publisher/lib/python3.10/site-packages/static_tf_publisher-0.0.0-py3.10.egg-info
[13.728s] running install_scripts
[13.954s] writing list of installed files to '/home/seav/ros2_ws/build/static_tf_publisher/install.log'
[14.272s] Invoked command in '/home/seav/ros2_ws/src/static_tf_publisher' returned '0': PYTHONPATH=/home/seav/ros2_ws/build/static_tf_publisher/prefix_override:/usr/lib/python3/dist-packages/colcon_core/task/python/colcon_distutils_commands:/home/seav/ros2_ws/install/static_tf_publisher/lib/python3.10/site-packages:${PYTHONPATH} /usr/bin/python3 -W ignore:setup.py install is deprecated setup.py egg_info --egg-base ../../build/static_tf_publisher build --build-base /home/seav/ros2_ws/build/static_tf_publisher/build install --record /home/seav/ros2_ws/build/static_tf_publisher/install.log --single-version-externally-managed install_data
